### PMF ###

===Configuration===
lambda_u=0.100000, lambda_v=0.100000

Tr:Training, Val:Validation, Te:Test, []: [MAE, MSE, RMSE]
0 iteration	(patience: 0)
Loss: -79.15147 Elpased: 0.0764s Converge: -1.000000 Tr: [0.13296, 0.03604, 0.18985] Val: [0.16317, 0.04508, 0.21232] Te: [0.15180, 0.03325, 0.18234]
1 iteration	(patience: 0)
Loss: -43.79472 Elpased: 0.0731s Converge: 0.446697 Tr: [0.07107, 0.00795, 0.08914] Val: [0.17760, 0.07431, 0.27260] Te: [0.17778, 0.05757, 0.23994]
2 iteration	(patience: 1)
Loss: -36.36219 Elpased: 0.0792s Converge: 0.169713 Tr: [0.05723, 0.00484, 0.06955] Val: [0.17269, 0.07663, 0.27682] Te: [0.18635, 0.07115, 0.26674]
3 iteration	(patience: 2)
Loss: -32.04229 Elpased: 0.0743s Converge: 0.118802 Tr: [0.04917, 0.00349, 0.05908] Val: [0.16590, 0.07627, 0.27617] Te: [0.18722, 0.07697, 0.27743]
4 iteration	(patience: 2)
Loss: -29.11782 Elpased: 0.0856s Converge: 0.091269 Tr: [0.04358, 0.00272, 0.05212] Val: [0.15831, 0.07377, 0.27161] Te: [0.18269, 0.07773, 0.27881]
5 iteration	(patience: 2)
Loss: -26.99910 Elpased: 0.0729s Converge: 0.072764 Tr: [0.03942, 0.00222, 0.04708] Val: [0.15051, 0.06991, 0.26441] Te: [0.17555, 0.07588, 0.27547]
6 iteration	(patience: 2)
Loss: -25.39809 Elpased: 0.0738s Converge: 0.059298 Tr: [0.03623, 0.00187, 0.04326] Val: [0.14270, 0.06535, 0.25563] Te: [0.16748, 0.07286, 0.26993]
7 iteration	(patience: 2)
Loss: -24.15143 Elpased: 0.0741s Converge: 0.049085 Tr: [0.03371, 0.00162, 0.04028] Val: [0.13523, 0.06056, 0.24609] Te: [0.15936, 0.06944, 0.26351]
8 iteration	(patience: 2)
Loss: -23.15731 Elpased: 0.0729s Converge: 0.041162 Tr: [0.03164, 0.00144, 0.03791] Val: [0.12821, 0.05585, 0.23633] Te: [0.15159, 0.06600, 0.25690]
9 iteration	(patience: 2)
Loss: -22.34829 Elpased: 0.0750s Converge: 0.034936 Tr: [0.02993, 0.00130, 0.03599] Val: [0.12148, 0.05139, 0.22669] Te: [0.14468, 0.06272, 0.25043]
10 iteration	(patience: 2)
Loss: -21.67827 Elpased: 0.0782s Converge: 0.029981 Tr: [0.02847, 0.00118, 0.03441] Val: [0.11507, 0.04727, 0.21742] Te: [0.13841, 0.05967, 0.24427]
11 iteration	(patience: 2)
Loss: -21.11517 Elpased: 0.0749s Converge: 0.025975 Tr: [0.02721, 0.00110, 0.03310] Val: [0.10897, 0.04356, 0.20872] Te: [0.13259, 0.05688, 0.23850]
12 iteration	(patience: 2)
Loss: -20.63631 Elpased: 0.0790s Converge: 0.022679 Tr: [0.02612, 0.00102, 0.03200] Val: [0.10321, 0.04030, 0.20075] Te: [0.12724, 0.05438, 0.23319]
13 iteration	(patience: 2)
Loss: -20.22521 Elpased: 0.0749s Converge: 0.019921 Tr: [0.02516, 0.00096, 0.03105] Val: [0.09780, 0.03751, 0.19366] Te: [0.12232, 0.05217, 0.22840]
14 iteration	(patience: 2)
Loss: -19.86961 Elpased: 0.0741s Converge: 0.017582 Tr: [0.02431, 0.00091, 0.03024] Val: [0.09279, 0.03518, 0.18756] Te: [0.11809, 0.05024, 0.22414]
15 iteration	(patience: 2)
Loss: -19.56014 Elpased: 0.0749s Converge: 0.015575 Tr: [0.02355, 0.00087, 0.02953] Val: [0.08823, 0.03330, 0.18247] Te: [0.11423, 0.04857, 0.22039]
16 iteration	(patience: 2)
Loss: -19.28944 Elpased: 0.0724s Converge: 0.013840 Tr: [0.02286, 0.00084, 0.02891] Val: [0.08413, 0.03182, 0.17837] Te: [0.11073, 0.04714, 0.21711]
17 iteration	(patience: 2)
Loss: -19.05158 Elpased: 0.0746s Converge: 0.012331 Tr: [0.02225, 0.00080, 0.02837] Val: [0.08052, 0.03068, 0.17516] Te: [0.10754, 0.04590, 0.21423]
18 iteration	(patience: 2)
Loss: -18.84177 Elpased: 0.0753s Converge: 0.011013 Tr: [0.02169, 0.00078, 0.02789] Val: [0.07737, 0.02984, 0.17273] Te: [0.10463, 0.04481, 0.21169]
19 iteration	(patience: 2)
Loss: -18.65608 Elpased: 0.0728s Converge: 0.009855 Tr: [0.02119, 0.00075, 0.02746] Val: [0.07461, 0.02923, 0.17096] Te: [0.10199, 0.04386, 0.20942]
20 iteration	(patience: 2)
Loss: -18.49127 Elpased: 0.0717s Converge: 0.008834 Tr: [0.02073, 0.00073, 0.02708] Val: [0.07225, 0.02881, 0.16973] Te: [0.09961, 0.04299, 0.20735]
21 iteration	(patience: 2)
Loss: -18.34465 Elpased: 0.0755s Converge: 0.007929 Tr: [0.02031, 0.00071, 0.02673] Val: [0.07026, 0.02854, 0.16894] Te: [0.09747, 0.04220, 0.20543]
22 iteration	(patience: 2)
Loss: -18.21394 Elpased: 0.0739s Converge: 0.007125 Tr: [0.01994, 0.00070, 0.02643] Val: [0.06857, 0.02839, 0.16851] Te: [0.09551, 0.04146, 0.20362]
23 iteration	(patience: 2)
Loss: -18.09720 Elpased: 0.0779s Converge: 0.006409 Tr: [0.01959, 0.00068, 0.02615] Val: [0.06711, 0.02834, 0.16835] Te: [0.09371, 0.04076, 0.20188]
24 iteration	(patience: 2)
Loss: -17.99275 Elpased: 0.1020s Converge: 0.005772 Tr: [0.01928, 0.00067, 0.02590] Val: [0.06586, 0.02836, 0.16841] Te: [0.09203, 0.04008, 0.20019]
### DRMF-Item-CNN ###

===Configuration===
lambda_u=10.000000, lambda_v=1.000000
maxlen_doc=[1,0], maxlen_sent=[1,0]
emb_dim=1, dimension=193, num_kernel_per_ws=100, dropout_rate=0.20, gru_outdim=50

Tr:Training, Val:Validation, Te:Test, []: [MAE, MSE, RMSE]
0 iteration	(patience: 0)
Loss: -121.75809 Elpased: 0.4947s Converge: -1.000000 Tr: [0.21683, 0.09930, 0.31512] Val: [0.23727, 0.12601, 0.35498] Te: [0.20137, 0.09398, 0.30657]
1 iteration	(patience: 0)
Loss: -93.64482 Elpased: 0.4797s Converge: 0.230894 Tr: [0.13914, 0.04534, 0.21293] Val: [0.15743, 0.05147, 0.22688] Te: [0.13739, 0.03915, 0.19785]
2 iteration	(patience: 0)
Loss: -81.40168 Elpased: 0.4900s Converge: 0.130740 Tr: [0.12189, 0.03407, 0.18458] Val: [0.13562, 0.03740, 0.19339] Te: [0.12288, 0.02869, 0.16939]
3 iteration	(patience: 0)
Loss: -73.25856 Elpased: 0.4812s Converge: 0.100036 Tr: [0.11168, 0.02777, 0.16665] Val: [0.12387, 0.03000, 0.17321] Te: [0.11256, 0.02301, 0.15168]
4 iteration	(patience: 0)
Loss: -67.23193 Elpased: 0.4948s Converge: 0.082265 Tr: [0.10433, 0.02363, 0.15371] Val: [0.11625, 0.02521, 0.15878] Te: [0.10445, 0.01952, 0.13972]
5 iteration	(patience: 0)
Loss: -62.51179 Elpased: 0.4825s Converge: 0.070207 Tr: [0.09857, 0.02071, 0.14392] Val: [0.11002, 0.02184, 0.14777] Te: [0.09818, 0.01730, 0.13153]
6 iteration	(patience: 0)
Loss: -58.67815 Elpased: 0.4886s Converge: 0.061327 Tr: [0.09388, 0.01857, 0.13628] Val: [0.10470, 0.01936, 0.13913] Te: [0.09318, 0.01584, 0.12584]
7 iteration	(patience: 0)
Loss: -55.48161 Elpased: 0.4777s Converge: 0.054476 Tr: [0.08993, 0.01694, 0.13016] Val: [0.10017, 0.01748, 0.13219] Te: [0.08887, 0.01483, 0.12178]
8 iteration	(patience: 0)
Loss: -52.76168 Elpased: 0.4934s Converge: 0.049024 Tr: [0.08651, 0.01565, 0.12511] Val: [0.09634, 0.01601, 0.12653] Te: [0.08514, 0.01411, 0.11879]
9 iteration	(patience: 0)
Loss: -50.40939 Elpased: 0.4843s Converge: 0.044583 Tr: [0.08351, 0.01461, 0.12086] Val: [0.09297, 0.01485, 0.12184] Te: [0.08186, 0.01358, 0.11654]
10 iteration	(patience: 0)
Loss: -48.34772 Elpased: 0.4902s Converge: 0.040898 Tr: [0.08085, 0.01374, 0.11720] Val: [0.08996, 0.01390, 0.11790] Te: [0.07949, 0.01317, 0.11478]
11 iteration	(patience: 0)
Loss: -46.52052 Elpased: 0.4868s Converge: 0.037793 Tr: [0.07849, 0.01300, 0.11401] Val: [0.08727, 0.01312, 0.11454] Te: [0.07756, 0.01285, 0.11336]
12 iteration	(patience: 0)
Loss: -44.88574 Elpased: 0.4863s Converge: 0.035141 Tr: [0.07636, 0.01236, 0.11119] Val: [0.08483, 0.01247, 0.11166] Te: [0.07600, 0.01259, 0.11220]
13 iteration	(patience: 0)
Loss: -43.41124 Elpased: 0.4840s Converge: 0.032850 Tr: [0.07443, 0.01181, 0.10865] Val: [0.08273, 0.01191, 0.10914] Te: [0.07459, 0.01237, 0.11122]
14 iteration	(patience: 0)
Loss: -42.07195 Elpased: 0.4848s Converge: 0.030851 Tr: [0.07265, 0.01131, 0.10636] Val: [0.08083, 0.01143, 0.10693] Te: [0.07331, 0.01218, 0.11037]
15 iteration	(patience: 0)
Loss: -40.84801 Elpased: 0.6148s Converge: 0.029091 Tr: [0.07102, 0.01087, 0.10427] Val: [0.07907, 0.01102, 0.10498] Te: [0.07222, 0.01202, 0.10963]
16 iteration	(patience: 0)
Loss: -39.72348 Elpased: 0.4912s Converge: 0.027530 Tr: [0.06950, 0.01047, 0.10234] Val: [0.07744, 0.01066, 0.10324] Te: [0.07134, 0.01187, 0.10897]
17 iteration	(patience: 0)
Loss: -38.68534 Elpased: 0.5383s Converge: 0.026134 Tr: [0.06808, 0.01011, 0.10056] Val: [0.07594, 0.01034, 0.10167] Te: [0.07053, 0.01175, 0.10838]
18 iteration	(patience: 0)
Loss: -37.72290 Elpased: 0.5597s Converge: 0.024879 Tr: [0.06673, 0.00978, 0.09891] Val: [0.07455, 0.01005, 0.10025] Te: [0.06976, 0.01163, 0.10784]
19 iteration	(patience: 0)
Loss: -36.82725 Elpased: 0.6623s Converge: 0.023743 Tr: [0.06547, 0.00948, 0.09736] Val: [0.07325, 0.00979, 0.09896] Te: [0.06904, 0.01152, 0.10735]
20 iteration	(patience: 0)
Loss: -35.99092 Elpased: 0.6285s Converge: 0.022710 Tr: [0.06427, 0.00920, 0.09591] Val: [0.07203, 0.00956, 0.09779] Te: [0.06839, 0.01143, 0.10689]
21 iteration	(patience: 0)
Loss: -35.20756 Elpased: 0.5628s Converge: 0.021765 Tr: [0.06314, 0.00894, 0.09455] Val: [0.07089, 0.00935, 0.09671] Te: [0.06775, 0.01134, 0.10647]
22 iteration	(patience: 0)
Loss: -34.47177 Elpased: 0.4910s Converge: 0.020899 Tr: [0.06206, 0.00870, 0.09326] Val: [0.06987, 0.00916, 0.09571] Te: [0.06714, 0.01125, 0.10607]
23 iteration	(patience: 0)
Loss: -33.77888 Elpased: 0.4808s Converge: 0.020100 Tr: [0.06104, 0.00847, 0.09204] Val: [0.06891, 0.00898, 0.09479] Te: [0.06658, 0.01117, 0.10570]
24 iteration	(patience: 0)
Loss: -33.12488 Elpased: 0.4966s Converge: 0.019361 Tr: [0.06006, 0.00826, 0.09089] Val: [0.06802, 0.00882, 0.09393] Te: [0.06605, 0.01110, 0.10536]
25 iteration	(patience: 0)
Loss: -32.50624 Elpased: 0.5049s Converge: 0.018676 Tr: [0.05913, 0.00806, 0.08979] Val: [0.06728, 0.00867, 0.09314] Te: [0.06555, 0.01103, 0.10503]
26 iteration	(patience: 0)
Loss: -31.91990 Elpased: 0.4987s Converge: 0.018038 Tr: [0.05824, 0.00788, 0.08875] Val: [0.06659, 0.00854, 0.09239] Te: [0.06508, 0.01097, 0.10472]
27 iteration	(patience: 0)
Loss: -31.36314 Elpased: 0.5126s Converge: 0.017442 Tr: [0.05739, 0.00770, 0.08776] Val: [0.06592, 0.00841, 0.09170] Te: [0.06462, 0.01090, 0.10442]
28 iteration	(patience: 0)
Loss: -30.83357 Elpased: 0.5227s Converge: 0.016885 Tr: [0.05657, 0.00754, 0.08681] Val: [0.06528, 0.00829, 0.09105] Te: [0.06425, 0.01085, 0.10414]
29 iteration	(patience: 0)
Loss: -30.32906 Elpased: 0.5678s Converge: 0.016362 Tr: [0.05579, 0.00738, 0.08590] Val: [0.06468, 0.00818, 0.09043] Te: [0.06388, 0.01079, 0.10388]
30 iteration	(patience: 0)
Loss: -29.84770 Elpased: 0.6175s Converge: 0.015871 Tr: [0.05503, 0.00723, 0.08504] Val: [0.06410, 0.00807, 0.08985] Te: [0.06353, 0.01074, 0.10362]
31 iteration	(patience: 0)
Loss: -29.38779 Elpased: 0.5637s Converge: 0.015408 Tr: [0.05431, 0.00709, 0.08420] Val: [0.06354, 0.00798, 0.08931] Te: [0.06320, 0.01069, 0.10338]
32 iteration	(patience: 0)
Loss: -28.94780 Elpased: 0.4899s Converge: 0.014972 Tr: [0.05361, 0.00696, 0.08341] Val: [0.06301, 0.00788, 0.08879] Te: [0.06287, 0.01064, 0.10314]
33 iteration	(patience: 0)
Loss: -28.52635 Elpased: 0.5054s Converge: 0.014559 Tr: [0.05293, 0.00683, 0.08264] Val: [0.06250, 0.00780, 0.08830] Te: [0.06256, 0.01059, 0.10292]
34 iteration	(patience: 0)
Loss: -28.12218 Elpased: 0.5322s Converge: 0.014168 Tr: [0.05228, 0.00671, 0.08191] Val: [0.06201, 0.00772, 0.08784] Te: [0.06226, 0.01055, 0.10271]
35 iteration	(patience: 0)
Loss: -27.73415 Elpased: 0.5553s Converge: 0.013798 Tr: [0.05166, 0.00659, 0.08120] Val: [0.06154, 0.00764, 0.08740] Te: [0.06198, 0.01051, 0.10250]
36 iteration	(patience: 0)
Loss: -27.36124 Elpased: 0.5247s Converge: 0.013446 Tr: [0.05105, 0.00648, 0.08052] Val: [0.06109, 0.00757, 0.08698] Te: [0.06170, 0.01047, 0.10230]
37 iteration	(patience: 0)
Loss: -27.00250 Elpased: 0.7310s Converge: 0.013111 Tr: [0.05047, 0.00638, 0.07987] Val: [0.06066, 0.00750, 0.08658] Te: [0.06143, 0.01043, 0.10211]
38 iteration	(patience: 0)
Loss: -26.65707 Elpased: 0.6056s Converge: 0.012793 Tr: [0.04990, 0.00628, 0.07924] Val: [0.06024, 0.00743, 0.08620] Te: [0.06117, 0.01039, 0.10193]
39 iteration	(patience: 0)
Loss: -26.32415 Elpased: 0.5488s Converge: 0.012489 Tr: [0.04935, 0.00618, 0.07863] Val: [0.05983, 0.00737, 0.08584] Te: [0.06092, 0.01035, 0.10175]
40 iteration	(patience: 0)
Loss: -26.00302 Elpased: 0.6180s Converge: 0.012199 Tr: [0.04882, 0.00609, 0.07804] Val: [0.05944, 0.00731, 0.08549] Te: [0.06067, 0.01032, 0.10158]
41 iteration	(patience: 0)
Loss: -25.69301 Elpased: 0.7344s Converge: 0.011922 Tr: [0.04831, 0.00600, 0.07747] Val: [0.05907, 0.00725, 0.08516] Te: [0.06043, 0.01029, 0.10142]
42 iteration	(patience: 0)
Loss: -25.39350 Elpased: 0.7885s Converge: 0.011657 Tr: [0.04782, 0.00592, 0.07692] Val: [0.05871, 0.00720, 0.08484] Te: [0.06019, 0.01025, 0.10126]
43 iteration	(patience: 0)
Loss: -25.10392 Elpased: 0.5199s Converge: 0.011404 Tr: [0.04734, 0.00583, 0.07638] Val: [0.05837, 0.00715, 0.08453] Te: [0.05996, 0.01022, 0.10111]
44 iteration	(patience: 0)
Loss: -24.82374 Elpased: 0.5573s Converge: 0.011161 Tr: [0.04687, 0.00576, 0.07587] Val: [0.05803, 0.00710, 0.08424] Te: [0.05974, 0.01019, 0.10096]
45 iteration	(patience: 0)
Loss: -24.55247 Elpased: 0.5342s Converge: 0.010928 Tr: [0.04642, 0.00568, 0.07537] Val: [0.05771, 0.00705, 0.08396] Te: [0.05952, 0.01016, 0.10081]
46 iteration	(patience: 0)
Loss: -24.28966 Elpased: 0.5562s Converge: 0.010704 Tr: [0.04598, 0.00561, 0.07488] Val: [0.05739, 0.00700, 0.08369] Te: [0.05931, 0.01013, 0.10067]
47 iteration	(patience: 0)
Loss: -24.03488 Elpased: 0.5191s Converge: 0.010489 Tr: [0.04555, 0.00554, 0.07441] Val: [0.05708, 0.00696, 0.08343] Te: [0.05910, 0.01011, 0.10054]
48 iteration	(patience: 0)
Loss: -23.78775 Elpased: 0.5355s Converge: 0.010282 Tr: [0.04514, 0.00547, 0.07395] Val: [0.05678, 0.00692, 0.08318] Te: [0.05890, 0.01008, 0.10041]
49 iteration	(patience: 0)
Loss: -23.54788 Elpased: 0.5503s Converge: 0.010084 Tr: [0.04473, 0.00540, 0.07351] Val: [0.05649, 0.00688, 0.08294] Te: [0.05870, 0.01006, 0.10028]
50 iteration	(patience: 0)
Loss: -23.31494 Elpased: 0.4884s Converge: 0.009892 Tr: [0.04434, 0.00534, 0.07308] Val: [0.05621, 0.00684, 0.08271] Te: [0.05851, 0.01003, 0.10015]
51 iteration	(patience: 0)
Loss: -23.08861 Elpased: 0.6169s Converge: 0.009708 Tr: [0.04395, 0.00528, 0.07266] Val: [0.05593, 0.00680, 0.08248] Te: [0.05832, 0.01001, 0.10003]
52 iteration	(patience: 0)
Loss: -22.86858 Elpased: 0.5070s Converge: 0.009530 Tr: [0.04358, 0.00522, 0.07225] Val: [0.05566, 0.00677, 0.08227] Te: [0.05814, 0.00998, 0.09992]
53 iteration	(patience: 0)
Loss: -22.65457 Elpased: 0.5564s Converge: 0.009358 Tr: [0.04321, 0.00516, 0.07185] Val: [0.05540, 0.00673, 0.08206] Te: [0.05796, 0.00996, 0.09980]
54 iteration	(patience: 0)
Loss: -22.44633 Elpased: 0.5657s Converge: 0.009192 Tr: [0.04286, 0.00511, 0.07147] Val: [0.05515, 0.00670, 0.08186] Te: [0.05778, 0.00994, 0.09969]
55 iteration	(patience: 0)
Loss: -22.24359 Elpased: 0.5223s Converge: 0.009032 Tr: [0.04251, 0.00505, 0.07109] Val: [0.05490, 0.00667, 0.08166] Te: [0.05761, 0.00992, 0.09958]
56 iteration	(patience: 0)
Loss: -22.04612 Elpased: 0.5419s Converge: 0.008877 Tr: [0.04217, 0.00500, 0.07072] Val: [0.05466, 0.00664, 0.08147] Te: [0.05744, 0.00990, 0.09948]
57 iteration	(patience: 0)
Loss: -21.85371 Elpased: 0.5305s Converge: 0.008728 Tr: [0.04184, 0.00495, 0.07036] Val: [0.05442, 0.00661, 0.08129] Te: [0.05728, 0.00988, 0.09938]
58 iteration	(patience: 0)
Loss: -21.66615 Elpased: 0.5418s Converge: 0.008583 Tr: [0.04152, 0.00490, 0.07002] Val: [0.05419, 0.00658, 0.08111] Te: [0.05711, 0.00986, 0.09928]
59 iteration	(patience: 0)
Loss: -21.48323 Elpased: 0.5474s Converge: 0.008443 Tr: [0.04120, 0.00485, 0.06967] Val: [0.05396, 0.00655, 0.08094] Te: [0.05696, 0.00984, 0.09918]
60 iteration	(patience: 0)
Loss: -21.30478 Elpased: 0.5105s Converge: 0.008307 Tr: [0.04089, 0.00481, 0.06934] Val: [0.05374, 0.00652, 0.08078] Te: [0.05680, 0.00982, 0.09908]
61 iteration	(patience: 0)
Loss: -21.13061 Elpased: 0.5013s Converge: 0.008175 Tr: [0.04059, 0.00476, 0.06902] Val: [0.05352, 0.00650, 0.08062] Te: [0.05665, 0.00980, 0.09899]
62 iteration	(patience: 0)
Loss: -20.96057 Elpased: 0.5445s Converge: 0.008047 Tr: [0.04030, 0.00472, 0.06870] Val: [0.05331, 0.00647, 0.08046] Te: [0.05650, 0.00978, 0.09890]
63 iteration	(patience: 0)
Loss: -20.79449 Elpased: 0.5026s Converge: 0.007923 Tr: [0.04001, 0.00468, 0.06839] Val: [0.05310, 0.00645, 0.08031] Te: [0.05635, 0.00976, 0.09881]
64 iteration	(patience: 0)
Loss: -20.63223 Elpased: 0.5602s Converge: 0.007803 Tr: [0.03972, 0.00464, 0.06809] Val: [0.05290, 0.00643, 0.08016] Te: [0.05621, 0.00975, 0.09873]
65 iteration	(patience: 0)
Loss: -20.47365 Elpased: 0.4882s Converge: 0.007686 Tr: [0.03945, 0.00460, 0.06779] Val: [0.05270, 0.00640, 0.08002] Te: [0.05606, 0.00973, 0.09864]
66 iteration	(patience: 0)
Loss: -20.31860 Elpased: 0.4826s Converge: 0.007573 Tr: [0.03917, 0.00456, 0.06751] Val: [0.05250, 0.00638, 0.07988] Te: [0.05592, 0.00971, 0.09856]
67 iteration	(patience: 0)
Loss: -20.16697 Elpased: 0.5214s Converge: 0.007463 Tr: [0.03891, 0.00452, 0.06722] Val: [0.05231, 0.00636, 0.07975] Te: [0.05579, 0.00970, 0.09848]
68 iteration	(patience: 0)
Loss: -20.01863 Elpased: 0.4837s Converge: 0.007355 Tr: [0.03865, 0.00448, 0.06695] Val: [0.05213, 0.00634, 0.07962] Te: [0.05565, 0.00968, 0.09840]
69 iteration	(patience: 0)
Loss: -19.87347 Elpased: 0.4902s Converge: 0.007251 Tr: [0.03839, 0.00445, 0.06668] Val: [0.05196, 0.00632, 0.07949] Te: [0.05552, 0.00967, 0.09833]
70 iteration	(patience: 0)
Loss: -19.73138 Elpased: 0.5089s Converge: 0.007150 Tr: [0.03814, 0.00441, 0.06641] Val: [0.05178, 0.00630, 0.07937] Te: [0.05539, 0.00965, 0.09825]
71 iteration	(patience: 0)
Loss: -19.59225 Elpased: 0.5614s Converge: 0.007051 Tr: [0.03789, 0.00438, 0.06615] Val: [0.05161, 0.00628, 0.07925] Te: [0.05526, 0.00964, 0.09818]
72 iteration	(patience: 0)
Loss: -19.45599 Elpased: 0.5871s Converge: 0.006955 Tr: [0.03765, 0.00434, 0.06590] Val: [0.05145, 0.00626, 0.07913] Te: [0.05514, 0.00962, 0.09811]
73 iteration	(patience: 0)
Loss: -19.32249 Elpased: 0.5339s Converge: 0.006862 Tr: [0.03742, 0.00431, 0.06565] Val: [0.05128, 0.00624, 0.07902] Te: [0.05501, 0.00961, 0.09804]
74 iteration	(patience: 0)
Loss: -19.19167 Elpased: 0.5459s Converge: 0.006770 Tr: [0.03718, 0.00428, 0.06541] Val: [0.05112, 0.00623, 0.07891] Te: [0.05489, 0.00960, 0.09797]
75 iteration	(patience: 0)
Loss: -19.06344 Elpased: 0.5084s Converge: 0.006681 Tr: [0.03696, 0.00425, 0.06517] Val: [0.05097, 0.00621, 0.07880] Te: [0.05477, 0.00958, 0.09790]
76 iteration	(patience: 0)
Loss: -18.93772 Elpased: 0.5354s Converge: 0.006595 Tr: [0.03674, 0.00422, 0.06493] Val: [0.05081, 0.00619, 0.07870] Te: [0.05466, 0.00957, 0.09783]
77 iteration	(patience: 0)
Loss: -18.81443 Elpased: 0.5510s Converge: 0.006510 Tr: [0.03652, 0.00419, 0.06470] Val: [0.05066, 0.00618, 0.07860] Te: [0.05454, 0.00956, 0.09777]
78 iteration	(patience: 0)
Loss: -18.69349 Elpased: 0.5250s Converge: 0.006428 Tr: [0.03630, 0.00416, 0.06448] Val: [0.05051, 0.00616, 0.07850] Te: [0.05443, 0.00955, 0.09771]
79 iteration	(patience: 0)
Loss: -18.57484 Elpased: 0.4851s Converge: 0.006347 Tr: [0.03609, 0.00413, 0.06426] Val: [0.05036, 0.00615, 0.07840] Te: [0.05431, 0.00953, 0.09764]
80 iteration	(patience: 0)
Loss: -18.45839 Elpased: 0.4865s Converge: 0.006269 Tr: [0.03588, 0.00410, 0.06404] Val: [0.05021, 0.00613, 0.07831] Te: [0.05420, 0.00952, 0.09758]
81 iteration	(patience: 0)
Loss: -18.34409 Elpased: 0.4829s Converge: 0.006192 Tr: [0.03568, 0.00407, 0.06383] Val: [0.05007, 0.00612, 0.07821] Te: [0.05409, 0.00951, 0.09752]
82 iteration	(patience: 0)
Loss: -18.23187 Elpased: 0.4832s Converge: 0.006117 Tr: [0.03548, 0.00405, 0.06362] Val: [0.04993, 0.00610, 0.07812] Te: [0.05399, 0.00950, 0.09747]
83 iteration	(patience: 0)
Loss: -18.12167 Elpased: 0.5048s Converge: 0.006044 Tr: [0.03528, 0.00402, 0.06342] Val: [0.04979, 0.00609, 0.07804] Te: [0.05388, 0.00949, 0.09741]
84 iteration	(patience: 0)
Loss: -18.01344 Elpased: 1.7815s Converge: 0.005973 Tr: [0.03509, 0.00400, 0.06322] Val: [0.04965, 0.00608, 0.07795] Te: [0.05378, 0.00948, 0.09735]
85 iteration	(patience: 0)
Loss: -17.90710 Elpased: 1.6755s Converge: 0.005903 Tr: [0.03490, 0.00397, 0.06302] Val: [0.04952, 0.00606, 0.07787] Te: [0.05368, 0.00947, 0.09730]
86 iteration	(patience: 0)
Loss: -17.80262 Elpased: 0.6465s Converge: 0.005835 Tr: [0.03471, 0.00395, 0.06282] Val: [0.04939, 0.00605, 0.07779] Te: [0.05358, 0.00946, 0.09724]
87 iteration	(patience: 0)
Loss: -17.69994 Elpased: 0.6795s Converge: 0.005768 Tr: [0.03452, 0.00392, 0.06263] Val: [0.04926, 0.00604, 0.07771] Te: [0.05348, 0.00945, 0.09719]
88 iteration	(patience: 0)
Loss: -17.59900 Elpased: 0.5289s Converge: 0.005703 Tr: [0.03434, 0.00390, 0.06245] Val: [0.04913, 0.00603, 0.07763] Te: [0.05338, 0.00944, 0.09714]
89 iteration	(patience: 0)
Loss: -17.49977 Elpased: 0.5520s Converge: 0.005639 Tr: [0.03416, 0.00388, 0.06226] Val: [0.04900, 0.00601, 0.07755] Te: [0.05328, 0.00943, 0.09709]
90 iteration	(patience: 0)
Loss: -17.40219 Elpased: 0.5290s Converge: 0.005576 Tr: [0.03399, 0.00385, 0.06208] Val: [0.04887, 0.00600, 0.07748] Te: [0.05319, 0.00942, 0.09704]
91 iteration	(patience: 0)
Loss: -17.30622 Elpased: 0.6593s Converge: 0.005515 Tr: [0.03381, 0.00383, 0.06191] Val: [0.04875, 0.00599, 0.07741] Te: [0.05310, 0.00941, 0.09699]
92 iteration	(patience: 0)
Loss: -17.21182 Elpased: 0.5794s Converge: 0.005455 Tr: [0.03364, 0.00381, 0.06173] Val: [0.04863, 0.00598, 0.07734] Te: [0.05300, 0.00940, 0.09694]
93 iteration	(patience: 0)
Loss: -17.11894 Elpased: 0.5558s Converge: 0.005396 Tr: [0.03347, 0.00379, 0.06156] Val: [0.04851, 0.00597, 0.07727] Te: [0.05291, 0.00939, 0.09689]
94 iteration	(patience: 0)
Loss: -17.02755 Elpased: 0.5022s Converge: 0.005339 Tr: [0.03331, 0.00377, 0.06139] Val: [0.04839, 0.00596, 0.07720] Te: [0.05282, 0.00938, 0.09685]
95 iteration	(patience: 0)
Loss: -16.93760 Elpased: 0.5133s Converge: 0.005282 Tr: [0.03315, 0.00375, 0.06122] Val: [0.04828, 0.00595, 0.07713] Te: [0.05274, 0.00937, 0.09680]
96 iteration	(patience: 0)
Loss: -16.84907 Elpased: 0.5713s Converge: 0.005227 Tr: [0.03298, 0.00373, 0.06106] Val: [0.04816, 0.00594, 0.07707] Te: [0.05265, 0.00936, 0.09676]
97 iteration	(patience: 0)
Loss: -16.76190 Elpased: 0.5222s Converge: 0.005173 Tr: [0.03283, 0.00371, 0.06090] Val: [0.04805, 0.00593, 0.07700] Te: [0.05256, 0.00935, 0.09671]
98 iteration	(patience: 0)
Loss: -16.67608 Elpased: 0.8368s Converge: 0.005120 Tr: [0.03267, 0.00369, 0.06074] Val: [0.04794, 0.00592, 0.07694] Te: [0.05248, 0.00934, 0.09667]
99 iteration	(patience: 0)
Loss: -16.59157 Elpased: 0.5714s Converge: 0.005068 Tr: [0.03252, 0.00367, 0.06059] Val: [0.04783, 0.00591, 0.07688] Te: [0.05239, 0.00934, 0.09663]
100 iteration	(patience: 0)
Loss: -16.50833 Elpased: 0.5583s Converge: 0.005017 Tr: [0.03236, 0.00365, 0.06043] Val: [0.04772, 0.00590, 0.07682] Te: [0.05231, 0.00933, 0.09658]
101 iteration	(patience: 0)
Loss: -16.42633 Elpased: 0.6479s Converge: 0.004967 Tr: [0.03221, 0.00363, 0.06028] Val: [0.04761, 0.00589, 0.07676] Te: [0.05222, 0.00932, 0.09654]
102 iteration	(patience: 0)
Loss: -16.34555 Elpased: 0.5718s Converge: 0.004918 Tr: [0.03207, 0.00362, 0.06013] Val: [0.04751, 0.00588, 0.07671] Te: [0.05214, 0.00931, 0.09650]
103 iteration	(patience: 0)
Loss: -16.26595 Elpased: 0.5979s Converge: 0.004870 Tr: [0.03192, 0.00360, 0.05999] Val: [0.04740, 0.00588, 0.07665] Te: [0.05206, 0.00930, 0.09646]
104 iteration	(patience: 0)
Loss: -16.18750 Elpased: 0.5863s Converge: 0.004823 Tr: [0.03178, 0.00358, 0.05984] Val: [0.04730, 0.00587, 0.07660] Te: [0.05198, 0.00930, 0.09642]
105 iteration	(patience: 0)
Loss: -16.11019 Elpased: 0.6549s Converge: 0.004776 Tr: [0.03164, 0.00356, 0.05970] Val: [0.04719, 0.00586, 0.07654] Te: [0.05190, 0.00929, 0.09638]
106 iteration	(patience: 0)
Loss: -16.03397 Elpased: 0.6455s Converge: 0.004731 Tr: [0.03150, 0.00355, 0.05956] Val: [0.04709, 0.00585, 0.07649] Te: [0.05183, 0.00928, 0.09635]
107 iteration	(patience: 0)
Loss: -15.95884 Elpased: 0.5479s Converge: 0.004686 Tr: [0.03136, 0.00353, 0.05942] Val: [0.04699, 0.00584, 0.07644] Te: [0.05175, 0.00928, 0.09631]
108 iteration	(patience: 0)
Loss: -15.88476 Elpased: 0.4998s Converge: 0.004642 Tr: [0.03122, 0.00352, 0.05929] Val: [0.04690, 0.00584, 0.07639] Te: [0.05167, 0.00927, 0.09627]
109 iteration	(patience: 0)
Loss: -15.81170 Elpased: 0.6335s Converge: 0.004599 Tr: [0.03109, 0.00350, 0.05916] Val: [0.04680, 0.00583, 0.07634] Te: [0.05160, 0.00926, 0.09624]
110 iteration	(patience: 0)
Loss: -15.73965 Elpased: 0.5423s Converge: 0.004557 Tr: [0.03096, 0.00348, 0.05902] Val: [0.04670, 0.00582, 0.07630] Te: [0.05152, 0.00925, 0.09620]
111 iteration	(patience: 0)
Loss: -15.66858 Elpased: 0.6828s Converge: 0.004515 Tr: [0.03082, 0.00347, 0.05889] Val: [0.04661, 0.00581, 0.07625] Te: [0.05145, 0.00925, 0.09617]
112 iteration	(patience: 0)
Loss: -15.59848 Elpased: 0.4832s Converge: 0.004474 Tr: [0.03070, 0.00345, 0.05877] Val: [0.04651, 0.00581, 0.07620] Te: [0.05137, 0.00924, 0.09613]
113 iteration	(patience: 0)
Loss: -15.52931 Elpased: 0.4988s Converge: 0.004434 Tr: [0.03057, 0.00344, 0.05864] Val: [0.04642, 0.00580, 0.07616] Te: [0.05130, 0.00923, 0.09610]
114 iteration	(patience: 0)
Loss: -15.46107 Elpased: 0.4852s Converge: 0.004395 Tr: [0.03044, 0.00342, 0.05852] Val: [0.04633, 0.00579, 0.07611] Te: [0.05123, 0.00923, 0.09607]
115 iteration	(patience: 0)
Loss: -15.39372 Elpased: 0.5113s Converge: 0.004356 Tr: [0.03032, 0.00341, 0.05839] Val: [0.04624, 0.00579, 0.07607] Te: [0.05116, 0.00922, 0.09603]
116 iteration	(patience: 0)
Loss: -15.32726 Elpased: 0.4859s Converge: 0.004318 Tr: [0.03019, 0.00340, 0.05827] Val: [0.04615, 0.00578, 0.07603] Te: [0.05109, 0.00922, 0.09600]
117 iteration	(patience: 0)
Loss: -15.26166 Elpased: 0.4869s Converge: 0.004280 Tr: [0.03007, 0.00338, 0.05815] Val: [0.04607, 0.00577, 0.07599] Te: [0.05102, 0.00921, 0.09597]
118 iteration	(patience: 0)
Loss: -15.19690 Elpased: 0.6064s Converge: 0.004243 Tr: [0.02995, 0.00337, 0.05804] Val: [0.04598, 0.00577, 0.07595] Te: [0.05095, 0.00920, 0.09594]
119 iteration	(patience: 0)
Loss: -15.13296 Elpased: 0.5122s Converge: 0.004207 Tr: [0.02983, 0.00335, 0.05792] Val: [0.04590, 0.00576, 0.07591] Te: [0.05089, 0.00920, 0.09591]
120 iteration	(patience: 0)
Loss: -15.06984 Elpased: 0.4861s Converge: 0.004171 Tr: [0.02972, 0.00334, 0.05780] Val: [0.04582, 0.00576, 0.07587] Te: [0.05082, 0.00919, 0.09588]
121 iteration	(patience: 0)
Loss: -15.00751 Elpased: 0.4998s Converge: 0.004136 Tr: [0.02960, 0.00333, 0.05769] Val: [0.04574, 0.00575, 0.07583] Te: [0.05075, 0.00919, 0.09585]
122 iteration	(patience: 0)
Loss: -14.94596 Elpased: 0.4875s Converge: 0.004102 Tr: [0.02949, 0.00332, 0.05758] Val: [0.04566, 0.00574, 0.07579] Te: [0.05069, 0.00918, 0.09582]
123 iteration	(patience: 0)
Loss: -14.88516 Elpased: 0.4964s Converge: 0.004068 Tr: [0.02937, 0.00330, 0.05747] Val: [0.04558, 0.00574, 0.07575] Te: [0.05062, 0.00918, 0.09579]
124 iteration	(patience: 0)
Loss: -14.82511 Elpased: 0.4950s Converge: 0.004034 Tr: [0.02926, 0.00329, 0.05736] Val: [0.04550, 0.00573, 0.07572] Te: [0.05056, 0.00917, 0.09576]
125 iteration	(patience: 0)
Loss: -14.76580 Elpased: 0.5414s Converge: 0.004001 Tr: [0.02915, 0.00328, 0.05726] Val: [0.04542, 0.00573, 0.07568] Te: [0.05049, 0.00916, 0.09573]
126 iteration	(patience: 0)
Loss: -14.70720 Elpased: 0.6450s Converge: 0.003969 Tr: [0.02904, 0.00327, 0.05715] Val: [0.04535, 0.00572, 0.07565] Te: [0.05043, 0.00916, 0.09570]
127 iteration	(patience: 0)
Loss: -14.64930 Elpased: 0.7059s Converge: 0.003937 Tr: [0.02893, 0.00325, 0.05705] Val: [0.04527, 0.00572, 0.07561] Te: [0.05037, 0.00915, 0.09568]
128 iteration	(patience: 0)
Loss: -14.59209 Elpased: 1.0499s Converge: 0.003905 Tr: [0.02883, 0.00324, 0.05694] Val: [0.04520, 0.00571, 0.07558] Te: [0.05031, 0.00915, 0.09565]
129 iteration	(patience: 0)
Loss: -14.53555 Elpased: 0.9783s Converge: 0.003874 Tr: [0.02872, 0.00323, 0.05684] Val: [0.04512, 0.00571, 0.07555] Te: [0.05024, 0.00914, 0.09562]
130 iteration	(patience: 0)
Loss: -14.47968 Elpased: 1.2720s Converge: 0.003844 Tr: [0.02862, 0.00322, 0.05674] Val: [0.04505, 0.00570, 0.07551] Te: [0.05018, 0.00914, 0.09560]
131 iteration	(patience: 0)
Loss: -14.42446 Elpased: 0.8116s Converge: 0.003814 Tr: [0.02851, 0.00321, 0.05664] Val: [0.04498, 0.00570, 0.07548] Te: [0.05013, 0.00913, 0.09557]
132 iteration	(patience: 0)
Loss: -14.36987 Elpased: 1.0993s Converge: 0.003784 Tr: [0.02841, 0.00320, 0.05654] Val: [0.04491, 0.00569, 0.07545] Te: [0.05007, 0.00913, 0.09555]
133 iteration	(patience: 0)
Loss: -14.31591 Elpased: 1.4843s Converge: 0.003755 Tr: [0.02831, 0.00319, 0.05645] Val: [0.04483, 0.00569, 0.07542] Te: [0.05001, 0.00912, 0.09552]
134 iteration	(patience: 0)
Loss: -14.26256 Elpased: 1.5498s Converge: 0.003726 Tr: [0.02821, 0.00318, 0.05635] Val: [0.04476, 0.00568, 0.07539] Te: [0.04995, 0.00912, 0.09550]
135 iteration	(patience: 0)
Loss: -14.20982 Elpased: 0.6187s Converge: 0.003698 Tr: [0.02811, 0.00316, 0.05626] Val: [0.04469, 0.00568, 0.07536] Te: [0.04989, 0.00912, 0.09547]
136 iteration	(patience: 0)
Loss: -14.15767 Elpased: 0.5283s Converge: 0.003670 Tr: [0.02801, 0.00315, 0.05616] Val: [0.04462, 0.00568, 0.07533] Te: [0.04984, 0.00911, 0.09545]
137 iteration	(patience: 0)
Loss: -14.10610 Elpased: 0.8070s Converge: 0.003643 Tr: [0.02791, 0.00314, 0.05607] Val: [0.04456, 0.00567, 0.07531] Te: [0.04978, 0.00911, 0.09543]
138 iteration	(patience: 0)
Loss: -14.05510 Elpased: 1.0139s Converge: 0.003616 Tr: [0.02782, 0.00313, 0.05598] Val: [0.04449, 0.00567, 0.07528] Te: [0.04972, 0.00910, 0.09540]
139 iteration	(patience: 0)
Loss: -14.00466 Elpased: 2.2229s Converge: 0.003589 Tr: [0.02772, 0.00312, 0.05589] Val: [0.04442, 0.00566, 0.07525] Te: [0.04967, 0.00910, 0.09538]
140 iteration	(patience: 0)
Loss: -13.95477 Elpased: 1.3140s Converge: 0.003562 Tr: [0.02763, 0.00311, 0.05580] Val: [0.04435, 0.00566, 0.07522] Te: [0.04961, 0.00909, 0.09536]
141 iteration	(patience: 0)
Loss: -13.90542 Elpased: 0.8707s Converge: 0.003536 Tr: [0.02753, 0.00310, 0.05571] Val: [0.04429, 0.00565, 0.07520] Te: [0.04956, 0.00909, 0.09534]
142 iteration	(patience: 0)
Loss: -13.85660 Elpased: 0.8352s Converge: 0.003511 Tr: [0.02744, 0.00309, 0.05563] Val: [0.04422, 0.00565, 0.07517] Te: [0.04950, 0.00908, 0.09531]
143 iteration	(patience: 0)
Loss: -13.80830 Elpased: 1.8591s Converge: 0.003486 Tr: [0.02735, 0.00308, 0.05554] Val: [0.04416, 0.00565, 0.07515] Te: [0.04945, 0.00908, 0.09529]
144 iteration	(patience: 0)
Loss: -13.76051 Elpased: 0.6214s Converge: 0.003461 Tr: [0.02726, 0.00308, 0.05546] Val: [0.04409, 0.00564, 0.07512] Te: [0.04940, 0.00908, 0.09527]
145 iteration	(patience: 0)
Loss: -13.71323 Elpased: 0.7823s Converge: 0.003436 Tr: [0.02717, 0.00307, 0.05537] Val: [0.04403, 0.00564, 0.07510] Te: [0.04935, 0.00907, 0.09525]
146 iteration	(patience: 0)
Loss: -13.66644 Elpased: 0.6061s Converge: 0.003412 Tr: [0.02708, 0.00306, 0.05529] Val: [0.04397, 0.00564, 0.07507] Te: [0.04929, 0.00907, 0.09523]
147 iteration	(patience: 0)
Loss: -13.62014 Elpased: 0.5729s Converge: 0.003388 Tr: [0.02699, 0.00305, 0.05521] Val: [0.04390, 0.00563, 0.07505] Te: [0.04924, 0.00906, 0.09521]
148 iteration	(patience: 0)
Loss: -13.57432 Elpased: 1.0630s Converge: 0.003364 Tr: [0.02691, 0.00304, 0.05513] Val: [0.04384, 0.00563, 0.07503] Te: [0.04919, 0.00906, 0.09519]
149 iteration	(patience: 0)
Loss: -13.52897 Elpased: 0.5912s Converge: 0.003341 Tr: [0.02682, 0.00303, 0.05505] Val: [0.04378, 0.00563, 0.07501] Te: [0.04914, 0.00906, 0.09517]
150 iteration	(patience: 0)
Loss: -13.48408 Elpased: 0.5109s Converge: 0.003318 Tr: [0.02674, 0.00302, 0.05497] Val: [0.04372, 0.00562, 0.07498] Te: [0.04909, 0.00905, 0.09515]
151 iteration	(patience: 0)
Loss: -13.43965 Elpased: 0.5170s Converge: 0.003295 Tr: [0.02665, 0.00301, 0.05489] Val: [0.04366, 0.00562, 0.07496] Te: [0.04904, 0.00905, 0.09513]
152 iteration	(patience: 0)
Loss: -13.39566 Elpased: 0.5032s Converge: 0.003273 Tr: [0.02657, 0.00300, 0.05481] Val: [0.04360, 0.00562, 0.07494] Te: [0.04899, 0.00905, 0.09511]
153 iteration	(patience: 0)
Loss: -13.35211 Elpased: 0.5017s Converge: 0.003251 Tr: [0.02649, 0.00300, 0.05474] Val: [0.04354, 0.00561, 0.07492] Te: [0.04894, 0.00904, 0.09509]
154 iteration	(patience: 0)
Loss: -13.30900 Elpased: 0.7865s Converge: 0.003229 Tr: [0.02640, 0.00299, 0.05466] Val: [0.04349, 0.00561, 0.07490] Te: [0.04889, 0.00904, 0.09507]
155 iteration	(patience: 0)
Loss: -13.26631 Elpased: 1.0085s Converge: 0.003207 Tr: [0.02632, 0.00298, 0.05459] Val: [0.04343, 0.00561, 0.07488] Te: [0.04885, 0.00904, 0.09505]
156 iteration	(patience: 0)
Loss: -13.22404 Elpased: 1.3063s Converge: 0.003186 Tr: [0.02624, 0.00297, 0.05451] Val: [0.04338, 0.00560, 0.07486] Te: [0.04880, 0.00903, 0.09504]
157 iteration	(patience: 0)
Loss: -13.18218 Elpased: 1.0226s Converge: 0.003165 Tr: [0.02616, 0.00296, 0.05444] Val: [0.04332, 0.00560, 0.07484] Te: [0.04875, 0.00903, 0.09502]
158 iteration	(patience: 0)
Loss: -13.14073 Elpased: 0.5673s Converge: 0.003144 Tr: [0.02608, 0.00296, 0.05437] Val: [0.04327, 0.00560, 0.07482] Te: [0.04870, 0.00903, 0.09500]
159 iteration	(patience: 0)
Loss: -13.09968 Elpased: 0.5275s Converge: 0.003124 Tr: [0.02600, 0.00295, 0.05430] Val: [0.04321, 0.00560, 0.07480] Te: [0.04866, 0.00902, 0.09498]
160 iteration	(patience: 0)
Loss: -13.05902 Elpased: 0.5054s Converge: 0.003104 Tr: [0.02593, 0.00294, 0.05422] Val: [0.04316, 0.00559, 0.07478] Te: [0.04861, 0.00902, 0.09497]
161 iteration	(patience: 0)
Loss: -13.01875 Elpased: 0.4908s Converge: 0.003084 Tr: [0.02585, 0.00293, 0.05415] Val: [0.04311, 0.00559, 0.07477] Te: [0.04857, 0.00902, 0.09495]
162 iteration	(patience: 0)
Loss: -12.97886 Elpased: 0.5089s Converge: 0.003064 Tr: [0.02577, 0.00293, 0.05409] Val: [0.04306, 0.00559, 0.07475] Te: [0.04852, 0.00901, 0.09493]
163 iteration	(patience: 0)
Loss: -12.93934 Elpased: 0.8365s Converge: 0.003045 Tr: [0.02570, 0.00292, 0.05402] Val: [0.04300, 0.00558, 0.07473] Te: [0.04847, 0.00901, 0.09492]
164 iteration	(patience: 0)
Loss: -12.90020 Elpased: 0.4885s Converge: 0.003025 Tr: [0.02562, 0.00291, 0.05395] Val: [0.04295, 0.00558, 0.07472] Te: [0.04843, 0.00901, 0.09490]
165 iteration	(patience: 0)
Loss: -12.86141 Elpased: 0.8411s Converge: 0.003006 Tr: [0.02555, 0.00290, 0.05388] Val: [0.04290, 0.00558, 0.07470] Te: [0.04839, 0.00900, 0.09488]
166 iteration	(patience: 0)
Loss: -12.82299 Elpased: 0.6994s Converge: 0.002988 Tr: [0.02547, 0.00290, 0.05381] Val: [0.04285, 0.00558, 0.07468] Te: [0.04834, 0.00900, 0.09487]
167 iteration	(patience: 0)
Loss: -12.78492 Elpased: 0.6376s Converge: 0.002969 Tr: [0.02540, 0.00289, 0.05375] Val: [0.04280, 0.00558, 0.07467] Te: [0.04830, 0.00900, 0.09485]
168 iteration	(patience: 0)
Loss: -12.74720 Elpased: 0.9323s Converge: 0.002951 Tr: [0.02533, 0.00288, 0.05368] Val: [0.04275, 0.00557, 0.07465] Te: [0.04826, 0.00899, 0.09484]
169 iteration	(patience: 0)
Loss: -12.70982 Elpased: 0.4941s Converge: 0.002932 Tr: [0.02526, 0.00288, 0.05362] Val: [0.04270, 0.00557, 0.07463] Te: [0.04821, 0.00899, 0.09482]
170 iteration	(patience: 0)
Loss: -12.67277 Elpased: 1.1010s Converge: 0.002915 Tr: [0.02519, 0.00287, 0.05356] Val: [0.04265, 0.00557, 0.07462] Te: [0.04817, 0.00899, 0.09481]
171 iteration	(patience: 0)
Loss: -12.63606 Elpased: 0.4934s Converge: 0.002897 Tr: [0.02512, 0.00286, 0.05349] Val: [0.04261, 0.00557, 0.07460] Te: [0.04813, 0.00899, 0.09479]
172 iteration	(patience: 0)
Loss: -12.59968 Elpased: 0.5013s Converge: 0.002879 Tr: [0.02505, 0.00285, 0.05343] Val: [0.04256, 0.00556, 0.07459] Te: [0.04809, 0.00898, 0.09478]
173 iteration	(patience: 0)
Loss: -12.56362 Elpased: 0.7580s Converge: 0.002862 Tr: [0.02498, 0.00285, 0.05337] Val: [0.04252, 0.00556, 0.07458] Te: [0.04805, 0.00898, 0.09476]
174 iteration	(patience: 0)
Loss: -12.52788 Elpased: 0.7567s Converge: 0.002845 Tr: [0.02491, 0.00284, 0.05331] Val: [0.04247, 0.00556, 0.07456] Te: [0.04801, 0.00898, 0.09475]
175 iteration	(patience: 0)
Loss: -12.49245 Elpased: 0.8623s Converge: 0.002828 Tr: [0.02484, 0.00284, 0.05325] Val: [0.04243, 0.00556, 0.07455] Te: [0.04796, 0.00897, 0.09473]
176 iteration	(patience: 0)
Loss: -12.45733 Elpased: 0.5943s Converge: 0.002811 Tr: [0.02477, 0.00283, 0.05319] Val: [0.04238, 0.00556, 0.07453] Te: [0.04792, 0.00897, 0.09472]
177 iteration	(patience: 0)
Loss: -12.42251 Elpased: 0.5383s Converge: 0.002795 Tr: [0.02470, 0.00282, 0.05313] Val: [0.04234, 0.00555, 0.07452] Te: [0.04788, 0.00897, 0.09471]
178 iteration	(patience: 0)
Loss: -12.38800 Elpased: 0.5367s Converge: 0.002778 Tr: [0.02464, 0.00282, 0.05307] Val: [0.04230, 0.00555, 0.07451] Te: [0.04784, 0.00897, 0.09469]
179 iteration	(patience: 0)
Loss: -12.35378 Elpased: 0.9465s Converge: 0.002762 Tr: [0.02457, 0.00281, 0.05301] Val: [0.04225, 0.00555, 0.07450] Te: [0.04780, 0.00896, 0.09468]
180 iteration	(patience: 0)
Loss: -12.31985 Elpased: 0.5145s Converge: 0.002746 Tr: [0.02451, 0.00280, 0.05295] Val: [0.04221, 0.00555, 0.07448] Te: [0.04776, 0.00896, 0.09467]
181 iteration	(patience: 0)
Loss: -12.28622 Elpased: 0.5206s Converge: 0.002730 Tr: [0.02444, 0.00280, 0.05289] Val: [0.04217, 0.00555, 0.07447] Te: [0.04773, 0.00896, 0.09465]
182 iteration	(patience: 0)
Loss: -12.25286 Elpased: 1.3345s Converge: 0.002715 Tr: [0.02438, 0.00279, 0.05284] Val: [0.04212, 0.00554, 0.07446] Te: [0.04769, 0.00896, 0.09464]
183 iteration	(patience: 0)
Loss: -12.21979 Elpased: 0.8403s Converge: 0.002699 Tr: [0.02431, 0.00279, 0.05278] Val: [0.04208, 0.00554, 0.07445] Te: [0.04765, 0.00895, 0.09463]
184 iteration	(patience: 0)
Loss: -12.18699 Elpased: 0.4897s Converge: 0.002684 Tr: [0.02425, 0.00278, 0.05272] Val: [0.04204, 0.00554, 0.07443] Te: [0.04761, 0.00895, 0.09461]
185 iteration	(patience: 0)
Loss: -12.15447 Elpased: 0.6607s Converge: 0.002669 Tr: [0.02419, 0.00277, 0.05267] Val: [0.04200, 0.00554, 0.07442] Te: [0.04757, 0.00895, 0.09460]
186 iteration	(patience: 0)
Loss: -12.12221 Elpased: 0.4996s Converge: 0.002654 Tr: [0.02412, 0.00277, 0.05261] Val: [0.04196, 0.00554, 0.07441] Te: [0.04754, 0.00895, 0.09459]
187 iteration	(patience: 0)
Loss: -12.09022 Elpased: 0.5821s Converge: 0.002639 Tr: [0.02406, 0.00276, 0.05256] Val: [0.04192, 0.00554, 0.07440] Te: [0.04750, 0.00894, 0.09458]
188 iteration	(patience: 0)
Loss: -12.05849 Elpased: 0.7608s Converge: 0.002624 Tr: [0.02400, 0.00276, 0.05251] Val: [0.04188, 0.00553, 0.07439] Te: [0.04746, 0.00894, 0.09457]
189 iteration	(patience: 0)
Loss: -12.02702 Elpased: 0.5533s Converge: 0.002610 Tr: [0.02394, 0.00275, 0.05245] Val: [0.04184, 0.00553, 0.07438] Te: [0.04742, 0.00894, 0.09455]
190 iteration	(patience: 0)
Loss: -11.99580 Elpased: 0.6258s Converge: 0.002595 Tr: [0.02388, 0.00275, 0.05240] Val: [0.04180, 0.00553, 0.07437] Te: [0.04739, 0.00894, 0.09454]
191 iteration	(patience: 0)
Loss: -11.96484 Elpased: 0.5473s Converge: 0.002581 Tr: [0.02382, 0.00274, 0.05235] Val: [0.04176, 0.00553, 0.07436] Te: [0.04735, 0.00894, 0.09453]
192 iteration	(patience: 0)
Loss: -11.93412 Elpased: 0.5639s Converge: 0.002567 Tr: [0.02376, 0.00273, 0.05230] Val: [0.04172, 0.00553, 0.07435] Te: [0.04731, 0.00893, 0.09452]
193 iteration	(patience: 0)
Loss: -11.90365 Elpased: 0.6069s Converge: 0.002553 Tr: [0.02370, 0.00273, 0.05225] Val: [0.04168, 0.00553, 0.07434] Te: [0.04728, 0.00893, 0.09451]
194 iteration	(patience: 0)
Loss: -11.87342 Elpased: 0.6059s Converge: 0.002540 Tr: [0.02364, 0.00272, 0.05219] Val: [0.04164, 0.00553, 0.07433] Te: [0.04724, 0.00893, 0.09450]
195 iteration	(patience: 0)
Loss: -11.84343 Elpased: 0.7619s Converge: 0.002526 Tr: [0.02358, 0.00272, 0.05214] Val: [0.04160, 0.00552, 0.07432] Te: [0.04721, 0.00893, 0.09449]
196 iteration	(patience: 0)
Loss: -11.81368 Elpased: 0.6455s Converge: 0.002512 Tr: [0.02353, 0.00271, 0.05209] Val: [0.04156, 0.00552, 0.07431] Te: [0.04717, 0.00893, 0.09447]
197 iteration	(patience: 0)
Loss: -11.78415 Elpased: 0.6430s Converge: 0.002499 Tr: [0.02347, 0.00271, 0.05204] Val: [0.04153, 0.00552, 0.07430] Te: [0.04714, 0.00892, 0.09446]
198 iteration	(patience: 0)
Loss: -11.75486 Elpased: 0.8956s Converge: 0.002486 Tr: [0.02341, 0.00270, 0.05200] Val: [0.04149, 0.00552, 0.07429] Te: [0.04710, 0.00892, 0.09445]
199 iteration	(patience: 0)
Loss: -11.72579 Elpased: 0.8446s Converge: 0.002473 Tr: [0.02336, 0.00270, 0.05195] Val: [0.04145, 0.00552, 0.07429] Te: [0.04707, 0.00892, 0.09444]
