### DRMF-Item-CNN ###

===Configuration===
lambda_u=10.000000, lambda_v=1.000000
maxlen_doc=[1,0], maxlen_sent=[1,0]
emb_dim=1, dimension=193, num_kernel_per_ws=100, dropout_rate=0.20, gru_outdim=50

Tr:Training, Val:Validation, Te:Test, []: [MAE, MSE, RMSE]
### DRMF-Item-CNN ###

===Configuration===
lambda_u=10.000000, lambda_v=1.000000
maxlen_doc=[1,0], maxlen_sent=[1,0]
emb_dim=1, dimension=193, num_kernel_per_ws=100, dropout_rate=0.20, gru_outdim=50

Tr:Training, Val:Validation, Te:Test, []: [MAE, MSE, RMSE]
### DRMF-Item-CNN ###

===Configuration===
lambda_u=10.000000, lambda_v=1.000000
maxlen_doc=[200,0], maxlen_sent=[200,0]
emb_dim=200, dimension=193, num_kernel_per_ws=100, dropout_rate=0.20, gru_outdim=50

Tr:Training, Val:Validation, Te:Test, []: [MAE, MSE, RMSE]
### DRMF-Item-CNN ###

===Configuration===
lambda_u=10.000000, lambda_v=1.000000
maxlen_doc=[200,0], maxlen_sent=[200,0]
emb_dim=200, dimension=193, num_kernel_per_ws=100, dropout_rate=0.20, gru_outdim=50

Tr:Training, Val:Validation, Te:Test, []: [MAE, MSE, RMSE]
### DRMF-Item-CNN ###

===Configuration===
lambda_u=10.000000, lambda_v=1.000000
maxlen_doc=[200,0], maxlen_sent=[200,0]
emb_dim=200, dimension=50, num_kernel_per_ws=100, dropout_rate=0.20, gru_outdim=50

Tr:Training, Val:Validation, Te:Test, []: [MAE, MSE, RMSE]
### DRMF-Item-CNN ###

===Configuration===
lambda_u=10.000000, lambda_v=1.000000
maxlen_doc=[200,0], maxlen_sent=[200,0]
emb_dim=200, dimension=50, num_kernel_per_ws=100, dropout_rate=0.20, gru_outdim=50

Tr:Training, Val:Validation, Te:Test, []: [MAE, MSE, RMSE]
### DRMF-Item-CNN ###

===Configuration===
lambda_u=10.000000, lambda_v=1.000000
maxlen_doc=[200,0], maxlen_sent=[200,0]
emb_dim=200, dimension=50, num_kernel_per_ws=100, dropout_rate=0.20, gru_outdim=50

Tr:Training, Val:Validation, Te:Test, []: [MAE, MSE, RMSE]
### DRMF-Item-CNN ###

===Configuration===
lambda_u=10.000000, lambda_v=1.000000
maxlen_doc=[200,0], maxlen_sent=[200,0]
emb_dim=200, dimension=50, num_kernel_per_ws=100, dropout_rate=0.20, gru_outdim=50

Tr:Training, Val:Validation, Te:Test, []: [MAE, MSE, RMSE]
### PMF ###

===Configuration===
lambda_u=0.100000, lambda_v=0.100000

Tr:Training, Val:Validation, Te:Test, []: [MAE, MSE, RMSE]
0 iteration	(patience: 0)
Loss: -561.65170 Elpased: 0.3593s Converge: -1.000000 Tr: [0.03270, 0.00300, 0.05480] Val: [0.67451, 0.75282, 0.86765] Te: [0.68248, 0.79587, 0.89211]
1 iteration	(patience: 0)
Loss: -477.21767 Elpased: 0.2991s Converge: 0.150332 Tr: [0.02568, 0.00158, 0.03981] Val: [0.61221, 0.62906, 0.79314] Te: [0.62043, 0.65593, 0.80990]
2 iteration	(patience: 0)
Loss: -447.18594 Elpased: 0.2968s Converge: 0.062931 Tr: [0.02344, 0.00120, 0.03469] Val: [0.60169, 0.61029, 0.78121] Te: [0.60856, 0.62716, 0.79193]
3 iteration	(patience: 0)
Loss: -428.11527 Elpased: 0.2968s Converge: 0.042646 Tr: [0.02202, 0.00099, 0.03153] Val: [0.60052, 0.60498, 0.77780] Te: [0.60219, 0.61446, 0.78387]
4 iteration	(patience: 0)
Loss: -413.99884 Elpased: 0.3111s Converge: 0.032973 Tr: [0.02097, 0.00086, 0.02930] Val: [0.60041, 0.60139, 0.77549] Te: [0.59866, 0.60635, 0.77868]
5 iteration	(patience: 0)
Loss: -402.82367 Elpased: 0.2968s Converge: 0.026993 Tr: [0.02016, 0.00076, 0.02762] Val: [0.59931, 0.59699, 0.77265] Te: [0.59676, 0.60097, 0.77522]
6 iteration	(patience: 0)
Loss: -393.60178 Elpased: 0.2968s Converge: 0.022893 Tr: [0.01950, 0.00069, 0.02631] Val: [0.59713, 0.59247, 0.76972] Te: [0.59503, 0.59702, 0.77267]
7 iteration	(patience: 0)
Loss: -385.76282 Elpased: 0.2968s Converge: 0.019916 Tr: [0.01894, 0.00064, 0.02525] Val: [0.59516, 0.58863, 0.76722] Te: [0.59349, 0.59315, 0.77016]
8 iteration	(patience: 0)
Loss: -378.95863 Elpased: 0.2968s Converge: 0.017638 Tr: [0.01847, 0.00059, 0.02437] Val: [0.59313, 0.58530, 0.76505] Te: [0.59157, 0.58897, 0.76745]
9 iteration	(patience: 0)
Loss: -372.96229 Elpased: 0.2812s Converge: 0.015823 Tr: [0.01805, 0.00056, 0.02362] Val: [0.59128, 0.58215, 0.76299] Te: [0.58967, 0.58464, 0.76462]
10 iteration	(patience: 0)
Loss: -367.61445 Elpased: 0.3124s Converge: 0.014339 Tr: [0.01769, 0.00053, 0.02297] Val: [0.58955, 0.57913, 0.76101] Te: [0.58776, 0.58034, 0.76180]
11 iteration	(patience: 0)
Loss: -362.79644 Elpased: 0.2824s Converge: 0.013106 Tr: [0.01736, 0.00050, 0.02241] Val: [0.58796, 0.57626, 0.75912] Te: [0.58590, 0.57622, 0.75909]
12 iteration	(patience: 0)
Loss: -358.41796 Elpased: 0.2968s Converge: 0.012069 Tr: [0.01706, 0.00048, 0.02193] Val: [0.58658, 0.57355, 0.75733] Te: [0.58394, 0.57233, 0.75653]
13 iteration	(patience: 0)
Loss: -354.40946 Elpased: 0.2968s Converge: 0.011184 Tr: [0.01679, 0.00046, 0.02149] Val: [0.58522, 0.57098, 0.75563] Te: [0.58185, 0.56866, 0.75409]
14 iteration	(patience: 0)
Loss: -350.71634 Elpased: 0.2964s Converge: 0.010420 Tr: [0.01654, 0.00045, 0.02111] Val: [0.58391, 0.56857, 0.75403] Te: [0.57976, 0.56516, 0.75177]
15 iteration	(patience: 0)
Loss: -347.29484 Elpased: 0.3281s Converge: 0.009756 Tr: [0.01631, 0.00043, 0.02076] Val: [0.58264, 0.56629, 0.75252] Te: [0.57766, 0.56185, 0.74957]
16 iteration	(patience: 0)
Loss: -344.10936 Elpased: 0.2968s Converge: 0.009172 Tr: [0.01609, 0.00042, 0.02045] Val: [0.58139, 0.56414, 0.75109] Te: [0.57575, 0.55873, 0.74748]
17 iteration	(patience: 0)
Loss: -341.13066 Elpased: 0.2968s Converge: 0.008656 Tr: [0.01589, 0.00041, 0.02017] Val: [0.58018, 0.56211, 0.74974] Te: [0.57406, 0.55580, 0.74552]
18 iteration	(patience: 0)
Loss: -338.33457 Elpased: 0.3125s Converge: 0.008197 Tr: [0.01571, 0.00040, 0.01991] Val: [0.57900, 0.56019, 0.74846] Te: [0.57254, 0.55305, 0.74367]
19 iteration	(patience: 0)
Loss: -335.70094 Elpased: 0.2812s Converge: 0.007784 Tr: [0.01553, 0.00039, 0.01967] Val: [0.57790, 0.55836, 0.74724] Te: [0.57113, 0.55046, 0.74193]
20 iteration	(patience: 0)
Loss: -333.21279 Elpased: 0.2968s Converge: 0.007412 Tr: [0.01537, 0.00038, 0.01945] Val: [0.57687, 0.55662, 0.74607] Te: [0.56976, 0.54799, 0.74026]
21 iteration	(patience: 0)
Loss: -330.85573 Elpased: 0.3146s Converge: 0.007074 Tr: [0.01521, 0.00037, 0.01924] Val: [0.57590, 0.55496, 0.74495] Te: [0.56843, 0.54561, 0.73866]
22 iteration	(patience: 0)
Loss: -328.61739 Elpased: 0.3124s Converge: 0.006765 Tr: [0.01507, 0.00036, 0.01905] Val: [0.57500, 0.55336, 0.74388] Te: [0.56722, 0.54330, 0.73709]
23 iteration	(patience: 0)
Loss: -326.48714 Elpased: 0.2968s Converge: 0.006482 Tr: [0.01493, 0.00036, 0.01888] Val: [0.57418, 0.55180, 0.74283] Te: [0.56609, 0.54105, 0.73556]
24 iteration	(patience: 0)
Loss: -324.45574 Elpased: 0.3136s Converge: 0.006222 Tr: [0.01479, 0.00035, 0.01871] Val: [0.57346, 0.55029, 0.74182] Te: [0.56500, 0.53883, 0.73405]
25 iteration	(patience: 0)
Loss: -322.51512 Elpased: 0.2968s Converge: 0.005981 Tr: [0.01467, 0.00034, 0.01856] Val: [0.57280, 0.54882, 0.74082] Te: [0.56389, 0.53667, 0.73258]
26 iteration	(patience: 0)
Loss: -320.65819 Elpased: 0.2812s Converge: 0.005758 Tr: [0.01455, 0.00034, 0.01841] Val: [0.57215, 0.54737, 0.73985] Te: [0.56282, 0.53455, 0.73113]
27 iteration	(patience: 0)
Loss: -318.87870 Elpased: 0.3225s Converge: 0.005549 Tr: [0.01444, 0.00033, 0.01827] Val: [0.57146, 0.54596, 0.73889] Te: [0.56179, 0.53249, 0.72972]
28 iteration	(patience: 0)
Loss: -317.17108 Elpased: 0.2812s Converge: 0.005355 Tr: [0.01433, 0.00033, 0.01815] Val: [0.57078, 0.54458, 0.73796] Te: [0.56073, 0.53047, 0.72834]
29 iteration	(patience: 0)
Loss: -315.53038 Elpased: 0.3124s Converge: 0.005173 Tr: [0.01423, 0.00032, 0.01802] Val: [0.57008, 0.54323, 0.73704] Te: [0.55966, 0.52852, 0.72699]
30 iteration	(patience: 0)
Loss: -313.95216 Elpased: 0.2812s Converge: 0.005002 Tr: [0.01413, 0.00032, 0.01791] Val: [0.56938, 0.54193, 0.73616] Te: [0.55862, 0.52661, 0.72568]
31 iteration	(patience: 0)
Loss: -312.43240 Elpased: 0.2968s Converge: 0.004841 Tr: [0.01403, 0.00032, 0.01780] Val: [0.56870, 0.54066, 0.73530] Te: [0.55757, 0.52476, 0.72440]
32 iteration	(patience: 0)
Loss: -310.96751 Elpased: 0.3014s Converge: 0.004689 Tr: [0.01394, 0.00031, 0.01770] Val: [0.56808, 0.53943, 0.73446] Te: [0.55651, 0.52295, 0.72315]
33 iteration	(patience: 0)
Loss: -309.55422 Elpased: 0.2968s Converge: 0.004545 Tr: [0.01386, 0.00031, 0.01760] Val: [0.56744, 0.53825, 0.73365] Te: [0.55546, 0.52119, 0.72194]
34 iteration	(patience: 0)
Loss: -308.18959 Elpased: 0.2968s Converge: 0.004408 Tr: [0.01377, 0.00031, 0.01751] Val: [0.56683, 0.53710, 0.73287] Te: [0.55441, 0.51948, 0.72075]
35 iteration	(patience: 0)
Loss: -306.87090 Elpased: 0.2968s Converge: 0.004279 Tr: [0.01369, 0.00030, 0.01742] Val: [0.56619, 0.53599, 0.73211] Te: [0.55335, 0.51781, 0.71959]
36 iteration	(patience: 0)
Loss: -305.59572 Elpased: 0.2968s Converge: 0.004155 Tr: [0.01361, 0.00030, 0.01733] Val: [0.56556, 0.53490, 0.73137] Te: [0.55232, 0.51619, 0.71847]
37 iteration	(patience: 0)
Loss: -304.36179 Elpased: 0.3167s Converge: 0.004038 Tr: [0.01354, 0.00030, 0.01725] Val: [0.56489, 0.53385, 0.73065] Te: [0.55132, 0.51462, 0.71737]
38 iteration	(patience: 0)
Loss: -303.16703 Elpased: 0.2893s Converge: 0.003925 Tr: [0.01347, 0.00029, 0.01717] Val: [0.56421, 0.53283, 0.72995] Te: [0.55037, 0.51310, 0.71631]
39 iteration	(patience: 0)
Loss: -302.00953 Elpased: 0.2968s Converge: 0.003818 Tr: [0.01340, 0.00029, 0.01710] Val: [0.56353, 0.53182, 0.72926] Te: [0.54944, 0.51162, 0.71528]
40 iteration	(patience: 0)
Loss: -300.88754 Elpased: 0.2968s Converge: 0.003715 Tr: [0.01333, 0.00029, 0.01702] Val: [0.56286, 0.53084, 0.72859] Te: [0.54856, 0.51019, 0.71428]
41 iteration	(patience: 0)
Loss: -299.79941 Elpased: 0.2968s Converge: 0.003616 Tr: [0.01326, 0.00029, 0.01695] Val: [0.56217, 0.52987, 0.72792] Te: [0.54768, 0.50881, 0.71331]
42 iteration	(patience: 0)
Loss: -298.74362 Elpased: 0.2968s Converge: 0.003522 Tr: [0.01320, 0.00029, 0.01689] Val: [0.56147, 0.52891, 0.72726] Te: [0.54682, 0.50747, 0.71237]
43 iteration	(patience: 0)
Loss: -297.71875 Elpased: 0.3124s Converge: 0.003431 Tr: [0.01314, 0.00028, 0.01682] Val: [0.56077, 0.52796, 0.72661] Te: [0.54598, 0.50617, 0.71146]
44 iteration	(patience: 0)
Loss: -296.72346 Elpased: 0.2828s Converge: 0.003343 Tr: [0.01308, 0.00028, 0.01676] Val: [0.56005, 0.52702, 0.72596] Te: [0.54514, 0.50492, 0.71058]
45 iteration	(patience: 0)
Loss: -295.75651 Elpased: 0.2968s Converge: 0.003259 Tr: [0.01302, 0.00028, 0.01670] Val: [0.55935, 0.52609, 0.72532] Te: [0.54434, 0.50370, 0.70972]
46 iteration	(patience: 0)
Loss: -294.81671 Elpased: 0.2968s Converge: 0.003178 Tr: [0.01296, 0.00028, 0.01664] Val: [0.55862, 0.52516, 0.72468] Te: [0.54360, 0.50252, 0.70889]
47 iteration	(patience: 0)
Loss: -293.90296 Elpased: 0.2968s Converge: 0.003099 Tr: [0.01291, 0.00028, 0.01659] Val: [0.55790, 0.52423, 0.72404] Te: [0.54291, 0.50138, 0.70808]
48 iteration	(patience: 0)
Loss: -293.01420 Elpased: 0.2968s Converge: 0.003024 Tr: [0.01285, 0.00027, 0.01653] Val: [0.55720, 0.52331, 0.72340] Te: [0.54226, 0.50026, 0.70729]
49 iteration	(patience: 0)
Loss: -292.14944 Elpased: 0.3125s Converge: 0.002951 Tr: [0.01280, 0.00027, 0.01648] Val: [0.55650, 0.52238, 0.72276] Te: [0.54163, 0.49918, 0.70652]
50 iteration	(patience: 0)
Loss: -291.30773 Elpased: 0.2969s Converge: 0.002881 Tr: [0.01275, 0.00027, 0.01643] Val: [0.55581, 0.52146, 0.72212] Te: [0.54102, 0.49812, 0.70577]
51 iteration	(patience: 0)
Loss: -290.48819 Elpased: 0.2824s Converge: 0.002813 Tr: [0.01270, 0.00027, 0.01638] Val: [0.55514, 0.52053, 0.72148] Te: [0.54042, 0.49708, 0.70504]
52 iteration	(patience: 0)
Loss: -289.68995 Elpased: 0.3125s Converge: 0.002748 Tr: [0.01265, 0.00027, 0.01633] Val: [0.55445, 0.51960, 0.72083] Te: [0.53981, 0.49606, 0.70432]
53 iteration	(patience: 0)
Loss: -288.91222 Elpased: 0.2921s Converge: 0.002685 Tr: [0.01261, 0.00027, 0.01629] Val: [0.55376, 0.51866, 0.72018] Te: [0.53920, 0.49507, 0.70361]
54 iteration	(patience: 0)
Loss: -288.15424 Elpased: 0.2865s Converge: 0.002624 Tr: [0.01256, 0.00026, 0.01624] Val: [0.55308, 0.51772, 0.71953] Te: [0.53859, 0.49409, 0.70291]
55 iteration	(patience: 0)
Loss: -287.41528 Elpased: 0.2968s Converge: 0.002564 Tr: [0.01252, 0.00026, 0.01620] Val: [0.55242, 0.51678, 0.71887] Te: [0.53797, 0.49313, 0.70223]
56 iteration	(patience: 0)
Loss: -286.69465 Elpased: 0.2968s Converge: 0.002507 Tr: [0.01247, 0.00026, 0.01616] Val: [0.55177, 0.51583, 0.71821] Te: [0.53737, 0.49218, 0.70155]
57 iteration	(patience: 0)
Loss: -285.99172 Elpased: 0.2968s Converge: 0.002452 Tr: [0.01243, 0.00026, 0.01611] Val: [0.55112, 0.51487, 0.71755] Te: [0.53678, 0.49124, 0.70089]
58 iteration	(patience: 0)
Loss: -285.30585 Elpased: 0.2925s Converge: 0.002398 Tr: [0.01239, 0.00026, 0.01607] Val: [0.55047, 0.51391, 0.71688] Te: [0.53621, 0.49032, 0.70023]
59 iteration	(patience: 0)
Loss: -284.63647 Elpased: 0.3124s Converge: 0.002346 Tr: [0.01235, 0.00026, 0.01604] Val: [0.54981, 0.51295, 0.71620] Te: [0.53565, 0.48941, 0.69958]
60 iteration	(patience: 0)
Loss: -283.98303 Elpased: 0.2812s Converge: 0.002296 Tr: [0.01231, 0.00026, 0.01600] Val: [0.54914, 0.51198, 0.71552] Te: [0.53510, 0.48851, 0.69893]
61 iteration	(patience: 0)
Loss: -283.34500 Elpased: 0.3073s Converge: 0.002247 Tr: [0.01227, 0.00025, 0.01596] Val: [0.54847, 0.51100, 0.71484] Te: [0.53458, 0.48762, 0.69830]
62 iteration	(patience: 0)
Loss: -282.72188 Elpased: 0.2968s Converge: 0.002199 Tr: [0.01223, 0.00025, 0.01593] Val: [0.54779, 0.51002, 0.71416] Te: [0.53407, 0.48674, 0.69767]
63 iteration	(patience: 0)
Loss: -282.11320 Elpased: 0.3124s Converge: 0.002153 Tr: [0.01220, 0.00025, 0.01589] Val: [0.54711, 0.50904, 0.71347] Te: [0.53357, 0.48587, 0.69704]
64 iteration	(patience: 0)
Loss: -281.51851 Elpased: 0.2968s Converge: 0.002108 Tr: [0.01216, 0.00025, 0.01586] Val: [0.54645, 0.50806, 0.71278] Te: [0.53306, 0.48501, 0.69642]
65 iteration	(patience: 0)
Loss: -280.93738 Elpased: 0.2968s Converge: 0.002064 Tr: [0.01213, 0.00025, 0.01583] Val: [0.54579, 0.50708, 0.71209] Te: [0.53255, 0.48416, 0.69581]
66 iteration	(patience: 0)
Loss: -280.36940 Elpased: 0.2812s Converge: 0.002022 Tr: [0.01209, 0.00025, 0.01579] Val: [0.54513, 0.50609, 0.71140] Te: [0.53204, 0.48331, 0.69521]
67 iteration	(patience: 0)
Loss: -279.81417 Elpased: 0.2968s Converge: 0.001980 Tr: [0.01206, 0.00025, 0.01576] Val: [0.54446, 0.50511, 0.71071] Te: [0.53152, 0.48248, 0.69461]
68 iteration	(patience: 0)
Loss: -279.27134 Elpased: 0.2875s Converge: 0.001940 Tr: [0.01203, 0.00025, 0.01573] Val: [0.54380, 0.50413, 0.71002] Te: [0.53101, 0.48165, 0.69401]
69 iteration	(patience: 0)
Loss: -278.74052 Elpased: 0.3124s Converge: 0.001901 Tr: [0.01199, 0.00025, 0.01570] Val: [0.54314, 0.50315, 0.70933] Te: [0.53050, 0.48083, 0.69342]
70 iteration	(patience: 0)
Loss: -278.22140 Elpased: 0.3151s Converge: 0.001862 Tr: [0.01196, 0.00025, 0.01567] Val: [0.54248, 0.50217, 0.70864] Te: [0.53000, 0.48002, 0.69283]
71 iteration	(patience: 0)
Loss: -277.71362 Elpased: 0.2897s Converge: 0.001825 Tr: [0.01193, 0.00024, 0.01565] Val: [0.54183, 0.50120, 0.70795] Te: [0.52950, 0.47922, 0.69225]
72 iteration	(patience: 0)
Loss: -277.21688 Elpased: 0.2968s Converge: 0.001789 Tr: [0.01190, 0.00024, 0.01562] Val: [0.54120, 0.50023, 0.70727] Te: [0.52901, 0.47842, 0.69168]
73 iteration	(patience: 0)
Loss: -276.73087 Elpased: 0.2938s Converge: 0.001753 Tr: [0.01187, 0.00024, 0.01559] Val: [0.54057, 0.49927, 0.70659] Te: [0.52851, 0.47763, 0.69110]
74 iteration	(patience: 0)
Loss: -276.25530 Elpased: 0.2854s Converge: 0.001719 Tr: [0.01184, 0.00024, 0.01557] Val: [0.53994, 0.49831, 0.70591] Te: [0.52802, 0.47684, 0.69054]
75 iteration	(patience: 0)
Loss: -275.78988 Elpased: 0.2968s Converge: 0.001685 Tr: [0.01182, 0.00024, 0.01554] Val: [0.53933, 0.49736, 0.70524] Te: [0.52753, 0.47606, 0.68997]
76 iteration	(patience: 0)
Loss: -275.33435 Elpased: 0.2812s Converge: 0.001652 Tr: [0.01179, 0.00024, 0.01552] Val: [0.53871, 0.49642, 0.70457] Te: [0.52705, 0.47529, 0.68941]
77 iteration	(patience: 0)
Loss: -274.88844 Elpased: 0.3124s Converge: 0.001620 Tr: [0.01176, 0.00024, 0.01549] Val: [0.53811, 0.49548, 0.70391] Te: [0.52658, 0.47452, 0.68885]
78 iteration	(patience: 0)
Loss: -274.45190 Elpased: 0.2933s Converge: 0.001588 Tr: [0.01173, 0.00024, 0.01547] Val: [0.53752, 0.49456, 0.70325] Te: [0.52610, 0.47376, 0.68830]
79 iteration	(patience: 0)
Loss: -274.02448 Elpased: 0.3125s Converge: 0.001557 Tr: [0.01171, 0.00024, 0.01544] Val: [0.53694, 0.49364, 0.70260] Te: [0.52562, 0.47300, 0.68775]
80 iteration	(patience: 0)
Loss: -273.60595 Elpased: 0.3124s Converge: 0.001527 Tr: [0.01168, 0.00024, 0.01542] Val: [0.53636, 0.49273, 0.70195] Te: [0.52515, 0.47225, 0.68720]
81 iteration	(patience: 0)
Loss: -273.19609 Elpased: 0.2968s Converge: 0.001498 Tr: [0.01166, 0.00024, 0.01540] Val: [0.53579, 0.49183, 0.70131] Te: [0.52467, 0.47150, 0.68666]
82 iteration	(patience: 0)
Loss: -272.79466 Elpased: 0.2944s Converge: 0.001469 Tr: [0.01163, 0.00024, 0.01538] Val: [0.53522, 0.49095, 0.70068] Te: [0.52419, 0.47076, 0.68612]
83 iteration	(patience: 0)
Loss: -272.40147 Elpased: 0.2968s Converge: 0.001441 Tr: [0.01161, 0.00024, 0.01536] Val: [0.53467, 0.49007, 0.70005] Te: [0.52371, 0.47003, 0.68559]
84 iteration	(patience: 0)
Loss: -272.01630 Elpased: 0.2812s Converge: 0.001414 Tr: [0.01159, 0.00024, 0.01534] Val: [0.53412, 0.48921, 0.69943] Te: [0.52323, 0.46930, 0.68505]
85 iteration	(patience: 0)
Loss: -271.63895 Elpased: 0.2978s Converge: 0.001387 Tr: [0.01156, 0.00023, 0.01531] Val: [0.53359, 0.48835, 0.69882] Te: [0.52276, 0.46858, 0.68453]
86 iteration	(patience: 0)
Loss: -271.26923 Elpased: 0.3124s Converge: 0.001361 Tr: [0.01154, 0.00023, 0.01529] Val: [0.53305, 0.48751, 0.69822] Te: [0.52228, 0.46786, 0.68400]
87 iteration	(patience: 0)
Loss: -270.90695 Elpased: 0.2968s Converge: 0.001335 Tr: [0.01152, 0.00023, 0.01528] Val: [0.53253, 0.48668, 0.69763] Te: [0.52181, 0.46715, 0.68348]
88 iteration	(patience: 0)
Loss: -270.55194 Elpased: 0.2991s Converge: 0.001310 Tr: [0.01150, 0.00023, 0.01526] Val: [0.53202, 0.48586, 0.69704] Te: [0.52134, 0.46644, 0.68296]
89 iteration	(patience: 0)
Loss: -270.20401 Elpased: 0.3124s Converge: 0.001286 Tr: [0.01148, 0.00023, 0.01524] Val: [0.53152, 0.48506, 0.69646] Te: [0.52088, 0.46574, 0.68245]
90 iteration	(patience: 0)
Loss: -269.86300 Elpased: 0.2812s Converge: 0.001262 Tr: [0.01145, 0.00023, 0.01522] Val: [0.53104, 0.48427, 0.69590] Te: [0.52041, 0.46505, 0.68194]
91 iteration	(patience: 0)
Loss: -269.52874 Elpased: 0.2968s Converge: 0.001239 Tr: [0.01143, 0.00023, 0.01520] Val: [0.53056, 0.48349, 0.69534] Te: [0.51995, 0.46436, 0.68144]
92 iteration	(patience: 0)
Loss: -269.20106 Elpased: 0.2898s Converge: 0.001216 Tr: [0.01141, 0.00023, 0.01518] Val: [0.53008, 0.48273, 0.69479] Te: [0.51948, 0.46368, 0.68094]
93 iteration	(patience: 0)
Loss: -268.87982 Elpased: 0.2812s Converge: 0.001193 Tr: [0.01139, 0.00023, 0.01517] Val: [0.52961, 0.48198, 0.69425] Te: [0.51902, 0.46300, 0.68044]
94 iteration	(patience: 0)
Loss: -268.56486 Elpased: 0.2968s Converge: 0.001171 Tr: [0.01137, 0.00023, 0.01515] Val: [0.52915, 0.48124, 0.69372] Te: [0.51857, 0.46233, 0.67995]
95 iteration	(patience: 0)
Loss: -268.25604 Elpased: 0.2968s Converge: 0.001150 Tr: [0.01136, 0.00023, 0.01513] Val: [0.52870, 0.48052, 0.69320] Te: [0.51812, 0.46167, 0.67946]
96 iteration	(patience: 0)
Loss: -267.95321 Elpased: 0.2968s Converge: 0.001129 Tr: [0.01134, 0.00023, 0.01512] Val: [0.52825, 0.47981, 0.69269] Te: [0.51767, 0.46101, 0.67898]
97 iteration	(patience: 0)
Loss: -267.65623 Elpased: 0.2968s Converge: 0.001108 Tr: [0.01132, 0.00023, 0.01510] Val: [0.52781, 0.47912, 0.69218] Te: [0.51723, 0.46037, 0.67850]
98 iteration	(patience: 0)
Loss: -267.36498 Elpased: 0.2968s Converge: 0.001088 Tr: [0.01130, 0.00023, 0.01509] Val: [0.52738, 0.47844, 0.69169] Te: [0.51679, 0.45972, 0.67803]
99 iteration	(patience: 0)
Loss: -267.07931 Elpased: 0.2968s Converge: 0.001068 Tr: [0.01128, 0.00023, 0.01507] Val: [0.52696, 0.47777, 0.69121] Te: [0.51636, 0.45909, 0.67756]
100 iteration	(patience: 0)
Loss: -266.79910 Elpased: 0.2984s Converge: 0.001049 Tr: [0.01126, 0.00023, 0.01506] Val: [0.52655, 0.47712, 0.69074] Te: [0.51594, 0.45846, 0.67709]
101 iteration	(patience: 0)
Loss: -266.52424 Elpased: 0.2968s Converge: 0.001030 Tr: [0.01125, 0.00023, 0.01504] Val: [0.52615, 0.47647, 0.69027] Te: [0.51553, 0.45783, 0.67663]
102 iteration	(patience: 0)
Loss: -266.25459 Elpased: 0.2968s Converge: 0.001012 Tr: [0.01123, 0.00023, 0.01503] Val: [0.52576, 0.47585, 0.68982] Te: [0.51513, 0.45722, 0.67618]
103 iteration	(patience: 0)
Loss: -265.99005 Elpased: 0.2812s Converge: 0.000994 Tr: [0.01121, 0.00023, 0.01501] Val: [0.52537, 0.47523, 0.68937] Te: [0.51473, 0.45661, 0.67573]
104 iteration	(patience: 0)
Loss: -265.73049 Elpased: 0.3125s Converge: 0.000976 Tr: [0.01120, 0.00022, 0.01500] Val: [0.52498, 0.47463, 0.68894] Te: [0.51433, 0.45601, 0.67528]
105 iteration	(patience: 0)
Loss: -265.47582 Elpased: 0.2968s Converge: 0.000958 Tr: [0.01118, 0.00022, 0.01499] Val: [0.52460, 0.47404, 0.68851] Te: [0.51394, 0.45541, 0.67484]
106 iteration	(patience: 0)
Loss: -265.22592 Elpased: 0.2968s Converge: 0.000941 Tr: [0.01117, 0.00022, 0.01497] Val: [0.52423, 0.47347, 0.68809] Te: [0.51355, 0.45482, 0.67440]
107 iteration	(patience: 0)
Loss: -264.98070 Elpased: 0.2968s Converge: 0.000925 Tr: [0.01115, 0.00022, 0.01496] Val: [0.52386, 0.47290, 0.68768] Te: [0.51317, 0.45424, 0.67397]
108 iteration	(patience: 0)
Loss: -264.74004 Elpased: 0.2979s Converge: 0.000908 Tr: [0.01113, 0.00022, 0.01495] Val: [0.52350, 0.47235, 0.68728] Te: [0.51279, 0.45366, 0.67355]
109 iteration	(patience: 0)
Loss: -264.50385 Elpased: 0.2968s Converge: 0.000892 Tr: [0.01112, 0.00022, 0.01493] Val: [0.52314, 0.47181, 0.68689] Te: [0.51242, 0.45309, 0.67312]
110 iteration	(patience: 0)
Loss: -264.27204 Elpased: 0.2968s Converge: 0.000876 Tr: [0.01110, 0.00022, 0.01492] Val: [0.52279, 0.47129, 0.68650] Te: [0.51205, 0.45253, 0.67270]
111 iteration	(patience: 0)
Loss: -264.04451 Elpased: 0.2812s Converge: 0.000861 Tr: [0.01109, 0.00022, 0.01491] Val: [0.52245, 0.47077, 0.68613] Te: [0.51169, 0.45198, 0.67229]
112 iteration	(patience: 0)
Loss: -263.82117 Elpased: 0.3437s Converge: 0.000846 Tr: [0.01108, 0.00022, 0.01490] Val: [0.52211, 0.47026, 0.68576] Te: [0.51133, 0.45143, 0.67188]
113 iteration	(patience: 0)
Loss: -263.60194 Elpased: 0.2812s Converge: 0.000831 Tr: [0.01106, 0.00022, 0.01489] Val: [0.52178, 0.46977, 0.68540] Te: [0.51098, 0.45088, 0.67148]
114 iteration	(patience: 0)
Loss: -263.38672 Elpased: 0.2968s Converge: 0.000816 Tr: [0.01105, 0.00022, 0.01487] Val: [0.52145, 0.46929, 0.68504] Te: [0.51063, 0.45035, 0.67108]
115 iteration	(patience: 0)
Loss: -263.17545 Elpased: 0.2989s Converge: 0.000802 Tr: [0.01103, 0.00022, 0.01486] Val: [0.52113, 0.46881, 0.68470] Te: [0.51029, 0.44982, 0.67069]
116 iteration	(patience: 0)
Loss: -262.96802 Elpased: 0.2968s Converge: 0.000788 Tr: [0.01102, 0.00022, 0.01485] Val: [0.52082, 0.46835, 0.68436] Te: [0.50996, 0.44930, 0.67030]
117 iteration	(patience: 0)
Loss: -262.76437 Elpased: 0.2812s Converge: 0.000774 Tr: [0.01101, 0.00022, 0.01484] Val: [0.52052, 0.46790, 0.68403] Te: [0.50963, 0.44878, 0.66991]
118 iteration	(patience: 0)
Loss: -262.56442 Elpased: 0.2974s Converge: 0.000761 Tr: [0.01099, 0.00022, 0.01483] Val: [0.52022, 0.46745, 0.68370] Te: [0.50931, 0.44827, 0.66953]
119 iteration	(patience: 0)
Loss: -262.36810 Elpased: 0.2968s Converge: 0.000748 Tr: [0.01098, 0.00022, 0.01482] Val: [0.51993, 0.46702, 0.68339] Te: [0.50899, 0.44777, 0.66916]
120 iteration	(patience: 0)
Loss: -262.17532 Elpased: 0.3124s Converge: 0.000735 Tr: [0.01097, 0.00022, 0.01481] Val: [0.51965, 0.46659, 0.68307] Te: [0.50868, 0.44728, 0.66879]
121 iteration	(patience: 0)
Loss: -261.98602 Elpased: 0.2812s Converge: 0.000722 Tr: [0.01096, 0.00022, 0.01480] Val: [0.51938, 0.46617, 0.68277] Te: [0.50837, 0.44679, 0.66842]
122 iteration	(patience: 0)
Loss: -261.80012 Elpased: 0.2812s Converge: 0.000710 Tr: [0.01094, 0.00022, 0.01479] Val: [0.51911, 0.46577, 0.68247] Te: [0.50807, 0.44631, 0.66806]
123 iteration	(patience: 0)
Loss: -261.61757 Elpased: 0.3124s Converge: 0.000697 Tr: [0.01093, 0.00022, 0.01478] Val: [0.51884, 0.46537, 0.68218] Te: [0.50778, 0.44583, 0.66771]
124 iteration	(patience: 0)
Loss: -261.43829 Elpased: 0.3125s Converge: 0.000685 Tr: [0.01092, 0.00022, 0.01477] Val: [0.51859, 0.46497, 0.68189] Te: [0.50749, 0.44536, 0.66735]
125 iteration	(patience: 0)
Loss: -261.26222 Elpased: 0.2798s Converge: 0.000673 Tr: [0.01091, 0.00022, 0.01476] Val: [0.51833, 0.46459, 0.68161] Te: [0.50722, 0.44490, 0.66701]
126 iteration	(patience: 0)
Loss: -261.08929 Elpased: 0.2968s Converge: 0.000662 Tr: [0.01090, 0.00022, 0.01475] Val: [0.51809, 0.46422, 0.68133] Te: [0.50694, 0.44444, 0.66667]
127 iteration	(patience: 0)
Loss: -260.91945 Elpased: 0.2968s Converge: 0.000651 Tr: [0.01089, 0.00022, 0.01474] Val: [0.51784, 0.46385, 0.68106] Te: [0.50666, 0.44399, 0.66633]
128 iteration	(patience: 0)
Loss: -260.75263 Elpased: 0.2968s Converge: 0.000639 Tr: [0.01087, 0.00022, 0.01473] Val: [0.51761, 0.46349, 0.68080] Te: [0.50639, 0.44355, 0.66600]
129 iteration	(patience: 0)
Loss: -260.58877 Elpased: 0.2968s Converge: 0.000628 Tr: [0.01086, 0.00022, 0.01472] Val: [0.51737, 0.46313, 0.68054] Te: [0.50613, 0.44311, 0.66567]
130 iteration	(patience: 0)
Loss: -260.42782 Elpased: 0.2968s Converge: 0.000618 Tr: [0.01085, 0.00022, 0.01472] Val: [0.51714, 0.46279, 0.68028] Te: [0.50586, 0.44268, 0.66535]
131 iteration	(patience: 0)
Loss: -260.26971 Elpased: 0.3125s Converge: 0.000607 Tr: [0.01084, 0.00022, 0.01471] Val: [0.51691, 0.46245, 0.68003] Te: [0.50560, 0.44226, 0.66503]
132 iteration	(patience: 0)
Loss: -260.11440 Elpased: 0.2989s Converge: 0.000597 Tr: [0.01083, 0.00022, 0.01470] Val: [0.51669, 0.46211, 0.67979] Te: [0.50534, 0.44184, 0.66471]
133 iteration	(patience: 0)
Loss: -259.96183 Elpased: 0.2818s Converge: 0.000587 Tr: [0.01082, 0.00022, 0.01469] Val: [0.51646, 0.46178, 0.67955] Te: [0.50509, 0.44143, 0.66440]
134 iteration	(patience: 0)
Loss: -259.81194 Elpased: 0.2968s Converge: 0.000577 Tr: [0.01081, 0.00022, 0.01468] Val: [0.51625, 0.46146, 0.67931] Te: [0.50484, 0.44102, 0.66410]
135 iteration	(patience: 0)
Loss: -259.66469 Elpased: 0.3112s Converge: 0.000567 Tr: [0.01080, 0.00022, 0.01467] Val: [0.51603, 0.46115, 0.67908] Te: [0.50459, 0.44062, 0.66379]
136 iteration	(patience: 0)
Loss: -259.52003 Elpased: 0.2968s Converge: 0.000557 Tr: [0.01079, 0.00022, 0.01467] Val: [0.51582, 0.46084, 0.67885] Te: [0.50434, 0.44023, 0.66350]
137 iteration	(patience: 0)
Loss: -259.37789 Elpased: 0.2968s Converge: 0.000548 Tr: [0.01078, 0.00021, 0.01466] Val: [0.51562, 0.46054, 0.67863] Te: [0.50410, 0.43984, 0.66320]
138 iteration	(patience: 0)
Loss: -259.23825 Elpased: 0.2834s Converge: 0.000538 Tr: [0.01077, 0.00021, 0.01465] Val: [0.51541, 0.46024, 0.67841] Te: [0.50386, 0.43946, 0.66292]
139 iteration	(patience: 0)
Loss: -259.10104 Elpased: 0.2812s Converge: 0.000529 Tr: [0.01076, 0.00021, 0.01464] Val: [0.51522, 0.45995, 0.67819] Te: [0.50362, 0.43908, 0.66263]
140 iteration	(patience: 0)
Loss: -258.96622 Elpased: 0.2968s Converge: 0.000520 Tr: [0.01075, 0.00021, 0.01463] Val: [0.51502, 0.45966, 0.67798] Te: [0.50338, 0.43871, 0.66235]
141 iteration	(patience: 0)
Loss: -258.83375 Elpased: 0.3125s Converge: 0.000512 Tr: [0.01074, 0.00021, 0.01463] Val: [0.51483, 0.45938, 0.67777] Te: [0.50315, 0.43834, 0.66207]
142 iteration	(patience: 0)
Loss: -258.70358 Elpased: 0.3110s Converge: 0.000503 Tr: [0.01073, 0.00021, 0.01462] Val: [0.51464, 0.45910, 0.67757] Te: [0.50291, 0.43798, 0.66180]
143 iteration	(patience: 0)
Loss: -258.57567 Elpased: 0.2968s Converge: 0.000494 Tr: [0.01073, 0.00021, 0.01461] Val: [0.51445, 0.45883, 0.67737] Te: [0.50268, 0.43763, 0.66153]
144 iteration	(patience: 0)
Loss: -258.44998 Elpased: 0.2968s Converge: 0.000486 Tr: [0.01072, 0.00021, 0.01461] Val: [0.51426, 0.45856, 0.67717] Te: [0.50246, 0.43728, 0.66127]
145 iteration	(patience: 0)
Loss: -258.32646 Elpased: 0.3004s Converge: 0.000478 Tr: [0.01071, 0.00021, 0.01460] Val: [0.51408, 0.45830, 0.67698] Te: [0.50225, 0.43693, 0.66101]
146 iteration	(patience: 0)
Loss: -258.20507 Elpased: 0.2812s Converge: 0.000470 Tr: [0.01070, 0.00021, 0.01459] Val: [0.51390, 0.45804, 0.67679] Te: [0.50204, 0.43659, 0.66075]
147 iteration	(patience: 0)
Loss: -258.08578 Elpased: 0.3124s Converge: 0.000462 Tr: [0.01069, 0.00021, 0.01459] Val: [0.51372, 0.45779, 0.67660] Te: [0.50183, 0.43626, 0.66050]
148 iteration	(patience: 0)
Loss: -257.96854 Elpased: 0.2968s Converge: 0.000454 Tr: [0.01068, 0.00021, 0.01458] Val: [0.51355, 0.45754, 0.67642] Te: [0.50163, 0.43593, 0.66025]
149 iteration	(patience: 0)
Loss: -257.85331 Elpased: 0.2812s Converge: 0.000447 Tr: [0.01067, 0.00021, 0.01457] Val: [0.51338, 0.45730, 0.67624] Te: [0.50143, 0.43560, 0.66000]
150 iteration	(patience: 0)
Loss: -257.74007 Elpased: 0.2812s Converge: 0.000439 Tr: [0.01067, 0.00021, 0.01457] Val: [0.51321, 0.45706, 0.67606] Te: [0.50123, 0.43528, 0.65976]
151 iteration	(patience: 0)
Loss: -257.62876 Elpased: 0.2918s Converge: 0.000432 Tr: [0.01066, 0.00021, 0.01456] Val: [0.51304, 0.45682, 0.67588] Te: [0.50104, 0.43497, 0.65952]
152 iteration	(patience: 0)
Loss: -257.51937 Elpased: 0.3032s Converge: 0.000425 Tr: [0.01065, 0.00021, 0.01455] Val: [0.51288, 0.45659, 0.67571] Te: [0.50085, 0.43466, 0.65929]
153 iteration	(patience: 0)
Loss: -257.41184 Elpased: 0.2968s Converge: 0.000418 Tr: [0.01064, 0.00021, 0.01455] Val: [0.51272, 0.45636, 0.67554] Te: [0.50066, 0.43435, 0.65905]
154 iteration	(patience: 0)
Loss: -257.30614 Elpased: 0.2812s Converge: 0.000411 Tr: [0.01063, 0.00021, 0.01454] Val: [0.51256, 0.45613, 0.67538] Te: [0.50047, 0.43405, 0.65883]
155 iteration	(patience: 0)
Loss: -257.20225 Elpased: 0.2768s Converge: 0.000404 Tr: [0.01063, 0.00021, 0.01453] Val: [0.51241, 0.45591, 0.67521] Te: [0.50028, 0.43376, 0.65860]
156 iteration	(patience: 0)
Loss: -257.10013 Elpased: 0.2812s Converge: 0.000397 Tr: [0.01062, 0.00021, 0.01453] Val: [0.51226, 0.45569, 0.67505] Te: [0.50010, 0.43346, 0.65838]
157 iteration	(patience: 0)
Loss: -256.99975 Elpased: 0.3124s Converge: 0.000390 Tr: [0.01061, 0.00021, 0.01452] Val: [0.51211, 0.45548, 0.67489] Te: [0.49992, 0.43318, 0.65816]
158 iteration	(patience: 0)
Loss: -256.90107 Elpased: 0.2993s Converge: 0.000384 Tr: [0.01060, 0.00021, 0.01452] Val: [0.51196, 0.45527, 0.67474] Te: [0.49974, 0.43289, 0.65794]
159 iteration	(patience: 0)
Loss: -256.80406 Elpased: 0.2843s Converge: 0.000378 Tr: [0.01060, 0.00021, 0.01451] Val: [0.51181, 0.45506, 0.67458] Te: [0.49956, 0.43261, 0.65773]
160 iteration	(patience: 0)
Loss: -256.70869 Elpased: 0.2965s Converge: 0.000371 Tr: [0.01059, 0.00021, 0.01451] Val: [0.51167, 0.45486, 0.67443] Te: [0.49938, 0.43234, 0.65752]
161 iteration	(patience: 0)
Loss: -256.61494 Elpased: 0.2812s Converge: 0.000365 Tr: [0.01058, 0.00021, 0.01450] Val: [0.51153, 0.45466, 0.67428] Te: [0.49921, 0.43207, 0.65732]
162 iteration	(patience: 0)
Loss: -256.52278 Elpased: 0.2812s Converge: 0.000359 Tr: [0.01058, 0.00021, 0.01449] Val: [0.51139, 0.45446, 0.67413] Te: [0.49903, 0.43180, 0.65711]
163 iteration	(patience: 0)
Loss: -256.43216 Elpased: 0.2968s Converge: 0.000353 Tr: [0.01057, 0.00021, 0.01449] Val: [0.51125, 0.45426, 0.67399] Te: [0.49886, 0.43153, 0.65691]
164 iteration	(patience: 0)
Loss: -256.34308 Elpased: 0.2968s Converge: 0.000347 Tr: [0.01056, 0.00021, 0.01448] Val: [0.51112, 0.45407, 0.67385] Te: [0.49869, 0.43128, 0.65672]
165 iteration	(patience: 0)
Loss: -256.25549 Elpased: 0.2968s Converge: 0.000342 Tr: [0.01056, 0.00021, 0.01448] Val: [0.51098, 0.45388, 0.67371] Te: [0.49853, 0.43102, 0.65652]
166 iteration	(patience: 0)
Loss: -256.16938 Elpased: 0.2983s Converge: 0.000336 Tr: [0.01055, 0.00021, 0.01447] Val: [0.51085, 0.45369, 0.67357] Te: [0.49836, 0.43077, 0.65633]
167 iteration	(patience: 0)
Loss: -256.08471 Elpased: 0.3024s Converge: 0.000331 Tr: [0.01054, 0.00021, 0.01447] Val: [0.51072, 0.45351, 0.67343] Te: [0.49820, 0.43052, 0.65614]
168 iteration	(patience: 0)
Loss: -256.00146 Elpased: 0.2968s Converge: 0.000325 Tr: [0.01054, 0.00021, 0.01446] Val: [0.51059, 0.45333, 0.67330] Te: [0.49804, 0.43028, 0.65595]
169 iteration	(patience: 0)
Loss: -255.91961 Elpased: 0.2968s Converge: 0.000320 Tr: [0.01053, 0.00021, 0.01446] Val: [0.51047, 0.45315, 0.67317] Te: [0.49789, 0.43004, 0.65577]
170 iteration	(patience: 0)
Loss: -255.83912 Elpased: 0.2968s Converge: 0.000314 Tr: [0.01052, 0.00021, 0.01445] Val: [0.51034, 0.45298, 0.67303] Te: [0.49773, 0.42980, 0.65559]
171 iteration	(patience: 0)
Loss: -255.75999 Elpased: 0.2968s Converge: 0.000309 Tr: [0.01052, 0.00021, 0.01445] Val: [0.51021, 0.45280, 0.67291] Te: [0.49759, 0.42956, 0.65541]
172 iteration	(patience: 0)
Loss: -255.68217 Elpased: 0.3079s Converge: 0.000304 Tr: [0.01051, 0.00021, 0.01444] Val: [0.51009, 0.45263, 0.67278] Te: [0.49744, 0.42933, 0.65524]
173 iteration	(patience: 0)
Loss: -255.60565 Elpased: 0.2968s Converge: 0.000299 Tr: [0.01051, 0.00021, 0.01444] Val: [0.50997, 0.45246, 0.67265] Te: [0.49729, 0.42911, 0.65506]
174 iteration	(patience: 0)
Loss: -255.53040 Elpased: 0.3034s Converge: 0.000294 Tr: [0.01050, 0.00021, 0.01443] Val: [0.50984, 0.45230, 0.67253] Te: [0.49715, 0.42888, 0.65489]
175 iteration	(patience: 0)
Loss: -255.45641 Elpased: 0.2968s Converge: 0.000290 Tr: [0.01049, 0.00021, 0.01443] Val: [0.50972, 0.45213, 0.67241] Te: [0.49702, 0.42866, 0.65472]
176 iteration	(patience: 0)
Loss: -255.38365 Elpased: 0.3124s Converge: 0.000285 Tr: [0.01049, 0.00021, 0.01443] Val: [0.50960, 0.45197, 0.67229] Te: [0.49688, 0.42845, 0.65456]
177 iteration	(patience: 0)
Loss: -255.31209 Elpased: 0.2812s Converge: 0.000280 Tr: [0.01048, 0.00021, 0.01442] Val: [0.50948, 0.45181, 0.67217] Te: [0.49675, 0.42823, 0.65439]
178 iteration	(patience: 0)
Loss: -255.24173 Elpased: 0.2812s Converge: 0.000276 Tr: [0.01048, 0.00021, 0.01442] Val: [0.50936, 0.45166, 0.67205] Te: [0.49662, 0.42802, 0.65423]
179 iteration	(patience: 0)
Loss: -255.17253 Elpased: 0.3100s Converge: 0.000271 Tr: [0.01047, 0.00021, 0.01441] Val: [0.50924, 0.45150, 0.67194] Te: [0.49650, 0.42781, 0.65408]
180 iteration	(patience: 0)
Loss: -255.10447 Elpased: 0.2812s Converge: 0.000267 Tr: [0.01047, 0.00021, 0.01441] Val: [0.50913, 0.45135, 0.67183] Te: [0.49637, 0.42761, 0.65392]
181 iteration	(patience: 0)
Loss: -255.03754 Elpased: 0.2968s Converge: 0.000262 Tr: [0.01046, 0.00021, 0.01440] Val: [0.50901, 0.45120, 0.67171] Te: [0.49624, 0.42741, 0.65377]
182 iteration	(patience: 0)
Loss: -254.97172 Elpased: 0.2854s Converge: 0.000258 Tr: [0.01046, 0.00021, 0.01440] Val: [0.50890, 0.45105, 0.67160] Te: [0.49612, 0.42721, 0.65361]
183 iteration	(patience: 0)
Loss: -254.90698 Elpased: 0.2968s Converge: 0.000254 Tr: [0.01045, 0.00021, 0.01440] Val: [0.50879, 0.45090, 0.67149] Te: [0.49600, 0.42702, 0.65346]
184 iteration	(patience: 0)
Loss: -254.84331 Elpased: 0.2812s Converge: 0.000250 Tr: [0.01045, 0.00021, 0.01439] Val: [0.50868, 0.45076, 0.67139] Te: [0.49588, 0.42682, 0.65332]
185 iteration	(patience: 0)
Loss: -254.78069 Elpased: 0.2968s Converge: 0.000246 Tr: [0.01044, 0.00021, 0.01439] Val: [0.50857, 0.45062, 0.67128] Te: [0.49576, 0.42663, 0.65317]
186 iteration	(patience: 0)
Loss: -254.71910 Elpased: 0.3062s Converge: 0.000242 Tr: [0.01044, 0.00021, 0.01438] Val: [0.50846, 0.45048, 0.67118] Te: [0.49564, 0.42645, 0.65303]
187 iteration	(patience: 0)
Loss: -254.65853 Elpased: 0.3124s Converge: 0.000238 Tr: [0.01043, 0.00021, 0.01438] Val: [0.50836, 0.45034, 0.67107] Te: [0.49552, 0.42626, 0.65289]
188 iteration	(patience: 0)
Loss: -254.59895 Elpased: 0.2812s Converge: 0.000234 Tr: [0.01043, 0.00021, 0.01438] Val: [0.50826, 0.45020, 0.67097] Te: [0.49541, 0.42608, 0.65275]
189 iteration	(patience: 0)
Loss: -254.54035 Elpased: 0.2968s Converge: 0.000230 Tr: [0.01042, 0.00021, 0.01437] Val: [0.50815, 0.45007, 0.67087] Te: [0.49530, 0.42590, 0.65261]
190 iteration	(patience: 0)
Loss: -254.48271 Elpased: 0.2968s Converge: 0.000226 Tr: [0.01042, 0.00021, 0.01437] Val: [0.50805, 0.44993, 0.67077] Te: [0.49519, 0.42573, 0.65248]
191 iteration	(patience: 0)
Loss: -254.42601 Elpased: 0.2812s Converge: 0.000223 Tr: [0.01041, 0.00021, 0.01436] Val: [0.50795, 0.44980, 0.67067] Te: [0.49509, 0.42555, 0.65235]
192 iteration	(patience: 0)
Loss: -254.37024 Elpased: 0.3124s Converge: 0.000219 Tr: [0.01041, 0.00021, 0.01436] Val: [0.50785, 0.44967, 0.67057] Te: [0.49498, 0.42538, 0.65221]
193 iteration	(patience: 0)
Loss: -254.31539 Elpased: 0.3132s Converge: 0.000216 Tr: [0.01040, 0.00021, 0.01436] Val: [0.50775, 0.44954, 0.67048] Te: [0.49488, 0.42522, 0.65209]
194 iteration	(patience: 0)
Loss: -254.26143 Elpased: 0.2968s Converge: 0.000212 Tr: [0.01040, 0.00021, 0.01435] Val: [0.50765, 0.44942, 0.67039] Te: [0.49477, 0.42505, 0.65196]
195 iteration	(patience: 0)
Loss: -254.20836 Elpased: 0.3124s Converge: 0.000209 Tr: [0.01039, 0.00021, 0.01435] Val: [0.50755, 0.44929, 0.67029] Te: [0.49467, 0.42489, 0.65183]
196 iteration	(patience: 0)
Loss: -254.15615 Elpased: 0.2968s Converge: 0.000205 Tr: [0.01039, 0.00021, 0.01435] Val: [0.50745, 0.44917, 0.67020] Te: [0.49457, 0.42473, 0.65171]
197 iteration	(patience: 0)
Loss: -254.10479 Elpased: 0.3280s Converge: 0.000202 Tr: [0.01038, 0.00021, 0.01434] Val: [0.50736, 0.44905, 0.67011] Te: [0.49446, 0.42457, 0.65159]
198 iteration	(patience: 0)
Loss: -254.05427 Elpased: 0.2956s Converge: 0.000199 Tr: [0.01038, 0.00021, 0.01434] Val: [0.50726, 0.44893, 0.67002] Te: [0.49436, 0.42441, 0.65147]
199 iteration	(patience: 0)
Loss: -254.00457 Elpased: 0.2833s Converge: 0.000196 Tr: [0.01037, 0.00021, 0.01434] Val: [0.50717, 0.44881, 0.66993] Te: [0.49426, 0.42426, 0.65135]
### DRMF-Item-CNN ###

===Configuration===
lambda_u=10.000000, lambda_v=1.000000
maxlen_doc=[1,0], maxlen_sent=[21,0]
emb_dim=200, dimension=50, num_kernel_per_ws=100, dropout_rate=0.20, gru_outdim=50

Tr:Training, Val:Validation, Te:Test, []: [MAE, MSE, RMSE]
0 iteration	(patience: 0)
Loss: -14975.19066 Elpased: 2.5975s Converge: -1.000000 Tr: [1.26340, 1.98836, 1.41009] Val: [1.28466, 2.06553, 1.43719] Te: [1.25700, 1.98956, 1.41052]
1 iteration	(patience: 0)
Loss: -3143.23596 Elpased: 0.9450s Converge: 0.790104 Tr: [0.39628, 0.27426, 0.52370] Val: [0.45624, 0.37208, 0.60999] Te: [0.44557, 0.35154, 0.59291]
2 iteration	(patience: 0)
Loss: -2920.61648 Elpased: 0.9529s Converge: 0.070825 Tr: [0.35910, 0.23749, 0.48733] Val: [0.43306, 0.35251, 0.59372] Te: [0.42167, 0.33476, 0.57858]
3 iteration	(patience: 0)
Loss: -2778.62949 Elpased: 0.9542s Converge: 0.048615 Tr: [0.33979, 0.21294, 0.46146] Val: [0.43002, 0.34983, 0.59146] Te: [0.41886, 0.33312, 0.57717]
4 iteration	(patience: 0)
Loss: -2677.92405 Elpased: 0.9735s Converge: 0.036243 Tr: [0.32715, 0.19607, 0.44280] Val: [0.43000, 0.34958, 0.59125] Te: [0.41937, 0.33318, 0.57722]
5 iteration	(patience: 0)
Loss: -2614.18268 Elpased: 0.9492s Converge: 0.023803 Tr: [0.31855, 0.18571, 0.43095] Val: [0.42887, 0.34946, 0.59115] Te: [0.41890, 0.33331, 0.57733]
6 iteration	(patience: 0)
Loss: -2558.29711 Elpased: 0.9643s Converge: 0.021378 Tr: [0.31436, 0.18073, 0.42512] Val: [0.42894, 0.35002, 0.59162] Te: [0.41873, 0.33334, 0.57735]
7 iteration	(patience: 1)
Loss: -2520.10004 Elpased: 0.9721s Converge: 0.014931 Tr: [0.31218, 0.17801, 0.42192] Val: [0.42876, 0.34986, 0.59149] Te: [0.41941, 0.33380, 0.57775]
8 iteration	(patience: 1)
Loss: -2490.80297 Elpased: 0.9597s Converge: 0.011625 Tr: [0.31029, 0.17566, 0.41912] Val: [0.42812, 0.34980, 0.59144] Te: [0.41967, 0.33413, 0.57804]
9 iteration	(patience: 1)
Loss: -2457.86241 Elpased: 0.9685s Converge: 0.013225 Tr: [0.30922, 0.17479, 0.41808] Val: [0.42839, 0.35001, 0.59161] Te: [0.41976, 0.33427, 0.57816]
10 iteration	(patience: 2)
Loss: -2433.81456 Elpased: 0.9685s Converge: 0.009784 Tr: [0.30802, 0.17317, 0.41613] Val: [0.42825, 0.35024, 0.59181] Te: [0.41983, 0.33448, 0.57834]
### DRMF-Item-CNN_GRU ###

===Configuration===
lambda_u=1.000000, lambda_v=10.000000
maxlen_doc=[1,0], maxlen_sent=[21,0]
emb_dim=200, dimension=50, num_kernel_per_ws=50, dropout_rate=0.70, gru_outdim=50

Tr:Training, Val:Validation, Te:Test, []: [MAE, MSE, RMSE]
0 iteration	(patience: 0)
Loss: -36589.50676 Elpased: 5.2344s Converge: -1.000000 Tr: [2.12750, 4.94007, 2.22263] Val: [2.11855, 4.91636, 2.21729] Te: [2.11832, 4.90822, 2.21545]
1 iteration	(patience: 0)
Loss: -4879.36128 Elpased: 0.9238s Converge: 0.866646 Tr: [0.39235, 0.27907, 0.52827] Val: [0.44373, 0.36360, 0.60300] Te: [0.43238, 0.34263, 0.58535]
2 iteration	(patience: 0)
Loss: -4567.33201 Elpased: 0.9373s Converge: 0.063949 Tr: [0.37781, 0.26522, 0.51500] Val: [0.43585, 0.35513, 0.59593] Te: [0.42293, 0.33506, 0.57885]
3 iteration	(patience: 0)
Loss: -4263.47676 Elpased: 0.9060s Converge: 0.066528 Tr: [0.36476, 0.24817, 0.49816] Val: [0.43276, 0.35224, 0.59350] Te: [0.42045, 0.33335, 0.57737]
4 iteration	(patience: 0)
Loss: -3962.53631 Elpased: 0.9373s Converge: 0.070586 Tr: [0.34930, 0.22469, 0.47402] Val: [0.43346, 0.35241, 0.59364] Te: [0.42120, 0.33394, 0.57788]
5 iteration	(patience: 1)
Loss: -3722.61106 Elpased: 0.9066s Converge: 0.060548 Tr: [0.33124, 0.20263, 0.45014] Val: [0.43165, 0.35194, 0.59325] Te: [0.42031, 0.33397, 0.57790]
6 iteration	(patience: 1)
Loss: -3528.76881 Elpased: 0.9217s Converge: 0.052072 Tr: [0.32161, 0.19057, 0.43654] Val: [0.43132, 0.35244, 0.59367] Te: [0.42058, 0.33461, 0.57845]
7 iteration	(patience: 2)
Loss: -3381.99295 Elpased: 0.9122s Converge: 0.041594 Tr: [0.31882, 0.18548, 0.43067] Val: [0.43297, 0.35343, 0.59450] Te: [0.42197, 0.33553, 0.57925]
### DRMF-User-CNN_GRU ###

===Configuration===
lambda_u=10.000000, lambda_v=0.100000
maxlen_doc=[0,1], maxlen_sent=[0,0]
emb_dim=200, dimension=50, num_kernel_per_ws=50, dropout_rate=0.70, gru_outdim=50

Tr:Training, Val:Validation, Te:Test, []: [MAE, MSE, RMSE]
