### PMF ###

===Configuration===
lambda_u=0.100000, lambda_v=0.100000

Tr:Training, Val:Validation, Te:Test, []: [MAE, MSE, RMSE]
0 iteration	(patience: 0)
### PMF ###

===Configuration===
lambda_u=0.100000, lambda_v=0.100000

Tr:Training, Val:Validation, Te:Test, []: [MAE, MSE, RMSE]
0 iteration	(patience: 0)
Loss: -215.46142 Elpased: 1.4133s Converge: -1.000000 Tr: [0.18157, 0.11778, 0.34319] Val: [0.11278, 0.05611, 0.23688] Te: [0.09371, 0.03445, 0.18561]
1 iteration	(patience: 0)
Loss: -100.37747 Elpased: 1.4650s Converge: 0.534128 Tr: [0.08156, 0.03459, 0.18598] Val: [0.09536, 0.04459, 0.21117] Te: [0.09393, 0.04767, 0.21834]
2 iteration	(patience: 0)
Loss: -87.04401 Elpased: 1.4202s Converge: 0.132833 Tr: [0.06883, 0.02883, 0.16978] Val: [0.09533, 0.04751, 0.21796] Te: [0.09257, 0.04808, 0.21928]
3 iteration	(patience: 1)
Loss: -81.63736 Elpased: 1.3805s Converge: 0.062114 Tr: [0.06305, 0.02778, 0.16668] Val: [0.09484, 0.04785, 0.21874] Te: [0.09166, 0.04695, 0.21669]
4 iteration	(patience: 2)
Loss: -78.11393 Elpased: 1.3888s Converge: 0.043160 Tr: [0.05916, 0.02723, 0.16501] Val: [0.09351, 0.04713, 0.21710] Te: [0.08975, 0.04511, 0.21240]
5 iteration	(patience: 2)
Loss: -75.61535 Elpased: 1.4294s Converge: 0.031986 Tr: [0.05641, 0.02688, 0.16396] Val: [0.09162, 0.04550, 0.21332] Te: [0.08738, 0.04293, 0.20720]
6 iteration	(patience: 2)
Loss: -73.75123 Elpased: 1.4624s Converge: 0.024653 Tr: [0.05432, 0.02665, 0.16326] Val: [0.08931, 0.04324, 0.20795] Te: [0.08485, 0.04060, 0.20150]
7 iteration	(patience: 2)
Loss: -72.30878 Elpased: 1.4012s Converge: 0.019558 Tr: [0.05266, 0.02649, 0.16275] Val: [0.08659, 0.04060, 0.20150] Te: [0.08220, 0.03822, 0.19551]
8 iteration	(patience: 2)
Loss: -71.16291 Elpased: 1.4032s Converge: 0.015847 Tr: [0.05130, 0.02637, 0.16237] Val: [0.08359, 0.03781, 0.19446] Te: [0.07947, 0.03586, 0.18937]
9 iteration	(patience: 2)
Loss: -70.23455 Elpased: 1.5153s Converge: 0.013045 Tr: [0.05018, 0.02627, 0.16208] Val: [0.08046, 0.03504, 0.18719] Te: [0.07665, 0.03356, 0.18319]
10 iteration	(patience: 2)
Loss: -69.47081 Elpased: 1.4140s Converge: 0.010874 Tr: [0.04923, 0.02620, 0.16185] Val: [0.07724, 0.03238, 0.17995] Te: [0.07383, 0.03136, 0.17709]
11 iteration	(patience: 2)
Loss: -68.83444 Elpased: 1.4085s Converge: 0.009160 Tr: [0.04842, 0.02614, 0.16167] Val: [0.07403, 0.02991, 0.17294] Te: [0.07106, 0.02930, 0.17117]
12 iteration	(patience: 2)
Loss: -68.29821 Elpased: 1.5661s Converge: 0.007790 Tr: [0.04772, 0.02609, 0.16152] Val: [0.07092, 0.02765, 0.16628] Te: [0.06833, 0.02740, 0.16554]
13 iteration	(patience: 2)
Loss: -67.84166 Elpased: 1.4563s Converge: 0.006685 Tr: [0.04712, 0.02605, 0.16140] Val: [0.06794, 0.02561, 0.16003] Te: [0.06568, 0.02569, 0.16029]
14 iteration	(patience: 2)
Loss: -67.44936 Elpased: 1.4493s Converge: 0.005783 Tr: [0.04659, 0.02602, 0.16131] Val: [0.06511, 0.02378, 0.15422] Te: [0.06310, 0.02417, 0.15545]
15 iteration	(patience: 2)
Loss: -67.10961 Elpased: 1.4323s Converge: 0.005037 Tr: [0.04612, 0.02599, 0.16122] Val: [0.06242, 0.02217, 0.14889] Te: [0.06062, 0.02282, 0.15105]
16 iteration	(patience: 2)
Loss: -66.81343 Elpased: 1.4639s Converge: 0.004413 Tr: [0.04571, 0.02597, 0.16115] Val: [0.05988, 0.02078, 0.14414] Te: [0.05825, 0.02164, 0.14710]
17 iteration	(patience: 2)
Loss: -66.55370 Elpased: 1.6870s Converge: 0.003887 Tr: [0.04533, 0.02595, 0.16110] Val: [0.05749, 0.01960, 0.14001] Te: [0.05599, 0.02064, 0.14365]
18 iteration	(patience: 2)
Loss: -66.32466 Elpased: 1.6937s Converge: 0.003441 Tr: [0.04499, 0.02594, 0.16104] Val: [0.05525, 0.01864, 0.13654] Te: [0.05386, 0.01981, 0.14075]
19 iteration	(patience: 2)
Loss: -66.12167 Elpased: 1.7574s Converge: 0.003061 Tr: [0.04469, 0.02592, 0.16100] Val: [0.05316, 0.01787, 0.13369] Te: [0.05188, 0.01916, 0.13842]
20 iteration	(patience: 2)
Loss: -65.94106 Elpased: 1.4185s Converge: 0.002731 Tr: [0.04441, 0.02591, 0.16096] Val: [0.05127, 0.01727, 0.13142] Te: [0.05008, 0.01867, 0.13664]
21 iteration	(patience: 2)
Loss: -65.77997 Elpased: 1.3855s Converge: 0.002443 Tr: [0.04415, 0.02590, 0.16093] Val: [0.04960, 0.01681, 0.12964] Te: [0.04850, 0.01832, 0.13535]
22 iteration	(patience: 2)
Loss: -65.63617 Elpased: 1.4009s Converge: 0.002186 Tr: [0.04392, 0.02589, 0.16090] Val: [0.04817, 0.01645, 0.12825] Te: [0.04721, 0.01807, 0.13444]
23 iteration	(patience: 2)
Loss: -65.50784 Elpased: 1.4061s Converge: 0.001955 Tr: [0.04371, 0.02588, 0.16087] Val: [0.04700, 0.01617, 0.12716] Te: [0.04621, 0.01789, 0.13376]
24 iteration	(patience: 2)
Loss: -65.39311 Elpased: 1.4553s Converge: 0.001751 Tr: [0.04351, 0.02587, 0.16085] Val: [0.04604, 0.01594, 0.12625] Te: [0.04544, 0.01775, 0.13322]
25 iteration	(patience: 2)
Loss: -65.29004 Elpased: 1.5758s Converge: 0.001576 Tr: [0.04333, 0.02586, 0.16082] Val: [0.04524, 0.01574, 0.12547] Te: [0.04482, 0.01762, 0.13274]
26 iteration	(patience: 2)
Loss: -65.19700 Elpased: 1.3623s Converge: 0.001425 Tr: [0.04316, 0.02586, 0.16081] Val: [0.04456, 0.01557, 0.12479] Te: [0.04428, 0.01750, 0.13230]
27 iteration	(patience: 2)
Loss: -65.11271 Elpased: 1.3917s Converge: 0.001293 Tr: [0.04301, 0.02585, 0.16079] Val: [0.04396, 0.01542, 0.12418] Te: [0.04378, 0.01739, 0.13189]
28 iteration	(patience: 2)
Loss: -65.03615 Elpased: 1.4063s Converge: 0.001176 Tr: [0.04287, 0.02585, 0.16077] Val: [0.04340, 0.01528, 0.12363] Te: [0.04331, 0.01729, 0.13149]
29 iteration	(patience: 2)
Loss: -64.96643 Elpased: 1.3984s Converge: 0.001072 Tr: [0.04273, 0.02584, 0.16076] Val: [0.04290, 0.01516, 0.12313] Te: [0.04287, 0.01719, 0.13111]
30 iteration	(patience: 2)
Loss: -64.90280 Elpased: 1.4265s Converge: 0.000979 Tr: [0.04261, 0.02584, 0.16074] Val: [0.04244, 0.01505, 0.12267] Te: [0.04245, 0.01710, 0.13075]
31 iteration	(patience: 2)
Loss: -64.84464 Elpased: 1.3938s Converge: 0.000896 Tr: [0.04250, 0.02584, 0.16073] Val: [0.04202, 0.01494, 0.12224] Te: [0.04205, 0.01700, 0.13040]
32 iteration	(patience: 2)
Loss: -64.79136 Elpased: 1.6080s Converge: 0.000822 Tr: [0.04239, 0.02583, 0.16072] Val: [0.04163, 0.01485, 0.12185] Te: [0.04166, 0.01692, 0.13006]
33 iteration	(patience: 2)
Loss: -64.74248 Elpased: 1.4275s Converge: 0.000754 Tr: [0.04229, 0.02583, 0.16071] Val: [0.04128, 0.01476, 0.12149] Te: [0.04130, 0.01683, 0.12974]
34 iteration	(patience: 2)
Loss: -64.69756 Elpased: 1.4519s Converge: 0.000694 Tr: [0.04219, 0.02583, 0.16070] Val: [0.04095, 0.01468, 0.12114] Te: [0.04095, 0.01675, 0.12943]
35 iteration	(patience: 2)
Loss: -64.65623 Elpased: 1.4362s Converge: 0.000639 Tr: [0.04211, 0.02582, 0.16070] Val: [0.04064, 0.01460, 0.12082] Te: [0.04062, 0.01667, 0.12912]
36 iteration	(patience: 2)
Loss: -64.61815 Elpased: 1.4674s Converge: 0.000589 Tr: [0.04202, 0.02582, 0.16069] Val: [0.04035, 0.01452, 0.12052] Te: [0.04034, 0.01660, 0.12884]
37 iteration	(patience: 2)
Loss: -64.58302 Elpased: 1.4255s Converge: 0.000544 Tr: [0.04194, 0.02582, 0.16068] Val: [0.04009, 0.01446, 0.12023] Te: [0.04012, 0.01653, 0.12856]
38 iteration	(patience: 2)
Loss: -64.55058 Elpased: 1.4454s Converge: 0.000502 Tr: [0.04187, 0.02582, 0.16067] Val: [0.03984, 0.01439, 0.11996] Te: [0.03991, 0.01646, 0.12829]
39 iteration	(patience: 2)
Loss: -64.52058 Elpased: 1.5624s Converge: 0.000465 Tr: [0.04180, 0.02581, 0.16067] Val: [0.03961, 0.01433, 0.11969] Te: [0.03971, 0.01639, 0.12803]
40 iteration	(patience: 2)
Loss: -64.49283 Elpased: 1.4158s Converge: 0.000430 Tr: [0.04174, 0.02581, 0.16066] Val: [0.03939, 0.01427, 0.11944] Te: [0.03952, 0.01633, 0.12779]
41 iteration	(patience: 2)
Loss: -64.46712 Elpased: 1.4468s Converge: 0.000399 Tr: [0.04167, 0.02581, 0.16066] Val: [0.03918, 0.01421, 0.11921] Te: [0.03933, 0.01627, 0.12755]
42 iteration	(patience: 2)
Loss: -64.44328 Elpased: 1.4102s Converge: 0.000370 Tr: [0.04162, 0.02581, 0.16065] Val: [0.03898, 0.01416, 0.11898] Te: [0.03917, 0.01621, 0.12733]
43 iteration	(patience: 2)
Loss: -64.42116 Elpased: 1.4324s Converge: 0.000343 Tr: [0.04156, 0.02581, 0.16065] Val: [0.03880, 0.01410, 0.11875] Te: [0.03903, 0.01616, 0.12711]
44 iteration	(patience: 2)
Loss: -64.40062 Elpased: 1.4076s Converge: 0.000319 Tr: [0.04151, 0.02581, 0.16064] Val: [0.03863, 0.01405, 0.11854] Te: [0.03889, 0.01611, 0.12691]
45 iteration	(patience: 2)
Loss: -64.38152 Elpased: 1.3969s Converge: 0.000297 Tr: [0.04146, 0.02581, 0.16064] Val: [0.03846, 0.01400, 0.11833] Te: [0.03875, 0.01606, 0.12671]
46 iteration	(patience: 2)
Loss: -64.36375 Elpased: 1.4437s Converge: 0.000276 Tr: [0.04141, 0.02580, 0.16064] Val: [0.03830, 0.01396, 0.11813] Te: [0.03862, 0.01601, 0.12653]
47 iteration	(patience: 2)
Loss: -64.34720 Elpased: 1.4454s Converge: 0.000257 Tr: [0.04137, 0.02580, 0.16063] Val: [0.03815, 0.01391, 0.11794] Te: [0.03850, 0.01597, 0.12635]
48 iteration	(patience: 2)
Loss: -64.33178 Elpased: 1.4449s Converge: 0.000240 Tr: [0.04133, 0.02580, 0.16063] Val: [0.03801, 0.01387, 0.11776] Te: [0.03839, 0.01592, 0.12619]
49 iteration	(patience: 2)
Loss: -64.31740 Elpased: 1.4150s Converge: 0.000224 Tr: [0.04129, 0.02580, 0.16063] Val: [0.03788, 0.01382, 0.11758] Te: [0.03828, 0.01588, 0.12603]
