### PMF ###

===Configuration===
lambda_u=0.100000, lambda_v=0.100000

Tr:Training, Val:Validation, Te:Test, []: [MAE, MSE, RMSE]
0 iteration	(patience: 0)
Loss: -157.66812 Elpased: 0.1962s Converge: -1.000000 Tr: [0.13319, 0.04089, 0.20221] Val: [0.14176, 0.03730, 0.19314] Te: [0.14068, 0.03887, 0.19717]
1 iteration	(patience: 0)
Loss: -90.76012 Elpased: 0.1873s Converge: 0.424360 Tr: [0.07365, 0.00900, 0.09485] Val: [0.14628, 0.07126, 0.26695] Te: [0.13604, 0.06481, 0.25457]
2 iteration	(patience: 1)
Loss: -75.00537 Elpased: 0.1873s Converge: 0.173587 Tr: [0.05895, 0.00531, 0.07286] Val: [0.14038, 0.07291, 0.27002] Te: [0.13050, 0.06483, 0.25462]
3 iteration	(patience: 2)
Loss: -66.14745 Elpased: 0.1902s Converge: 0.118097 Tr: [0.05047, 0.00371, 0.06093] Val: [0.13478, 0.07155, 0.26748] Te: [0.12520, 0.06334, 0.25168]
4 iteration	(patience: 2)
Loss: -60.38246 Elpased: 0.1935s Converge: 0.087154 Tr: [0.04478, 0.00284, 0.05334] Val: [0.12913, 0.06830, 0.26135] Te: [0.11989, 0.06084, 0.24665]
5 iteration	(patience: 2)
Loss: -56.30887 Elpased: 0.2299s Converge: 0.067463 Tr: [0.04063, 0.00231, 0.04807] Val: [0.12341, 0.06399, 0.25297] Te: [0.11485, 0.05763, 0.24007]
6 iteration	(patience: 2)
Loss: -53.26995 Elpased: 0.1982s Converge: 0.053969 Tr: [0.03745, 0.00195, 0.04421] Val: [0.11749, 0.05916, 0.24324] Te: [0.10970, 0.05401, 0.23240]
7 iteration	(patience: 2)
Loss: -50.91466 Elpased: 0.1896s Converge: 0.044214 Tr: [0.03492, 0.00170, 0.04127] Val: [0.11160, 0.05422, 0.23285] Te: [0.10448, 0.05025, 0.22416]
8 iteration	(patience: 2)
Loss: -49.03746 Elpased: 0.1832s Converge: 0.036870 Tr: [0.03285, 0.00152, 0.03895] Val: [0.10584, 0.04944, 0.22234] Te: [0.09942, 0.04653, 0.21571]
9 iteration	(patience: 2)
Loss: -47.50993 Elpased: 0.1860s Converge: 0.031150 Tr: [0.03114, 0.00138, 0.03708] Val: [0.10032, 0.04498, 0.21209] Te: [0.09469, 0.04294, 0.20723]
10 iteration	(patience: 2)
Loss: -46.24717 Elpased: 0.1992s Converge: 0.026579 Tr: [0.02970, 0.00126, 0.03555] Val: [0.09510, 0.04091, 0.20226] Te: [0.09024, 0.03950, 0.19875]
11 iteration	(patience: 2)
Loss: -45.18977 Elpased: 0.1929s Converge: 0.022864 Tr: [0.02847, 0.00117, 0.03427] Val: [0.09014, 0.03723, 0.19294] Te: [0.08591, 0.03623, 0.19034]
12 iteration	(patience: 2)
Loss: -44.29448 Elpased: 0.1979s Converge: 0.019812 Tr: [0.02740, 0.00110, 0.03319] Val: [0.08539, 0.03394, 0.18423] Te: [0.08178, 0.03319, 0.18217]
13 iteration	(patience: 2)
Loss: -43.52900 Elpased: 0.1922s Converge: 0.017282 Tr: [0.02647, 0.00104, 0.03229] Val: [0.08090, 0.03103, 0.17616] Te: [0.07777, 0.03042, 0.17440]
14 iteration	(patience: 2)
Loss: -42.86884 Elpased: 0.1880s Converge: 0.015166 Tr: [0.02565, 0.00099, 0.03152] Val: [0.07667, 0.02847, 0.16873] Te: [0.07399, 0.02795, 0.16718]
15 iteration	(patience: 2)
Loss: -42.29535 Elpased: 0.1923s Converge: 0.013378 Tr: [0.02492, 0.00095, 0.03086] Val: [0.07268, 0.02623, 0.16194] Te: [0.07048, 0.02578, 0.16056]
16 iteration	(patience: 2)
Loss: -41.79417 Elpased: 0.1854s Converge: 0.011850 Tr: [0.02428, 0.00092, 0.03029] Val: [0.06908, 0.02427, 0.15578] Te: [0.06722, 0.02390, 0.15458]
17 iteration	(patience: 2)
Loss: -41.35400 Elpased: 0.1850s Converge: 0.010532 Tr: [0.02370, 0.00089, 0.02979] Val: [0.06573, 0.02258, 0.15025] Te: [0.06420, 0.02227, 0.14922]
18 iteration	(patience: 2)
Loss: -40.96564 Elpased: 0.2028s Converge: 0.009391 Tr: [0.02318, 0.00086, 0.02936] Val: [0.06263, 0.02114, 0.14539] Te: [0.06140, 0.02087, 0.14446]
19 iteration	(patience: 2)
Loss: -40.62140 Elpased: 0.1782s Converge: 0.008403 Tr: [0.02271, 0.00084, 0.02898] Val: [0.05981, 0.01993, 0.14119] Te: [0.05881, 0.01969, 0.14033]
20 iteration	(patience: 2)
Loss: -40.31500 Elpased: 0.1928s Converge: 0.007543 Tr: [0.02228, 0.00082, 0.02864] Val: [0.05725, 0.01894, 0.13763] Te: [0.05645, 0.01873, 0.13685]
21 iteration	(patience: 2)
Loss: -40.04137 Elpased: 0.1904s Converge: 0.006787 Tr: [0.02189, 0.00080, 0.02834] Val: [0.05492, 0.01814, 0.13467] Te: [0.05434, 0.01795, 0.13399]
22 iteration	(patience: 2)
Loss: -39.79647 Elpased: 0.1908s Converge: 0.006116 Tr: [0.02154, 0.00079, 0.02807] Val: [0.05283, 0.01749, 0.13224] Te: [0.05252, 0.01735, 0.13171]
23 iteration	(patience: 2)
Loss: -39.57705 Elpased: 0.1869s Converge: 0.005514 Tr: [0.02121, 0.00077, 0.02783] Val: [0.05103, 0.01697, 0.13025] Te: [0.05101, 0.01687, 0.12988]
24 iteration	(patience: 2)
Loss: -39.38034 Elpased: 0.1954s Converge: 0.004970 Tr: [0.02091, 0.00076, 0.02762] Val: [0.04952, 0.01654, 0.12859] Te: [0.04982, 0.01648, 0.12837]
25 iteration	(patience: 2)
Loss: -39.20359 Elpased: 0.1899s Converge: 0.004488 Tr: [0.02063, 0.00075, 0.02742] Val: [0.04823, 0.01617, 0.12716] Te: [0.04887, 0.01615, 0.12708]
26 iteration	(patience: 2)
Loss: -39.04417 Elpased: 0.1857s Converge: 0.004067 Tr: [0.02038, 0.00074, 0.02725] Val: [0.04713, 0.01585, 0.12591] Te: [0.04807, 0.01586, 0.12593]
27 iteration	(patience: 2)
Loss: -38.89984 Elpased: 0.1838s Converge: 0.003697 Tr: [0.02015, 0.00073, 0.02709] Val: [0.04615, 0.01557, 0.12480] Te: [0.04736, 0.01560, 0.12489]
28 iteration	(patience: 2)
Loss: -38.76879 Elpased: 0.1901s Converge: 0.003369 Tr: [0.01993, 0.00073, 0.02695] Val: [0.04530, 0.01532, 0.12379] Te: [0.04671, 0.01536, 0.12394]
29 iteration	(patience: 2)
Loss: -38.64951 Elpased: 0.1862s Converge: 0.003077 Tr: [0.01973, 0.00072, 0.02682] Val: [0.04463, 0.01510, 0.12288] Te: [0.04610, 0.01515, 0.12307]
30 iteration	(patience: 2)
Loss: -38.54069 Elpased: 0.1887s Converge: 0.002816 Tr: [0.01955, 0.00071, 0.02670] Val: [0.04404, 0.01490, 0.12205] Te: [0.04552, 0.01495, 0.12225]
31 iteration	(patience: 2)
Loss: -38.44122 Elpased: 0.1948s Converge: 0.002581 Tr: [0.01937, 0.00071, 0.02660] Val: [0.04350, 0.01471, 0.12129] Te: [0.04497, 0.01476, 0.12150]
32 iteration	(patience: 2)
Loss: -38.35011 Elpased: 0.1890s Converge: 0.002370 Tr: [0.01921, 0.00070, 0.02650] Val: [0.04300, 0.01454, 0.12059] Te: [0.04445, 0.01459, 0.12079]
33 iteration	(patience: 2)
Loss: -38.26651 Elpased: 0.1875s Converge: 0.002180 Tr: [0.01906, 0.00070, 0.02641] Val: [0.04255, 0.01439, 0.11995] Te: [0.04394, 0.01443, 0.12012]
34 iteration	(patience: 2)
Loss: -38.18968 Elpased: 0.1889s Converge: 0.002008 Tr: [0.01892, 0.00069, 0.02633] Val: [0.04213, 0.01425, 0.11936] Te: [0.04346, 0.01428, 0.11950]
35 iteration	(patience: 2)
Loss: -38.11897 Elpased: 0.1849s Converge: 0.001852 Tr: [0.01879, 0.00069, 0.02625] Val: [0.04174, 0.01412, 0.11882] Te: [0.04300, 0.01414, 0.11891]
36 iteration	(patience: 2)
Loss: -38.05378 Elpased: 0.1875s Converge: 0.001710 Tr: [0.01867, 0.00069, 0.02619] Val: [0.04139, 0.01400, 0.11831] Te: [0.04256, 0.01401, 0.11835]
37 iteration	(patience: 2)
Loss: -37.99362 Elpased: 0.1897s Converge: 0.001581 Tr: [0.01855, 0.00068, 0.02612] Val: [0.04106, 0.01389, 0.11784] Te: [0.04214, 0.01388, 0.11783]
38 iteration	(patience: 2)
Loss: -37.93802 Elpased: 0.1849s Converge: 0.001463 Tr: [0.01844, 0.00068, 0.02606] Val: [0.04077, 0.01378, 0.11741] Te: [0.04174, 0.01377, 0.11733]
39 iteration	(patience: 2)
Loss: -37.88658 Elpased: 0.1882s Converge: 0.001356 Tr: [0.01834, 0.00068, 0.02601] Val: [0.04049, 0.01369, 0.11700] Te: [0.04136, 0.01366, 0.11685]
40 iteration	(patience: 2)
Loss: -37.83893 Elpased: 0.1855s Converge: 0.001258 Tr: [0.01824, 0.00067, 0.02596] Val: [0.04024, 0.01360, 0.11662] Te: [0.04100, 0.01355, 0.11641]
41 iteration	(patience: 2)
Loss: -37.79476 Elpased: 0.1907s Converge: 0.001167 Tr: [0.01815, 0.00067, 0.02591] Val: [0.04001, 0.01352, 0.11627] Te: [0.04066, 0.01345, 0.11598]
42 iteration	(patience: 2)
Loss: -37.75376 Elpased: 0.1908s Converge: 0.001085 Tr: [0.01807, 0.00067, 0.02587] Val: [0.03979, 0.01344, 0.11594] Te: [0.04034, 0.01336, 0.11558]
43 iteration	(patience: 2)
Loss: -37.71569 Elpased: 0.1853s Converge: 0.001009 Tr: [0.01799, 0.00067, 0.02583] Val: [0.03958, 0.01337, 0.11563] Te: [0.04003, 0.01327, 0.11520]
44 iteration	(patience: 2)
Loss: -37.68029 Elpased: 0.1948s Converge: 0.000938 Tr: [0.01791, 0.00067, 0.02580] Val: [0.03938, 0.01330, 0.11534] Te: [0.03974, 0.01319, 0.11483]
45 iteration	(patience: 2)
Loss: -37.64736 Elpased: 0.1892s Converge: 0.000874 Tr: [0.01784, 0.00066, 0.02576] Val: [0.03919, 0.01324, 0.11506] Te: [0.03946, 0.01311, 0.11449]
46 iteration	(patience: 2)
Loss: -37.61671 Elpased: 0.1944s Converge: 0.000814 Tr: [0.01777, 0.00066, 0.02573] Val: [0.03902, 0.01318, 0.11481] Te: [0.03919, 0.01303, 0.11416]
47 iteration	(patience: 2)
Loss: -37.58814 Elpased: 0.1966s Converge: 0.000759 Tr: [0.01771, 0.00066, 0.02570] Val: [0.03885, 0.01313, 0.11457] Te: [0.03893, 0.01296, 0.11384]
48 iteration	(patience: 2)
Loss: -37.56151 Elpased: 0.1993s Converge: 0.000709 Tr: [0.01765, 0.00066, 0.02567] Val: [0.03869, 0.01307, 0.11434] Te: [0.03869, 0.01289, 0.11354]
49 iteration	(patience: 2)
Loss: -37.53666 Elpased: 0.1943s Converge: 0.000661 Tr: [0.01759, 0.00066, 0.02565] Val: [0.03855, 0.01302, 0.11412] Te: [0.03845, 0.01283, 0.11326]
