### PMF ###

===Configuration===
lambda_u=0.100000, lambda_v=0.100000

Tr:Training, Val:Validation, Te:Test, []: [MAE, MSE, RMSE]
0 iteration	(patience: 0)
Loss: -16.25965 Elpased: 0.0163s Converge: -1.000000 Tr: [0.44903, 0.22188, 0.47104] Val: [0.50376, 0.26932, 0.51896] Te: [0.43579, 0.21007, 0.45833]
1 iteration	(patience: 0)
Loss: -6.47277 Elpased: 0.0158s Converge: 0.601912 Tr: [0.16947, 0.03126, 0.17682] Val: [0.42695, 0.22764, 0.47711] Te: [0.36540, 0.17786, 0.42173]
2 iteration	(patience: 0)
Loss: -4.98311 Elpased: 0.0145s Converge: 0.230142 Tr: [0.12294, 0.01639, 0.12804] Val: [0.40898, 0.22594, 0.47534] Te: [0.39644, 0.21830, 0.46723]
3 iteration	(patience: 0)
Loss: -4.27565 Elpased: 0.0162s Converge: 0.141973 Tr: [0.09934, 0.01074, 0.10364] Val: [0.40835, 0.23003, 0.47962] Te: [0.40459, 0.23414, 0.48388]
4 iteration	(patience: 1)
Loss: -3.87728 Elpased: 0.0151s Converge: 0.093171 Tr: [0.08491, 0.00791, 0.08893] Val: [0.40857, 0.23519, 0.48496] Te: [0.40613, 0.24337, 0.49333]
5 iteration	(patience: 2)
Loss: -3.63394 Elpased: 0.0162s Converge: 0.062761 Tr: [0.07527, 0.00628, 0.07922] Val: [0.40814, 0.24056, 0.49047] Te: [0.40613, 0.25021, 0.50021]
### DRMF-Item-CNN ###

===Configuration===
lambda_u=10.000000, lambda_v=1.000000
maxlen_doc=[1,0], maxlen_sent=[1,0]
emb_dim=1, dimension=193, num_kernel_per_ws=100, dropout_rate=0.20, gru_outdim=50

Tr:Training, Val:Validation, Te:Test, []: [MAE, MSE, RMSE]
0 iteration	(patience: 0)
Loss: -23.53725 Elpased: 0.0963s Converge: -1.000000 Tr: [0.67702, 0.55640, 0.74592] Val: [0.62216, 0.45416, 0.67391] Te: [0.66884, 0.52622, 0.72541]
1 iteration	(patience: 0)
Loss: -20.95582 Elpased: 0.0957s Converge: 0.109674 Tr: [0.60250, 0.46313, 0.68054] Val: [0.52504, 0.33422, 0.57812] Te: [0.56969, 0.40168, 0.63378]
2 iteration	(patience: 0)
Loss: -18.68485 Elpased: 0.0962s Converge: 0.108370 Tr: [0.53198, 0.38111, 0.61734] Val: [0.44339, 0.24637, 0.49636] Te: [0.48553, 0.30667, 0.55377]
3 iteration	(patience: 0)
Loss: -16.83956 Elpased: 0.0979s Converge: 0.098759 Tr: [0.47382, 0.31762, 0.56358] Val: [0.38268, 0.18843, 0.43409] Te: [0.42243, 0.23845, 0.48831]
4 iteration	(patience: 0)
Loss: -15.31566 Elpased: 0.0974s Converge: 0.090495 Tr: [0.42715, 0.26810, 0.51778] Val: [0.33932, 0.15050, 0.38794] Te: [0.37382, 0.18814, 0.43375]
5 iteration	(patience: 0)
Loss: -14.04595 Elpased: 0.0956s Converge: 0.082903 Tr: [0.38910, 0.22862, 0.47814] Val: [0.30874, 0.12536, 0.35406] Te: [0.33435, 0.15133, 0.38902]
6 iteration	(patience: 0)
Loss: -12.99507 Elpased: 0.0955s Converge: 0.074817 Tr: [0.35765, 0.19753, 0.44445] Val: [0.28753, 0.10862, 0.32958] Te: [0.30174, 0.12538, 0.35409]
7 iteration	(patience: 0)
Loss: -12.12829 Elpased: 0.0951s Converge: 0.066701 Tr: [0.33185, 0.17351, 0.41654] Val: [0.27289, 0.09742, 0.31213] Te: [0.27475, 0.10765, 0.32811]
8 iteration	(patience: 0)
Loss: -11.40928 Elpased: 0.0956s Converge: 0.059284 Tr: [0.31069, 0.15499, 0.39369] Val: [0.26259, 0.08983, 0.29972] Te: [0.25240, 0.09579, 0.30950]
9 iteration	(patience: 0)
Loss: -10.80631 Elpased: 0.0952s Converge: 0.052850 Tr: [0.29319, 0.14056, 0.37492] Val: [0.25510, 0.08459, 0.29084] Te: [0.24481, 0.08794, 0.29654]
10 iteration	(patience: 0)
Loss: -10.29435 Elpased: 0.0992s Converge: 0.047376 Tr: [0.27854, 0.12913, 0.35935] Val: [0.24945, 0.08089, 0.28441] Te: [0.24450, 0.08280, 0.28776]
11 iteration	(patience: 0)
Loss: -9.85437 Elpased: 0.0955s Converge: 0.042739 Tr: [0.26611, 0.11992, 0.34629] Val: [0.24502, 0.07822, 0.27968] Te: [0.24427, 0.07950, 0.28196]
12 iteration	(patience: 0)
Loss: -9.47201 Elpased: 0.0958s Converge: 0.038801 Tr: [0.25544, 0.11238, 0.33523] Val: [0.24145, 0.07624, 0.27612] Te: [0.24407, 0.07744, 0.27829]
13 iteration	(patience: 0)
Loss: -9.13634 Elpased: 0.0980s Converge: 0.035439 Tr: [0.24615, 0.10611, 0.32575] Val: [0.23848, 0.07474, 0.27339] Te: [0.24390, 0.07622, 0.27608]
14 iteration	(patience: 0)
Loss: -8.83896 Elpased: 0.0970s Converge: 0.032549 Tr: [0.23813, 0.10084, 0.31756] Val: [0.23595, 0.07358, 0.27125] Te: [0.24374, 0.07557, 0.27490]
15 iteration	(patience: 0)
Loss: -8.57335 Elpased: 0.0967s Converge: 0.030049 Tr: [0.23111, 0.09636, 0.31042] Val: [0.23375, 0.07265, 0.26953] Te: [0.24359, 0.07531, 0.27442]
16 iteration	(patience: 0)
Loss: -8.33440 Elpased: 0.1068s Converge: 0.027872 Tr: [0.22484, 0.09251, 0.30416] Val: [0.23181, 0.07189, 0.26812] Te: [0.24344, 0.07530, 0.27441]
17 iteration	(patience: 0)
Loss: -8.11801 Elpased: 0.0955s Converge: 0.025964 Tr: [0.21918, 0.08917, 0.29862] Val: [0.23007, 0.07125, 0.26692] Te: [0.24329, 0.07546, 0.27470]
18 iteration	(patience: 0)
Loss: -7.92090 Elpased: 0.0956s Converge: 0.024280 Tr: [0.21413, 0.08626, 0.29370] Val: [0.22849, 0.07070, 0.26589] Te: [0.24314, 0.07573, 0.27519]
19 iteration	(patience: 0)
Loss: -7.74040 Elpased: 0.0953s Converge: 0.022787 Tr: [0.20987, 0.08369, 0.28929] Val: [0.22703, 0.07021, 0.26498] Te: [0.24299, 0.07606, 0.27580]
20 iteration	(patience: 0)
Loss: -7.57432 Elpased: 0.0961s Converge: 0.021456 Tr: [0.20597, 0.08142, 0.28533] Val: [0.22568, 0.06978, 0.26415] Te: [0.24284, 0.07643, 0.27646]
21 iteration	(patience: 0)
Loss: -7.42085 Elpased: 0.0961s Converge: 0.020262 Tr: [0.20236, 0.07939, 0.28176] Val: [0.22442, 0.06938, 0.26339] Te: [0.24268, 0.07681, 0.27715]
22 iteration	(patience: 0)
Loss: -7.27846 Elpased: 0.0955s Converge: 0.019187 Tr: [0.19901, 0.07757, 0.27851] Val: [0.22323, 0.06900, 0.26269] Te: [0.24251, 0.07719, 0.27783]
23 iteration	(patience: 0)
Loss: -7.14589 Elpased: 0.0970s Converge: 0.018215 Tr: [0.19589, 0.07593, 0.27555] Val: [0.22210, 0.06865, 0.26202] Te: [0.24234, 0.07755, 0.27849]
24 iteration	(patience: 0)
Loss: -7.02205 Elpased: 0.0972s Converge: 0.017331 Tr: [0.19297, 0.07444, 0.27283] Val: [0.22103, 0.06832, 0.26138] Te: [0.24216, 0.07790, 0.27911]
25 iteration	(patience: 0)
Loss: -6.90601 Elpased: 0.0966s Converge: 0.016525 Tr: [0.19022, 0.07309, 0.27034] Val: [0.22001, 0.06800, 0.26077] Te: [0.24198, 0.07822, 0.27968]
26 iteration	(patience: 0)
Loss: -6.79698 Elpased: 0.0956s Converge: 0.015787 Tr: [0.18764, 0.07185, 0.26805] Val: [0.21903, 0.06769, 0.26017] Te: [0.24180, 0.07852, 0.28021]
27 iteration	(patience: 0)
Loss: -6.69428 Elpased: 0.0964s Converge: 0.015110 Tr: [0.18521, 0.07072, 0.26592] Val: [0.21809, 0.06739, 0.25959] Te: [0.24160, 0.07879, 0.28070]
28 iteration	(patience: 0)
Loss: -6.59731 Elpased: 0.0959s Converge: 0.014485 Tr: [0.18290, 0.06967, 0.26395] Val: [0.21718, 0.06710, 0.25903] Te: [0.24141, 0.07903, 0.28113]
29 iteration	(patience: 0)
Loss: -6.50556 Elpased: 0.0957s Converge: 0.013908 Tr: [0.18071, 0.06871, 0.26212] Val: [0.21631, 0.06681, 0.25847] Te: [0.24120, 0.07925, 0.28151]
30 iteration	(patience: 0)
Loss: -6.41856 Elpased: 0.0956s Converge: 0.013373 Tr: [0.17864, 0.06781, 0.26041] Val: [0.21546, 0.06653, 0.25793] Te: [0.24100, 0.07943, 0.28184]
31 iteration	(patience: 0)
Loss: -6.33591 Elpased: 0.0955s Converge: 0.012876 Tr: [0.17666, 0.06698, 0.25881] Val: [0.21477, 0.06625, 0.25739] Te: [0.24078, 0.07959, 0.28213]
32 iteration	(patience: 0)
Loss: -6.25727 Elpased: 0.0953s Converge: 0.012413 Tr: [0.17478, 0.06621, 0.25731] Val: [0.21443, 0.06598, 0.25687] Te: [0.24057, 0.07973, 0.28237]
33 iteration	(patience: 0)
Loss: -6.18230 Elpased: 0.1000s Converge: 0.011980 Tr: [0.17298, 0.06549, 0.25590] Val: [0.21410, 0.06571, 0.25635] Te: [0.24035, 0.07984, 0.28256]
34 iteration	(patience: 0)
Loss: -6.11074 Elpased: 0.0979s Converge: 0.011576 Tr: [0.17125, 0.06481, 0.25457] Val: [0.21377, 0.06545, 0.25584] Te: [0.24013, 0.07993, 0.28272]
35 iteration	(patience: 0)
Loss: -6.04232 Elpased: 0.0995s Converge: 0.011196 Tr: [0.16960, 0.06417, 0.25332] Val: [0.21344, 0.06519, 0.25533] Te: [0.23990, 0.08000, 0.28284]
36 iteration	(patience: 0)
Loss: -5.97682 Elpased: 0.0958s Converge: 0.010840 Tr: [0.16802, 0.06357, 0.25214] Val: [0.21311, 0.06494, 0.25484] Te: [0.23968, 0.08005, 0.28293]
37 iteration	(patience: 0)
Loss: -5.91404 Elpased: 0.0972s Converge: 0.010504 Tr: [0.16650, 0.06301, 0.25102] Val: [0.21279, 0.06469, 0.25435] Te: [0.23945, 0.08008, 0.28298]
38 iteration	(patience: 0)
Loss: -5.85379 Elpased: 0.0975s Converge: 0.010187 Tr: [0.16504, 0.06248, 0.24996] Val: [0.21246, 0.06445, 0.25386] Te: [0.23922, 0.08009, 0.28300]
39 iteration	(patience: 0)
Loss: -5.79591 Elpased: 0.0990s Converge: 0.009888 Tr: [0.16363, 0.06198, 0.24895] Val: [0.21214, 0.06421, 0.25339] Te: [0.23898, 0.08008, 0.28298]
40 iteration	(patience: 0)
Loss: -5.74024 Elpased: 0.0952s Converge: 0.009605 Tr: [0.16229, 0.06150, 0.24799] Val: [0.21182, 0.06397, 0.25292] Te: [0.23875, 0.08006, 0.28295]
41 iteration	(patience: 0)
Loss: -5.68664 Elpased: 0.0983s Converge: 0.009337 Tr: [0.16099, 0.06105, 0.24707] Val: [0.21151, 0.06374, 0.25246] Te: [0.23851, 0.08002, 0.28288]
42 iteration	(patience: 0)
Loss: -5.63498 Elpased: 0.0978s Converge: 0.009083 Tr: [0.15973, 0.06062, 0.24620] Val: [0.21120, 0.06351, 0.25200] Te: [0.23827, 0.07997, 0.28280]
43 iteration	(patience: 0)
Loss: -5.58516 Elpased: 0.0965s Converge: 0.008842 Tr: [0.15852, 0.06021, 0.24537] Val: [0.21089, 0.06328, 0.25156] Te: [0.23803, 0.07991, 0.28269]
44 iteration	(patience: 0)
Loss: -5.53706 Elpased: 0.0983s Converge: 0.008612 Tr: [0.15734, 0.05982, 0.24457] Val: [0.21059, 0.06306, 0.25112] Te: [0.23779, 0.07984, 0.28256]
45 iteration	(patience: 0)
Loss: -5.49059 Elpased: 0.0972s Converge: 0.008393 Tr: [0.15620, 0.05944, 0.24381] Val: [0.21029, 0.06284, 0.25068] Te: [0.23755, 0.07976, 0.28241]
46 iteration	(patience: 0)
Loss: -5.44565 Elpased: 0.0968s Converge: 0.008184 Tr: [0.15510, 0.05909, 0.24308] Val: [0.20999, 0.06263, 0.25026] Te: [0.23731, 0.07966, 0.28225]
47 iteration	(patience: 0)
Loss: -5.40217 Elpased: 0.0985s Converge: 0.007985 Tr: [0.15403, 0.05875, 0.24238] Val: [0.20971, 0.06242, 0.24984] Te: [0.23707, 0.07956, 0.28206]
48 iteration	(patience: 0)
Loss: -5.36006 Elpased: 0.0961s Converge: 0.007795 Tr: [0.15299, 0.05842, 0.24170] Val: [0.20942, 0.06221, 0.24943] Te: [0.23683, 0.07945, 0.28187]
49 iteration	(patience: 0)
Loss: -5.31925 Elpased: 0.0955s Converge: 0.007613 Tr: [0.15199, 0.05811, 0.24105] Val: [0.20914, 0.06201, 0.24902] Te: [0.23659, 0.07933, 0.28166]
50 iteration	(patience: 0)
Loss: -5.27968 Elpased: 0.0952s Converge: 0.007439 Tr: [0.15101, 0.05781, 0.24043] Val: [0.20886, 0.06181, 0.24862] Te: [0.23635, 0.07920, 0.28143]
51 iteration	(patience: 0)
Loss: -5.24129 Elpased: 0.1002s Converge: 0.007272 Tr: [0.15006, 0.05752, 0.23983] Val: [0.20859, 0.06162, 0.24823] Te: [0.23611, 0.07907, 0.28120]
52 iteration	(patience: 0)
Loss: -5.20402 Elpased: 0.0966s Converge: 0.007112 Tr: [0.14913, 0.05724, 0.23925] Val: [0.20833, 0.06143, 0.24785] Te: [0.23586, 0.07893, 0.28095]
53 iteration	(patience: 0)
Loss: -5.16781 Elpased: 0.0971s Converge: 0.006958 Tr: [0.14823, 0.05698, 0.23869] Val: [0.20807, 0.06124, 0.24747] Te: [0.23562, 0.07879, 0.28069]
54 iteration	(patience: 0)
Loss: -5.13261 Elpased: 0.0987s Converge: 0.006810 Tr: [0.14735, 0.05672, 0.23816] Val: [0.20781, 0.06106, 0.24710] Te: [0.23538, 0.07864, 0.28043]
55 iteration	(patience: 0)
Loss: -5.09839 Elpased: 0.0965s Converge: 0.006668 Tr: [0.14649, 0.05647, 0.23764] Val: [0.20756, 0.06088, 0.24674] Te: [0.23514, 0.07848, 0.28015]
56 iteration	(patience: 0)
Loss: -5.06509 Elpased: 0.0950s Converge: 0.006532 Tr: [0.14566, 0.05623, 0.23713] Val: [0.20731, 0.06071, 0.24638] Te: [0.23491, 0.07833, 0.27987]
57 iteration	(patience: 0)
Loss: -5.03267 Elpased: 0.0952s Converge: 0.006400 Tr: [0.14485, 0.05600, 0.23665] Val: [0.20706, 0.06053, 0.24604] Te: [0.23467, 0.07816, 0.27958]
58 iteration	(patience: 0)
Loss: -5.00109 Elpased: 0.0950s Converge: 0.006274 Tr: [0.14405, 0.05578, 0.23618] Val: [0.20683, 0.06037, 0.24569] Te: [0.23443, 0.07800, 0.27928]
59 iteration	(patience: 0)
Loss: -4.97033 Elpased: 0.0977s Converge: 0.006152 Tr: [0.14328, 0.05556, 0.23572] Val: [0.20659, 0.06020, 0.24536] Te: [0.23419, 0.07783, 0.27898]
60 iteration	(patience: 0)
Loss: -4.94034 Elpased: 0.0957s Converge: 0.006034 Tr: [0.14252, 0.05536, 0.23528] Val: [0.20636, 0.06004, 0.24503] Te: [0.23396, 0.07766, 0.27867]
61 iteration	(patience: 0)
Loss: -4.91109 Elpased: 0.0945s Converge: 0.005920 Tr: [0.14178, 0.05515, 0.23485] Val: [0.20614, 0.05988, 0.24471] Te: [0.23372, 0.07748, 0.27836]
62 iteration	(patience: 0)
Loss: -4.88256 Elpased: 0.0956s Converge: 0.005810 Tr: [0.14106, 0.05496, 0.23443] Val: [0.20592, 0.05973, 0.24439] Te: [0.23349, 0.07731, 0.27804]
63 iteration	(patience: 0)
Loss: -4.85471 Elpased: 0.0951s Converge: 0.005704 Tr: [0.14035, 0.05477, 0.23403] Val: [0.20570, 0.05958, 0.24408] Te: [0.23325, 0.07713, 0.27772]
64 iteration	(patience: 0)
Loss: -4.82751 Elpased: 0.0987s Converge: 0.005601 Tr: [0.13966, 0.05459, 0.23364] Val: [0.20549, 0.05943, 0.24378] Te: [0.23302, 0.07695, 0.27740]
65 iteration	(patience: 0)
Loss: -4.80095 Elpased: 0.0977s Converge: 0.005502 Tr: [0.13898, 0.05441, 0.23326] Val: [0.20528, 0.05928, 0.24348] Te: [0.23279, 0.07677, 0.27707]
66 iteration	(patience: 0)
Loss: -4.77500 Elpased: 0.0972s Converge: 0.005406 Tr: [0.13832, 0.05424, 0.23288] Val: [0.20508, 0.05914, 0.24319] Te: [0.23256, 0.07659, 0.27674]
67 iteration	(patience: 0)
Loss: -4.74963 Elpased: 0.0959s Converge: 0.005313 Tr: [0.13767, 0.05407, 0.23252] Val: [0.20488, 0.05900, 0.24291] Te: [0.23233, 0.07640, 0.27641]
68 iteration	(patience: 0)
Loss: -4.72482 Elpased: 0.0993s Converge: 0.005223 Tr: [0.13704, 0.05390, 0.23217] Val: [0.20468, 0.05887, 0.24263] Te: [0.23211, 0.07622, 0.27607]
69 iteration	(patience: 0)
Loss: -4.70056 Elpased: 0.0955s Converge: 0.005136 Tr: [0.13641, 0.05375, 0.23183] Val: [0.20449, 0.05874, 0.24236] Te: [0.23188, 0.07603, 0.27574]
70 iteration	(patience: 0)
Loss: -4.67682 Elpased: 0.0956s Converge: 0.005051 Tr: [0.13580, 0.05359, 0.23150] Val: [0.20430, 0.05861, 0.24209] Te: [0.23165, 0.07584, 0.27540]
71 iteration	(patience: 0)
Loss: -4.65358 Elpased: 0.0954s Converge: 0.004969 Tr: [0.13520, 0.05344, 0.23117] Val: [0.20412, 0.05848, 0.24183] Te: [0.23143, 0.07566, 0.27506]
72 iteration	(patience: 0)
Loss: -4.63083 Elpased: 0.0989s Converge: 0.004889 Tr: [0.13462, 0.05330, 0.23086] Val: [0.20394, 0.05836, 0.24158] Te: [0.23121, 0.07547, 0.27472]
73 iteration	(patience: 0)
Loss: -4.60855 Elpased: 0.0979s Converge: 0.004811 Tr: [0.13404, 0.05315, 0.23055] Val: [0.20377, 0.05824, 0.24133] Te: [0.23099, 0.07528, 0.27438]
74 iteration	(patience: 0)
Loss: -4.58672 Elpased: 0.0961s Converge: 0.004736 Tr: [0.13348, 0.05301, 0.23025] Val: [0.20359, 0.05812, 0.24109] Te: [0.23077, 0.07510, 0.27404]
75 iteration	(patience: 0)
Loss: -4.56533 Elpased: 0.0994s Converge: 0.004663 Tr: [0.13292, 0.05288, 0.22996] Val: [0.20343, 0.05801, 0.24085] Te: [0.23055, 0.07491, 0.27369]
76 iteration	(patience: 0)
Loss: -4.54437 Elpased: 0.1044s Converge: 0.004592 Tr: [0.13238, 0.05275, 0.22967] Val: [0.20326, 0.05790, 0.24062] Te: [0.23033, 0.07472, 0.27335]
77 iteration	(patience: 0)
Loss: -4.52382 Elpased: 0.0960s Converge: 0.004523 Tr: [0.13184, 0.05262, 0.22939] Val: [0.20310, 0.05779, 0.24040] Te: [0.23011, 0.07453, 0.27301]
78 iteration	(patience: 0)
Loss: -4.50366 Elpased: 0.0982s Converge: 0.004455 Tr: [0.13132, 0.05249, 0.22912] Val: [0.20294, 0.05769, 0.24018] Te: [0.22990, 0.07435, 0.27267]
79 iteration	(patience: 0)
Loss: -4.48389 Elpased: 0.0959s Converge: 0.004390 Tr: [0.13080, 0.05237, 0.22885] Val: [0.20279, 0.05758, 0.23997] Te: [0.22969, 0.07416, 0.27233]
80 iteration	(patience: 0)
Loss: -4.46449 Elpased: 0.0953s Converge: 0.004326 Tr: [0.13029, 0.05225, 0.22859] Val: [0.20264, 0.05748, 0.23976] Te: [0.22947, 0.07398, 0.27198]
81 iteration	(patience: 0)
Loss: -4.44546 Elpased: 0.1176s Converge: 0.004264 Tr: [0.12979, 0.05214, 0.22833] Val: [0.20249, 0.05739, 0.23955] Te: [0.22926, 0.07379, 0.27164]
82 iteration	(patience: 0)
Loss: -4.42677 Elpased: 0.0976s Converge: 0.004204 Tr: [0.12930, 0.05202, 0.22808] Val: [0.20235, 0.05729, 0.23936] Te: [0.22906, 0.07361, 0.27130]
83 iteration	(patience: 0)
Loss: -4.40842 Elpased: 0.0977s Converge: 0.004145 Tr: [0.12882, 0.05191, 0.22784] Val: [0.20221, 0.05720, 0.23916] Te: [0.22885, 0.07342, 0.27097]
84 iteration	(patience: 0)
Loss: -4.39040 Elpased: 0.0999s Converge: 0.004087 Tr: [0.12835, 0.05180, 0.22760] Val: [0.20208, 0.05711, 0.23898] Te: [0.22864, 0.07324, 0.27063]
85 iteration	(patience: 0)
Loss: -4.37270 Elpased: 0.0992s Converge: 0.004031 Tr: [0.12789, 0.05169, 0.22736] Val: [0.20194, 0.05702, 0.23879] Te: [0.22844, 0.07306, 0.27029]
86 iteration	(patience: 0)
Loss: -4.35531 Elpased: 0.0963s Converge: 0.003977 Tr: [0.12743, 0.05159, 0.22713] Val: [0.20181, 0.05694, 0.23862] Te: [0.22823, 0.07288, 0.26996]
87 iteration	(patience: 0)
Loss: -4.33823 Elpased: 0.0958s Converge: 0.003924 Tr: [0.12698, 0.05149, 0.22691] Val: [0.20169, 0.05686, 0.23845] Te: [0.22803, 0.07270, 0.26962]
88 iteration	(patience: 0)
Loss: -4.32143 Elpased: 0.0956s Converge: 0.003872 Tr: [0.12654, 0.05139, 0.22669] Val: [0.20156, 0.05678, 0.23828] Te: [0.22783, 0.07252, 0.26929]
89 iteration	(patience: 0)
Loss: -4.30492 Elpased: 0.0970s Converge: 0.003821 Tr: [0.12611, 0.05129, 0.22647] Val: [0.20144, 0.05670, 0.23812] Te: [0.22763, 0.07234, 0.26896]
90 iteration	(patience: 0)
Loss: -4.28868 Elpased: 0.0983s Converge: 0.003771 Tr: [0.12568, 0.05119, 0.22626] Val: [0.20133, 0.05662, 0.23796] Te: [0.22743, 0.07216, 0.26863]
91 iteration	(patience: 0)
Loss: -4.27272 Elpased: 0.0976s Converge: 0.003723 Tr: [0.12526, 0.05110, 0.22605] Val: [0.20121, 0.05655, 0.23781] Te: [0.22724, 0.07198, 0.26830]
92 iteration	(patience: 0)
Loss: -4.25701 Elpased: 0.0958s Converge: 0.003676 Tr: [0.12484, 0.05101, 0.22585] Val: [0.20110, 0.05648, 0.23766] Te: [0.22704, 0.07181, 0.26797]
93 iteration	(patience: 0)
Loss: -4.24156 Elpased: 0.0961s Converge: 0.003629 Tr: [0.12443, 0.05092, 0.22565] Val: [0.20099, 0.05641, 0.23752] Te: [0.22685, 0.07164, 0.26765]
94 iteration	(patience: 0)
Loss: -4.22636 Elpased: 0.0957s Converge: 0.003584 Tr: [0.12403, 0.05083, 0.22545] Val: [0.20089, 0.05635, 0.23738] Te: [0.22666, 0.07146, 0.26733]
95 iteration	(patience: 0)
Loss: -4.21140 Elpased: 0.0987s Converge: 0.003540 Tr: [0.12363, 0.05074, 0.22526] Val: [0.20079, 0.05629, 0.23725] Te: [0.22647, 0.07129, 0.26701]
96 iteration	(patience: 0)
Loss: -4.19667 Elpased: 0.0976s Converge: 0.003497 Tr: [0.12324, 0.05066, 0.22507] Val: [0.20069, 0.05622, 0.23712] Te: [0.22628, 0.07112, 0.26669]
97 iteration	(patience: 0)
Loss: -4.18217 Elpased: 0.0979s Converge: 0.003455 Tr: [0.12285, 0.05057, 0.22488] Val: [0.20059, 0.05617, 0.23699] Te: [0.22609, 0.07095, 0.26637]
98 iteration	(patience: 0)
Loss: -4.16789 Elpased: 0.0967s Converge: 0.003414 Tr: [0.12247, 0.05049, 0.22470] Val: [0.20050, 0.05611, 0.23687] Te: [0.22591, 0.07079, 0.26606]
99 iteration	(patience: 0)
Loss: -4.15383 Elpased: 0.0959s Converge: 0.003373 Tr: [0.12209, 0.05041, 0.22452] Val: [0.20041, 0.05605, 0.23676] Te: [0.22572, 0.07062, 0.26575]
100 iteration	(patience: 0)
Loss: -4.13998 Elpased: 0.0961s Converge: 0.003334 Tr: [0.12172, 0.05033, 0.22435] Val: [0.20032, 0.05600, 0.23665] Te: [0.22554, 0.07046, 0.26544]
101 iteration	(patience: 0)
Loss: -4.12634 Elpased: 0.0957s Converge: 0.003295 Tr: [0.12135, 0.05025, 0.22417] Val: [0.20023, 0.05595, 0.23654] Te: [0.22536, 0.07029, 0.26513]
102 iteration	(patience: 0)
Loss: -4.11290 Elpased: 0.0965s Converge: 0.003257 Tr: [0.12099, 0.05018, 0.22400] Val: [0.20015, 0.05590, 0.23644] Te: [0.22518, 0.07013, 0.26482]
103 iteration	(patience: 0)
Loss: -4.09966 Elpased: 0.0977s Converge: 0.003220 Tr: [0.12064, 0.05010, 0.22384] Val: [0.20007, 0.05586, 0.23634] Te: [0.22500, 0.06997, 0.26452]
104 iteration	(patience: 0)
Loss: -4.08661 Elpased: 0.0967s Converge: 0.003184 Tr: [0.12028, 0.05003, 0.22367] Val: [0.19999, 0.05581, 0.23624] Te: [0.22482, 0.06981, 0.26422]
105 iteration	(patience: 0)
Loss: -4.07374 Elpased: 0.0984s Converge: 0.003148 Tr: [0.11994, 0.04996, 0.22351] Val: [0.19992, 0.05577, 0.23615] Te: [0.22464, 0.06966, 0.26392]
106 iteration	(patience: 0)
Loss: -4.06106 Elpased: 0.0959s Converge: 0.003113 Tr: [0.11959, 0.04989, 0.22335] Val: [0.19984, 0.05573, 0.23607] Te: [0.22447, 0.06950, 0.26363]
107 iteration	(patience: 0)
Loss: -4.04855 Elpased: 0.1002s Converge: 0.003079 Tr: [0.11925, 0.04982, 0.22319] Val: [0.19977, 0.05569, 0.23599] Te: [0.22430, 0.06934, 0.26333]
108 iteration	(patience: 0)
Loss: -4.03622 Elpased: 0.1087s Converge: 0.003046 Tr: [0.11892, 0.04975, 0.22304] Val: [0.19971, 0.05565, 0.23591] Te: [0.22412, 0.06919, 0.26304]
109 iteration	(patience: 0)
Loss: -4.02406 Elpased: 0.0980s Converge: 0.003013 Tr: [0.11859, 0.04968, 0.22289] Val: [0.19964, 0.05562, 0.23583] Te: [0.22395, 0.06904, 0.26275]
110 iteration	(patience: 0)
Loss: -4.01207 Elpased: 0.0956s Converge: 0.002981 Tr: [0.11826, 0.04961, 0.22274] Val: [0.19958, 0.05558, 0.23576] Te: [0.22379, 0.06889, 0.26247]
111 iteration	(patience: 0)
Loss: -4.00024 Elpased: 0.0964s Converge: 0.002949 Tr: [0.11794, 0.04955, 0.22259] Val: [0.19952, 0.05555, 0.23570] Te: [0.22362, 0.06874, 0.26219]
112 iteration	(patience: 0)
Loss: -3.98857 Elpased: 0.0952s Converge: 0.002918 Tr: [0.11762, 0.04948, 0.22245] Val: [0.19946, 0.05552, 0.23563] Te: [0.22345, 0.06859, 0.26191]
113 iteration	(patience: 0)
Loss: -3.97705 Elpased: 0.0954s Converge: 0.002888 Tr: [0.11730, 0.04942, 0.22230] Val: [0.19940, 0.05550, 0.23558] Te: [0.22329, 0.06845, 0.26163]
114 iteration	(patience: 0)
Loss: -3.96568 Elpased: 0.0953s Converge: 0.002858 Tr: [0.11699, 0.04936, 0.22216] Val: [0.19935, 0.05547, 0.23552] Te: [0.22312, 0.06830, 0.26135]
115 iteration	(patience: 0)
Loss: -3.95447 Elpased: 0.0975s Converge: 0.002829 Tr: [0.11668, 0.04930, 0.22203] Val: [0.19930, 0.05545, 0.23547] Te: [0.22296, 0.06816, 0.26108]
116 iteration	(patience: 0)
Loss: -3.94339 Elpased: 0.0992s Converge: 0.002800 Tr: [0.11638, 0.04923, 0.22189] Val: [0.19925, 0.05542, 0.23542] Te: [0.22280, 0.06802, 0.26081]
117 iteration	(patience: 0)
Loss: -3.93246 Elpased: 0.0967s Converge: 0.002772 Tr: [0.11607, 0.04918, 0.22175] Val: [0.19920, 0.05540, 0.23538] Te: [0.22264, 0.06788, 0.26054]
118 iteration	(patience: 0)
Loss: -3.92167 Elpased: 0.0974s Converge: 0.002744 Tr: [0.11578, 0.04912, 0.22162] Val: [0.19915, 0.05538, 0.23534] Te: [0.22249, 0.06774, 0.26028]
119 iteration	(patience: 0)
Loss: -3.91102 Elpased: 0.0964s Converge: 0.002717 Tr: [0.11548, 0.04906, 0.22149] Val: [0.19911, 0.05537, 0.23530] Te: [0.22233, 0.06761, 0.26001]
120 iteration	(patience: 0)
Loss: -3.90050 Elpased: 0.0951s Converge: 0.002690 Tr: [0.11519, 0.04900, 0.22136] Val: [0.19907, 0.05535, 0.23527] Te: [0.22217, 0.06747, 0.25975]
121 iteration	(patience: 0)
Loss: -3.89011 Elpased: 0.0968s Converge: 0.002664 Tr: [0.11490, 0.04895, 0.22124] Val: [0.19903, 0.05534, 0.23524] Te: [0.22202, 0.06734, 0.25950]
122 iteration	(patience: 0)
Loss: -3.87985 Elpased: 0.0983s Converge: 0.002638 Tr: [0.11462, 0.04889, 0.22111] Val: [0.19899, 0.05532, 0.23521] Te: [0.22187, 0.06721, 0.25924]
123 iteration	(patience: 0)
Loss: -3.86971 Elpased: 0.0972s Converge: 0.002613 Tr: [0.11433, 0.04884, 0.22099] Val: [0.19896, 0.05531, 0.23519] Te: [0.22172, 0.06708, 0.25899]
124 iteration	(patience: 0)
Loss: -3.85969 Elpased: 0.0953s Converge: 0.002588 Tr: [0.11405, 0.04878, 0.22087] Val: [0.19893, 0.05530, 0.23517] Te: [0.22157, 0.06695, 0.25874]
125 iteration	(patience: 0)
Loss: -3.84980 Elpased: 0.0952s Converge: 0.002563 Tr: [0.11378, 0.04873, 0.22075] Val: [0.19890, 0.05530, 0.23515] Te: [0.22142, 0.06682, 0.25850]
126 iteration	(patience: 0)
Loss: -3.84002 Elpased: 0.0988s Converge: 0.002539 Tr: [0.11350, 0.04868, 0.22063] Val: [0.19887, 0.05529, 0.23514] Te: [0.22127, 0.06669, 0.25825]
127 iteration	(patience: 0)
Loss: -3.83036 Elpased: 0.0975s Converge: 0.002516 Tr: [0.11323, 0.04862, 0.22051] Val: [0.19884, 0.05528, 0.23513] Te: [0.22113, 0.06657, 0.25801]
128 iteration	(patience: 0)
Loss: -3.82081 Elpased: 0.0963s Converge: 0.002493 Tr: [0.11296, 0.04857, 0.22039] Val: [0.19881, 0.05528, 0.23512] Te: [0.22099, 0.06645, 0.25777]
129 iteration	(patience: 0)
Loss: -3.81138 Elpased: 0.0960s Converge: 0.002470 Tr: [0.11270, 0.04852, 0.22028] Val: [0.19879, 0.05528, 0.23511] Te: [0.22084, 0.06633, 0.25754]
130 iteration	(patience: 0)
Loss: -3.80205 Elpased: 0.0955s Converge: 0.002447 Tr: [0.11244, 0.04847, 0.22017] Val: [0.19877, 0.05528, 0.23511] Te: [0.22070, 0.06621, 0.25731]
131 iteration	(patience: 0)
Loss: -3.79283 Elpased: 0.0959s Converge: 0.002425 Tr: [0.11218, 0.04842, 0.22006] Val: [0.19875, 0.05528, 0.23512] Te: [0.22056, 0.06609, 0.25708]
132 iteration	(patience: 1)
Loss: -3.78371 Elpased: 0.0964s Converge: 0.002404 Tr: [0.11192, 0.04838, 0.21995] Val: [0.19873, 0.05528, 0.23512] Te: [0.22042, 0.06597, 0.25685]
133 iteration	(patience: 2)
Loss: -3.77470 Elpased: 0.0965s Converge: 0.002382 Tr: [0.11166, 0.04833, 0.21984] Val: [0.19871, 0.05529, 0.23513] Te: [0.22029, 0.06586, 0.25663]
