### PMF ###

===Configuration===
lambda_u=0.100000, lambda_v=0.100000

Tr:Training, Val:Validation, Te:Test, []: [MAE, MSE, RMSE]
0 iteration	(patience: 0)
Loss: -638.06876 Elpased: 0.8147s Converge: -1.000000 Tr: [0.03377, 0.00316, 0.05617] Val: [0.66307, 0.75616, 0.86957] Te: [0.65964, 0.72968, 0.85421]
1 iteration	(patience: 0)
Loss: -543.85379 Elpased: 0.6945s Converge: 0.147656 Tr: [0.02649, 0.00167, 0.04083] Val: [0.60393, 0.62090, 0.78798] Te: [0.60176, 0.61733, 0.78570]
2 iteration	(patience: 0)
Loss: -509.78078 Elpased: 0.7244s Converge: 0.062651 Tr: [0.02420, 0.00127, 0.03564] Val: [0.59603, 0.60035, 0.77482] Te: [0.59288, 0.59593, 0.77196]
3 iteration	(patience: 0)
Loss: -487.88939 Elpased: 0.7138s Converge: 0.042943 Tr: [0.02282, 0.00105, 0.03245] Val: [0.59205, 0.59019, 0.76824] Te: [0.58999, 0.58557, 0.76523]
4 iteration	(patience: 0)
Loss: -471.54326 Elpased: 0.6412s Converge: 0.033504 Tr: [0.02178, 0.00091, 0.03019] Val: [0.58940, 0.58369, 0.76400] Te: [0.58792, 0.57945, 0.76122]
5 iteration	(patience: 0)
Loss: -458.46433 Elpased: 0.9080s Converge: 0.027736 Tr: [0.02095, 0.00081, 0.02847] Val: [0.58737, 0.57874, 0.76075] Te: [0.58595, 0.57490, 0.75822]
6 iteration	(patience: 0)
Loss: -447.56375 Elpased: 0.6850s Converge: 0.023776 Tr: [0.02026, 0.00073, 0.02710] Val: [0.58581, 0.57440, 0.75789] Te: [0.58459, 0.57134, 0.75587]
7 iteration	(patience: 0)
Loss: -438.22737 Elpased: 0.7105s Converge: 0.020860 Tr: [0.01967, 0.00068, 0.02599] Val: [0.58420, 0.57067, 0.75542] Te: [0.58334, 0.56843, 0.75395]
8 iteration	(patience: 0)
Loss: -430.07340 Elpased: 1.0726s Converge: 0.018607 Tr: [0.01915, 0.00063, 0.02506] Val: [0.58278, 0.56776, 0.75350] Te: [0.58243, 0.56604, 0.75236]
9 iteration	(patience: 0)
Loss: -422.84755 Elpased: 0.9214s Converge: 0.016801 Tr: [0.01869, 0.00059, 0.02426] Val: [0.58153, 0.56570, 0.75213] Te: [0.58204, 0.56417, 0.75111]
10 iteration	(patience: 0)
Loss: -416.37185 Elpased: 0.8631s Converge: 0.015315 Tr: [0.01828, 0.00056, 0.02357] Val: [0.58052, 0.56434, 0.75123] Te: [0.58172, 0.56275, 0.75017]
11 iteration	(patience: 0)
Loss: -410.51525 Elpased: 0.6501s Converge: 0.014066 Tr: [0.01791, 0.00053, 0.02297] Val: [0.57962, 0.56344, 0.75063] Te: [0.58124, 0.56167, 0.74945]
12 iteration	(patience: 0)
Loss: -405.17782 Elpased: 0.6513s Converge: 0.013002 Tr: [0.01758, 0.00050, 0.02243] Val: [0.57879, 0.56276, 0.75018] Te: [0.58078, 0.56083, 0.74889]
13 iteration	(patience: 0)
Loss: -400.28135 Elpased: 0.7096s Converge: 0.012085 Tr: [0.01728, 0.00048, 0.02196] Val: [0.57796, 0.56215, 0.74976] Te: [0.58024, 0.56015, 0.74843]
14 iteration	(patience: 0)
Loss: -395.76328 Elpased: 0.7340s Converge: 0.011287 Tr: [0.01700, 0.00046, 0.02153] Val: [0.57734, 0.56152, 0.74935] Te: [0.57973, 0.55956, 0.74804]
15 iteration	(patience: 0)
Loss: -391.57283 Elpased: 1.5283s Converge: 0.010588 Tr: [0.01675, 0.00045, 0.02115] Val: [0.57667, 0.56088, 0.74892] Te: [0.57918, 0.55900, 0.74766]
16 iteration	(patience: 0)
Loss: -387.66841 Elpased: 0.9120s Converge: 0.009971 Tr: [0.01651, 0.00043, 0.02080] Val: [0.57593, 0.56021, 0.74847] Te: [0.57850, 0.55840, 0.74726]
17 iteration	(patience: 0)
Loss: -384.01570 Elpased: 0.9043s Converge: 0.009422 Tr: [0.01629, 0.00042, 0.02048] Val: [0.57509, 0.55953, 0.74802] Te: [0.57779, 0.55776, 0.74683]
18 iteration	(patience: 0)
Loss: -380.58618 Elpased: 0.6082s Converge: 0.008931 Tr: [0.01609, 0.00041, 0.02019] Val: [0.57423, 0.55883, 0.74755] Te: [0.57708, 0.55706, 0.74636]
19 iteration	(patience: 0)
Loss: -377.35598 Elpased: 0.6297s Converge: 0.008487 Tr: [0.01589, 0.00040, 0.01993] Val: [0.57338, 0.55809, 0.74705] Te: [0.57634, 0.55630, 0.74586]
20 iteration	(patience: 0)
Loss: -374.30491 Elpased: 0.6183s Converge: 0.008085 Tr: [0.01571, 0.00039, 0.01968] Val: [0.57253, 0.55731, 0.74653] Te: [0.57561, 0.55551, 0.74533]
21 iteration	(patience: 0)
Loss: -371.41576 Elpased: 0.6214s Converge: 0.007719 Tr: [0.01554, 0.00038, 0.01946] Val: [0.57163, 0.55648, 0.74598] Te: [0.57488, 0.55468, 0.74477]
22 iteration	(patience: 0)
Loss: -368.67368 Elpased: 0.6570s Converge: 0.007383 Tr: [0.01537, 0.00037, 0.01925] Val: [0.57070, 0.55560, 0.74539] Te: [0.57412, 0.55380, 0.74418]
23 iteration	(patience: 0)
Loss: -366.06576 Elpased: 0.6164s Converge: 0.007074 Tr: [0.01522, 0.00036, 0.01905] Val: [0.56974, 0.55467, 0.74476] Te: [0.57337, 0.55289, 0.74357]
24 iteration	(patience: 0)
Loss: -363.58067 Elpased: 0.6545s Converge: 0.006789 Tr: [0.01507, 0.00036, 0.01887] Val: [0.56878, 0.55370, 0.74411] Te: [0.57254, 0.55194, 0.74292]
25 iteration	(patience: 0)
Loss: -361.20846 Elpased: 1.4602s Converge: 0.006525 Tr: [0.01493, 0.00035, 0.01870] Val: [0.56777, 0.55268, 0.74343] Te: [0.57165, 0.55094, 0.74225]
26 iteration	(patience: 0)
Loss: -358.94030 Elpased: 0.6644s Converge: 0.006279 Tr: [0.01480, 0.00034, 0.01854] Val: [0.56681, 0.55163, 0.74272] Te: [0.57072, 0.54991, 0.74156]
27 iteration	(patience: 0)
Loss: -356.76835 Elpased: 0.6345s Converge: 0.006051 Tr: [0.01468, 0.00034, 0.01839] Val: [0.56582, 0.55055, 0.74199] Te: [0.56978, 0.54884, 0.74084]
28 iteration	(patience: 0)
Loss: -354.68560 Elpased: 1.0978s Converge: 0.005838 Tr: [0.01456, 0.00033, 0.01824] Val: [0.56484, 0.54944, 0.74124] Te: [0.56884, 0.54774, 0.74010]
29 iteration	(patience: 0)
Loss: -352.68579 Elpased: 0.7994s Converge: 0.005638 Tr: [0.01444, 0.00033, 0.01811] Val: [0.56385, 0.54831, 0.74048] Te: [0.56789, 0.54661, 0.73933]
30 iteration	(patience: 0)
Loss: -350.76327 Elpased: 0.9086s Converge: 0.005451 Tr: [0.01433, 0.00032, 0.01798] Val: [0.56288, 0.54716, 0.73970] Te: [0.56691, 0.54546, 0.73855]
31 iteration	(patience: 0)
Loss: -348.91294 Elpased: 0.7536s Converge: 0.005275 Tr: [0.01422, 0.00032, 0.01786] Val: [0.56193, 0.54599, 0.73891] Te: [0.56595, 0.54428, 0.73775]
32 iteration	(patience: 0)
Loss: -347.13021 Elpased: 0.9128s Converge: 0.005109 Tr: [0.01412, 0.00032, 0.01775] Val: [0.56098, 0.54481, 0.73811] Te: [0.56501, 0.54309, 0.73695]
33 iteration	(patience: 0)
Loss: -345.41089 Elpased: 0.7286s Converge: 0.004953 Tr: [0.01402, 0.00031, 0.01764] Val: [0.56007, 0.54361, 0.73730] Te: [0.56405, 0.54189, 0.73613]
34 iteration	(patience: 0)
Loss: -343.75120 Elpased: 0.8674s Converge: 0.004805 Tr: [0.01393, 0.00031, 0.01754] Val: [0.55915, 0.54239, 0.73647] Te: [0.56309, 0.54069, 0.73531]
35 iteration	(patience: 0)
Loss: -342.14767 Elpased: 0.6683s Converge: 0.004665 Tr: [0.01384, 0.00030, 0.01744] Val: [0.55828, 0.54117, 0.73564] Te: [0.56213, 0.53949, 0.73450]
36 iteration	(patience: 0)
Loss: -340.59716 Elpased: 0.6912s Converge: 0.004532 Tr: [0.01375, 0.00030, 0.01734] Val: [0.55738, 0.53994, 0.73481] Te: [0.56112, 0.53829, 0.73368]
37 iteration	(patience: 0)
Loss: -339.09678 Elpased: 0.6783s Converge: 0.004405 Tr: [0.01367, 0.00030, 0.01725] Val: [0.55646, 0.53870, 0.73396] Te: [0.56009, 0.53711, 0.73288]
38 iteration	(patience: 0)
Loss: -337.64389 Elpased: 1.0832s Converge: 0.004285 Tr: [0.01359, 0.00029, 0.01717] Val: [0.55555, 0.53746, 0.73311] Te: [0.55906, 0.53594, 0.73208]
39 iteration	(patience: 0)
Loss: -336.23607 Elpased: 0.8629s Converge: 0.004170 Tr: [0.01351, 0.00029, 0.01709] Val: [0.55473, 0.53621, 0.73226] Te: [0.55805, 0.53479, 0.73129]
40 iteration	(patience: 0)
Loss: -334.87110 Elpased: 0.8558s Converge: 0.004060 Tr: [0.01343, 0.00029, 0.01701] Val: [0.55390, 0.53496, 0.73141] Te: [0.55709, 0.53365, 0.73052]
41 iteration	(patience: 0)
Loss: -333.54690 Elpased: 0.6875s Converge: 0.003954 Tr: [0.01336, 0.00029, 0.01693] Val: [0.55306, 0.53371, 0.73055] Te: [0.55616, 0.53253, 0.72975]
42 iteration	(patience: 0)
Loss: -332.26159 Elpased: 0.7140s Converge: 0.003853 Tr: [0.01329, 0.00028, 0.01686] Val: [0.55222, 0.53246, 0.72970] Te: [0.55524, 0.53143, 0.72899]
43 iteration	(patience: 0)
Loss: -331.01340 Elpased: 0.6117s Converge: 0.003757 Tr: [0.01322, 0.00028, 0.01679] Val: [0.55139, 0.53122, 0.72885] Te: [0.55432, 0.53034, 0.72825]
44 iteration	(patience: 0)
Loss: -329.80069 Elpased: 0.6033s Converge: 0.003664 Tr: [0.01316, 0.00028, 0.01672] Val: [0.55056, 0.52997, 0.72799] Te: [0.55345, 0.52927, 0.72751]
45 iteration	(patience: 0)
Loss: -328.62194 Elpased: 0.6164s Converge: 0.003574 Tr: [0.01309, 0.00028, 0.01666] Val: [0.54973, 0.52874, 0.72714] Te: [0.55260, 0.52821, 0.72678]
46 iteration	(patience: 0)
Loss: -327.47573 Elpased: 0.6445s Converge: 0.003488 Tr: [0.01303, 0.00028, 0.01659] Val: [0.54891, 0.52751, 0.72630] Te: [0.55177, 0.52716, 0.72606]
47 iteration	(patience: 0)
Loss: -326.36072 Elpased: 0.6068s Converge: 0.003405 Tr: [0.01297, 0.00027, 0.01653] Val: [0.54809, 0.52629, 0.72546] Te: [0.55094, 0.52612, 0.72534]
48 iteration	(patience: 0)
Loss: -325.27566 Elpased: 0.6131s Converge: 0.003325 Tr: [0.01291, 0.00027, 0.01648] Val: [0.54729, 0.52508, 0.72463] Te: [0.55012, 0.52509, 0.72463]
49 iteration	(patience: 0)
Loss: -324.21938 Elpased: 0.6027s Converge: 0.003247 Tr: [0.01285, 0.00027, 0.01642] Val: [0.54647, 0.52389, 0.72380] Te: [0.54929, 0.52406, 0.72392]
