### PMF ###

===Configuration===
lambda_u=0.100000, lambda_v=0.100000

Tr:Training, Val:Validation, Te:Test, []: [MAE, MSE, RMSE]
0 iteration	(patience: 0)
Loss: -79.15147 Elpased: 0.0764s Converge: -1.000000 Tr: [0.13296, 0.03604, 0.18985] Val: [0.16317, 0.04508, 0.21232] Te: [0.15180, 0.03325, 0.18234]
1 iteration	(patience: 0)
Loss: -43.79472 Elpased: 0.0731s Converge: 0.446697 Tr: [0.07107, 0.00795, 0.08914] Val: [0.17760, 0.07431, 0.27260] Te: [0.17778, 0.05757, 0.23994]
2 iteration	(patience: 1)
Loss: -36.36219 Elpased: 0.0792s Converge: 0.169713 Tr: [0.05723, 0.00484, 0.06955] Val: [0.17269, 0.07663, 0.27682] Te: [0.18635, 0.07115, 0.26674]
3 iteration	(patience: 2)
Loss: -32.04229 Elpased: 0.0743s Converge: 0.118802 Tr: [0.04917, 0.00349, 0.05908] Val: [0.16590, 0.07627, 0.27617] Te: [0.18722, 0.07697, 0.27743]
4 iteration	(patience: 2)
Loss: -29.11782 Elpased: 0.0856s Converge: 0.091269 Tr: [0.04358, 0.00272, 0.05212] Val: [0.15831, 0.07377, 0.27161] Te: [0.18269, 0.07773, 0.27881]
5 iteration	(patience: 2)
Loss: -26.99910 Elpased: 0.0729s Converge: 0.072764 Tr: [0.03942, 0.00222, 0.04708] Val: [0.15051, 0.06991, 0.26441] Te: [0.17555, 0.07588, 0.27547]
6 iteration	(patience: 2)
Loss: -25.39809 Elpased: 0.0738s Converge: 0.059298 Tr: [0.03623, 0.00187, 0.04326] Val: [0.14270, 0.06535, 0.25563] Te: [0.16748, 0.07286, 0.26993]
7 iteration	(patience: 2)
Loss: -24.15143 Elpased: 0.0741s Converge: 0.049085 Tr: [0.03371, 0.00162, 0.04028] Val: [0.13523, 0.06056, 0.24609] Te: [0.15936, 0.06944, 0.26351]
8 iteration	(patience: 2)
Loss: -23.15731 Elpased: 0.0729s Converge: 0.041162 Tr: [0.03164, 0.00144, 0.03791] Val: [0.12821, 0.05585, 0.23633] Te: [0.15159, 0.06600, 0.25690]
9 iteration	(patience: 2)
Loss: -22.34829 Elpased: 0.0750s Converge: 0.034936 Tr: [0.02993, 0.00130, 0.03599] Val: [0.12148, 0.05139, 0.22669] Te: [0.14468, 0.06272, 0.25043]
10 iteration	(patience: 2)
Loss: -21.67827 Elpased: 0.0782s Converge: 0.029981 Tr: [0.02847, 0.00118, 0.03441] Val: [0.11507, 0.04727, 0.21742] Te: [0.13841, 0.05967, 0.24427]
11 iteration	(patience: 2)
Loss: -21.11517 Elpased: 0.0749s Converge: 0.025975 Tr: [0.02721, 0.00110, 0.03310] Val: [0.10897, 0.04356, 0.20872] Te: [0.13259, 0.05688, 0.23850]
12 iteration	(patience: 2)
Loss: -20.63631 Elpased: 0.0790s Converge: 0.022679 Tr: [0.02612, 0.00102, 0.03200] Val: [0.10321, 0.04030, 0.20075] Te: [0.12724, 0.05438, 0.23319]
13 iteration	(patience: 2)
Loss: -20.22521 Elpased: 0.0749s Converge: 0.019921 Tr: [0.02516, 0.00096, 0.03105] Val: [0.09780, 0.03751, 0.19366] Te: [0.12232, 0.05217, 0.22840]
14 iteration	(patience: 2)
Loss: -19.86961 Elpased: 0.0741s Converge: 0.017582 Tr: [0.02431, 0.00091, 0.03024] Val: [0.09279, 0.03518, 0.18756] Te: [0.11809, 0.05024, 0.22414]
15 iteration	(patience: 2)
Loss: -19.56014 Elpased: 0.0749s Converge: 0.015575 Tr: [0.02355, 0.00087, 0.02953] Val: [0.08823, 0.03330, 0.18247] Te: [0.11423, 0.04857, 0.22039]
16 iteration	(patience: 2)
Loss: -19.28944 Elpased: 0.0724s Converge: 0.013840 Tr: [0.02286, 0.00084, 0.02891] Val: [0.08413, 0.03182, 0.17837] Te: [0.11073, 0.04714, 0.21711]
17 iteration	(patience: 2)
Loss: -19.05158 Elpased: 0.0746s Converge: 0.012331 Tr: [0.02225, 0.00080, 0.02837] Val: [0.08052, 0.03068, 0.17516] Te: [0.10754, 0.04590, 0.21423]
18 iteration	(patience: 2)
Loss: -18.84177 Elpased: 0.0753s Converge: 0.011013 Tr: [0.02169, 0.00078, 0.02789] Val: [0.07737, 0.02984, 0.17273] Te: [0.10463, 0.04481, 0.21169]
19 iteration	(patience: 2)
Loss: -18.65608 Elpased: 0.0728s Converge: 0.009855 Tr: [0.02119, 0.00075, 0.02746] Val: [0.07461, 0.02923, 0.17096] Te: [0.10199, 0.04386, 0.20942]
20 iteration	(patience: 2)
Loss: -18.49127 Elpased: 0.0717s Converge: 0.008834 Tr: [0.02073, 0.00073, 0.02708] Val: [0.07225, 0.02881, 0.16973] Te: [0.09961, 0.04299, 0.20735]
21 iteration	(patience: 2)
Loss: -18.34465 Elpased: 0.0755s Converge: 0.007929 Tr: [0.02031, 0.00071, 0.02673] Val: [0.07026, 0.02854, 0.16894] Te: [0.09747, 0.04220, 0.20543]
22 iteration	(patience: 2)
Loss: -18.21394 Elpased: 0.0739s Converge: 0.007125 Tr: [0.01994, 0.00070, 0.02643] Val: [0.06857, 0.02839, 0.16851] Te: [0.09551, 0.04146, 0.20362]
23 iteration	(patience: 2)
Loss: -18.09720 Elpased: 0.0779s Converge: 0.006409 Tr: [0.01959, 0.00068, 0.02615] Val: [0.06711, 0.02834, 0.16835] Te: [0.09371, 0.04076, 0.20188]
24 iteration	(patience: 2)
Loss: -17.99275 Elpased: 0.1020s Converge: 0.005772 Tr: [0.01928, 0.00067, 0.02590] Val: [0.06586, 0.02836, 0.16841] Te: [0.09203, 0.04008, 0.20019]
