### PMF ###

===Configuration===
lambda_u=0.100000, lambda_v=0.100000

Tr:Training, Val:Validation, Te:Test, []: [MAE, MSE, RMSE]
0 iteration	(patience: 0)
Loss: -71.05100 Elpased: 0.0578s Converge: -1.000000 Tr: [0.27825, 0.10440, 0.32311] Val: [0.33871, 0.14694, 0.38332] Te: [0.35615, 0.15903, 0.39878]
1 iteration	(patience: 0)
Loss: -31.14606 Elpased: 0.0568s Converge: 0.561638 Tr: [0.11635, 0.01651, 0.12851] Val: [0.55656, 0.38750, 0.62250] Te: [0.56721, 0.38789, 0.62281]
2 iteration	(patience: 1)
Loss: -25.11897 Elpased: 0.0556s Converge: 0.193511 Tr: [0.09016, 0.00952, 0.09758] Val: [0.57414, 0.40692, 0.63791] Te: [0.58284, 0.40442, 0.63594]
3 iteration	(patience: 2)
Loss: -21.82454 Elpased: 0.0573s Converge: 0.131153 Tr: [0.07548, 0.00663, 0.08140] Val: [0.57088, 0.40303, 0.63485] Te: [0.57570, 0.39715, 0.63020]
4 iteration	(patience: 2)
Loss: -19.70860 Elpased: 0.0532s Converge: 0.096953 Tr: [0.06572, 0.00505, 0.07103] Val: [0.55849, 0.38928, 0.62392] Te: [0.55873, 0.37933, 0.61589]
5 iteration	(patience: 2)
Loss: -18.23983 Elpased: 0.0670s Converge: 0.074524 Tr: [0.05872, 0.00407, 0.06379] Val: [0.54020, 0.37039, 0.60860] Te: [0.53626, 0.35596, 0.59663]
6 iteration	(patience: 2)
Loss: -17.16738 Elpased: 0.0914s Converge: 0.058797 Tr: [0.05345, 0.00342, 0.05848] Val: [0.51813, 0.34865, 0.59046] Te: [0.51123, 0.33006, 0.57450]
7 iteration	(patience: 2)
Loss: -16.35537 Elpased: 0.0555s Converge: 0.047300 Tr: [0.04935, 0.00296, 0.05444] Val: [0.49371, 0.32544, 0.57048] Te: [0.48426, 0.30361, 0.55100]
8 iteration	(patience: 2)
Loss: -15.72348 Elpased: 0.0540s Converge: 0.038635 Tr: [0.04607, 0.00263, 0.05129] Val: [0.46867, 0.30183, 0.54939] Te: [0.45706, 0.27799, 0.52725]
9 iteration	(patience: 2)
Loss: -15.22125 Elpased: 0.0560s Converge: 0.031942 Tr: [0.04343, 0.00238, 0.04880] Val: [0.44349, 0.27865, 0.52787] Te: [0.43074, 0.25412, 0.50410]
10 iteration	(patience: 2)
Loss: -14.81536 Elpased: 0.0571s Converge: 0.026666 Tr: [0.04125, 0.00219, 0.04680] Val: [0.41895, 0.25652, 0.50648] Te: [0.40655, 0.23253, 0.48222]
11 iteration	(patience: 2)
Loss: -14.48284 Elpased: 0.0613s Converge: 0.022444 Tr: [0.03943, 0.00204, 0.04517] Val: [0.39589, 0.23586, 0.48565] Te: [0.38373, 0.21343, 0.46199]
12 iteration	(patience: 2)
Loss: -14.20727 Elpased: 0.0671s Converge: 0.019028 Tr: [0.03791, 0.00192, 0.04383] Val: [0.37462, 0.21678, 0.46560] Te: [0.36410, 0.19671, 0.44352]
13 iteration	(patience: 2)
Loss: -13.97650 Elpased: 0.0745s Converge: 0.016243 Tr: [0.03660, 0.00182, 0.04270] Val: [0.35478, 0.19924, 0.44636] Te: [0.34624, 0.18202, 0.42663]
14 iteration	(patience: 2)
Loss: -13.78142 Elpased: 0.0650s Converge: 0.013958 Tr: [0.03547, 0.00174, 0.04175] Val: [0.33615, 0.18310, 0.42790] Te: [0.33021, 0.16897, 0.41107]
15 iteration	(patience: 2)
Loss: -13.61508 Elpased: 0.0679s Converge: 0.012070 Tr: [0.03449, 0.00168, 0.04095] Val: [0.31857, 0.16825, 0.41018] Te: [0.31512, 0.15727, 0.39657]
16 iteration	(patience: 2)
Loss: -13.47214 Elpased: 0.0632s Converge: 0.010499 Tr: [0.03364, 0.00162, 0.04026] Val: [0.30202, 0.15463, 0.39323] Te: [0.30094, 0.14671, 0.38302]
17 iteration	(patience: 2)
Loss: -13.34844 Elpased: 0.0635s Converge: 0.009182 Tr: [0.03289, 0.00157, 0.03967] Val: [0.28648, 0.14217, 0.37706] Te: [0.28756, 0.13714, 0.37033]
18 iteration	(patience: 2)
Loss: -13.24075 Elpased: 0.0643s Converge: 0.008068 Tr: [0.03224, 0.00153, 0.03917] Val: [0.27185, 0.13082, 0.36169] Te: [0.27487, 0.12850, 0.35846]
19 iteration	(patience: 2)
Loss: -13.14652 Elpased: 0.0681s Converge: 0.007117 Tr: [0.03166, 0.00150, 0.03873] Val: [0.25828, 0.12050, 0.34713] Te: [0.26294, 0.12068, 0.34739]
20 iteration	(patience: 2)
Loss: -13.06371 Elpased: 0.0650s Converge: 0.006299 Tr: [0.03116, 0.00147, 0.03835] Val: [0.24587, 0.11114, 0.33337] Te: [0.25174, 0.11363, 0.33709]
21 iteration	(patience: 2)
Loss: -12.99064 Elpased: 0.0644s Converge: 0.005593 Tr: [0.03070, 0.00145, 0.03803] Val: [0.23415, 0.10267, 0.32042] Te: [0.24128, 0.10726, 0.32751]
22 iteration	(patience: 2)
Loss: -12.92592 Elpased: 0.0696s Converge: 0.004982 Tr: [0.03029, 0.00142, 0.03774] Val: [0.22309, 0.09501, 0.30824] Te: [0.23162, 0.10151, 0.31860]
23 iteration	(patience: 2)
Loss: -12.86839 Elpased: 0.1011s Converge: 0.004451 Tr: [0.02992, 0.00141, 0.03749] Val: [0.21268, 0.08810, 0.29682] Te: [0.22275, 0.09630, 0.31032]
24 iteration	(patience: 2)
Loss: -12.81704 Elpased: 0.0940s Converge: 0.003990 Tr: [0.02959, 0.00139, 0.03727] Val: [0.20289, 0.08187, 0.28613] Te: [0.21450, 0.09157, 0.30260]
25 iteration	(patience: 2)
Loss: -12.77105 Elpased: 0.0858s Converge: 0.003588 Tr: [0.02929, 0.00137, 0.03707] Val: [0.19369, 0.07626, 0.27616] Te: [0.20683, 0.08726, 0.29540]
26 iteration	(patience: 2)
Loss: -12.72971 Elpased: 0.0706s Converge: 0.003237 Tr: [0.02902, 0.00136, 0.03690] Val: [0.18505, 0.07123, 0.26688] Te: [0.19969, 0.08332, 0.28866]
27 iteration	(patience: 2)
Loss: -12.69241 Elpased: 0.0722s Converge: 0.002930 Tr: [0.02878, 0.00135, 0.03675] Val: [0.17694, 0.06671, 0.25828] Te: [0.19301, 0.07972, 0.28235]
28 iteration	(patience: 2)
Loss: -12.65866 Elpased: 0.0715s Converge: 0.002659 Tr: [0.02856, 0.00134, 0.03661] Val: [0.16934, 0.06267, 0.25034] Te: [0.18685, 0.07641, 0.27643]
29 iteration	(patience: 2)
Loss: -12.62802 Elpased: 0.0700s Converge: 0.002420 Tr: [0.02835, 0.00133, 0.03650] Val: [0.16227, 0.05907, 0.24304] Te: [0.18118, 0.07337, 0.27088]
30 iteration	(patience: 2)
Loss: -12.60015 Elpased: 0.0609s Converge: 0.002207 Tr: [0.02816, 0.00132, 0.03639] Val: [0.15568, 0.05587, 0.23637] Te: [0.17588, 0.07058, 0.26568]
31 iteration	(patience: 2)
Loss: -12.57475 Elpased: 0.0539s Converge: 0.002016 Tr: [0.02799, 0.00132, 0.03630] Val: [0.14951, 0.05304, 0.23030] Te: [0.17093, 0.06802, 0.26081]
32 iteration	(patience: 2)
Loss: -12.55156 Elpased: 0.0559s Converge: 0.001844 Tr: [0.02783, 0.00131, 0.03621] Val: [0.14377, 0.05055, 0.22482] Te: [0.16632, 0.06567, 0.25627]
33 iteration	(patience: 2)
Loss: -12.53037 Elpased: 0.0561s Converge: 0.001688 Tr: [0.02768, 0.00131, 0.03614] Val: [0.13842, 0.04836, 0.21990] Te: [0.16203, 0.06352, 0.25203]
34 iteration	(patience: 2)
Loss: -12.51099 Elpased: 0.0551s Converge: 0.001546 Tr: [0.02754, 0.00130, 0.03607] Val: [0.13347, 0.04644, 0.21550] Te: [0.15809, 0.06155, 0.24809]
35 iteration	(patience: 2)
Loss: -12.49326 Elpased: 0.0579s Converge: 0.001417 Tr: [0.02741, 0.00130, 0.03601] Val: [0.12896, 0.04477, 0.21158] Te: [0.15451, 0.05975, 0.24444]
36 iteration	(patience: 2)
Loss: -12.47702 Elpased: 0.0593s Converge: 0.001300 Tr: [0.02729, 0.00129, 0.03595] Val: [0.12489, 0.04331, 0.20811] Te: [0.15123, 0.05810, 0.24104]
37 iteration	(patience: 2)
Loss: -12.46214 Elpased: 0.0593s Converge: 0.001193 Tr: [0.02717, 0.00129, 0.03590] Val: [0.12116, 0.04204, 0.20504] Te: [0.14821, 0.05659, 0.23789]
38 iteration	(patience: 2)
Loss: -12.44848 Elpased: 0.0559s Converge: 0.001096 Tr: [0.02706, 0.00129, 0.03586] Val: [0.11770, 0.04093, 0.20232] Te: [0.14544, 0.05520, 0.23496]
39 iteration	(patience: 2)
Loss: -12.43594 Elpased: 0.0569s Converge: 0.001008 Tr: [0.02696, 0.00128, 0.03582] Val: [0.11448, 0.03997, 0.19992] Te: [0.14290, 0.05393, 0.23223]
40 iteration	(patience: 2)
Loss: -12.42441 Elpased: 0.0580s Converge: 0.000928 Tr: [0.02687, 0.00128, 0.03578] Val: [0.11152, 0.03913, 0.19780] Te: [0.14053, 0.05275, 0.22968]
41 iteration	(patience: 2)
Loss: -12.41379 Elpased: 0.0539s Converge: 0.000855 Tr: [0.02678, 0.00128, 0.03574] Val: [0.10879, 0.03839, 0.19593] Te: [0.13832, 0.05166, 0.22729]
42 iteration	(patience: 2)
Loss: -12.40399 Elpased: 0.0573s Converge: 0.000789 Tr: [0.02669, 0.00128, 0.03571] Val: [0.10625, 0.03774, 0.19427] Te: [0.13624, 0.05065, 0.22505]
43 iteration	(patience: 2)
Loss: -12.39496 Elpased: 0.0569s Converge: 0.000729 Tr: [0.02661, 0.00127, 0.03568] Val: [0.10390, 0.03717, 0.19281] Te: [0.13430, 0.04971, 0.22296]
44 iteration	(patience: 2)
Loss: -12.38660 Elpased: 0.0575s Converge: 0.000674 Tr: [0.02653, 0.00127, 0.03565] Val: [0.10186, 0.03668, 0.19151] Te: [0.13247, 0.04883, 0.22099]
45 iteration	(patience: 2)
Loss: -12.37888 Elpased: 0.0569s Converge: 0.000624 Tr: [0.02646, 0.00127, 0.03563] Val: [0.10003, 0.03624, 0.19036] Te: [0.13079, 0.04802, 0.21913]
46 iteration	(patience: 2)
Loss: -12.37172 Elpased: 0.0617s Converge: 0.000578 Tr: [0.02640, 0.00127, 0.03560] Val: [0.09834, 0.03585, 0.18935] Te: [0.12921, 0.04726, 0.21738]
47 iteration	(patience: 2)
Loss: -12.36510 Elpased: 0.0549s Converge: 0.000536 Tr: [0.02634, 0.00127, 0.03558] Val: [0.09679, 0.03551, 0.18845] Te: [0.12772, 0.04654, 0.21574]
48 iteration	(patience: 2)
Loss: -12.35895 Elpased: 0.0543s Converge: 0.000497 Tr: [0.02628, 0.00126, 0.03556] Val: [0.09540, 0.03521, 0.18765] Te: [0.12630, 0.04587, 0.21418]
49 iteration	(patience: 2)
Loss: -12.35325 Elpased: 0.0569s Converge: 0.000462 Tr: [0.02622, 0.00126, 0.03555] Val: [0.09409, 0.03495, 0.18695] Te: [0.12496, 0.04525, 0.21271]
