### PMF ###

===Configuration===
lambda_u=0.100000, lambda_v=0.100000

Tr:Training, Val:Validation, Te:Test, []: [MAE, MSE, RMSE]
0 iteration	(patience: 0)
Loss: -71.05100 Elpased: 0.0578s Converge: -1.000000 Tr: [0.27825, 0.10440, 0.32311] Val: [0.33871, 0.14694, 0.38332] Te: [0.35615, 0.15903, 0.39878]
1 iteration	(patience: 0)
Loss: -31.14606 Elpased: 0.0568s Converge: 0.561638 Tr: [0.11635, 0.01651, 0.12851] Val: [0.55656, 0.38750, 0.62250] Te: [0.56721, 0.38789, 0.62281]
2 iteration	(patience: 1)
Loss: -25.11897 Elpased: 0.0556s Converge: 0.193511 Tr: [0.09016, 0.00952, 0.09758] Val: [0.57414, 0.40692, 0.63791] Te: [0.58284, 0.40442, 0.63594]
3 iteration	(patience: 2)
Loss: -21.82454 Elpased: 0.0573s Converge: 0.131153 Tr: [0.07548, 0.00663, 0.08140] Val: [0.57088, 0.40303, 0.63485] Te: [0.57570, 0.39715, 0.63020]
4 iteration	(patience: 2)
Loss: -19.70860 Elpased: 0.0532s Converge: 0.096953 Tr: [0.06572, 0.00505, 0.07103] Val: [0.55849, 0.38928, 0.62392] Te: [0.55873, 0.37933, 0.61589]
5 iteration	(patience: 2)
Loss: -18.23983 Elpased: 0.0670s Converge: 0.074524 Tr: [0.05872, 0.00407, 0.06379] Val: [0.54020, 0.37039, 0.60860] Te: [0.53626, 0.35596, 0.59663]
6 iteration	(patience: 2)
Loss: -17.16738 Elpased: 0.0914s Converge: 0.058797 Tr: [0.05345, 0.00342, 0.05848] Val: [0.51813, 0.34865, 0.59046] Te: [0.51123, 0.33006, 0.57450]
7 iteration	(patience: 2)
Loss: -16.35537 Elpased: 0.0555s Converge: 0.047300 Tr: [0.04935, 0.00296, 0.05444] Val: [0.49371, 0.32544, 0.57048] Te: [0.48426, 0.30361, 0.55100]
8 iteration	(patience: 2)
Loss: -15.72348 Elpased: 0.0540s Converge: 0.038635 Tr: [0.04607, 0.00263, 0.05129] Val: [0.46867, 0.30183, 0.54939] Te: [0.45706, 0.27799, 0.52725]
9 iteration	(patience: 2)
Loss: -15.22125 Elpased: 0.0560s Converge: 0.031942 Tr: [0.04343, 0.00238, 0.04880] Val: [0.44349, 0.27865, 0.52787] Te: [0.43074, 0.25412, 0.50410]
10 iteration	(patience: 2)
Loss: -14.81536 Elpased: 0.0571s Converge: 0.026666 Tr: [0.04125, 0.00219, 0.04680] Val: [0.41895, 0.25652, 0.50648] Te: [0.40655, 0.23253, 0.48222]
11 iteration	(patience: 2)
Loss: -14.48284 Elpased: 0.0613s Converge: 0.022444 Tr: [0.03943, 0.00204, 0.04517] Val: [0.39589, 0.23586, 0.48565] Te: [0.38373, 0.21343, 0.46199]
12 iteration	(patience: 2)
Loss: -14.20727 Elpased: 0.0671s Converge: 0.019028 Tr: [0.03791, 0.00192, 0.04383] Val: [0.37462, 0.21678, 0.46560] Te: [0.36410, 0.19671, 0.44352]
13 iteration	(patience: 2)
Loss: -13.97650 Elpased: 0.0745s Converge: 0.016243 Tr: [0.03660, 0.00182, 0.04270] Val: [0.35478, 0.19924, 0.44636] Te: [0.34624, 0.18202, 0.42663]
14 iteration	(patience: 2)
Loss: -13.78142 Elpased: 0.0650s Converge: 0.013958 Tr: [0.03547, 0.00174, 0.04175] Val: [0.33615, 0.18310, 0.42790] Te: [0.33021, 0.16897, 0.41107]
15 iteration	(patience: 2)
Loss: -13.61508 Elpased: 0.0679s Converge: 0.012070 Tr: [0.03449, 0.00168, 0.04095] Val: [0.31857, 0.16825, 0.41018] Te: [0.31512, 0.15727, 0.39657]
16 iteration	(patience: 2)
Loss: -13.47214 Elpased: 0.0632s Converge: 0.010499 Tr: [0.03364, 0.00162, 0.04026] Val: [0.30202, 0.15463, 0.39323] Te: [0.30094, 0.14671, 0.38302]
17 iteration	(patience: 2)
Loss: -13.34844 Elpased: 0.0635s Converge: 0.009182 Tr: [0.03289, 0.00157, 0.03967] Val: [0.28648, 0.14217, 0.37706] Te: [0.28756, 0.13714, 0.37033]
18 iteration	(patience: 2)
Loss: -13.24075 Elpased: 0.0643s Converge: 0.008068 Tr: [0.03224, 0.00153, 0.03917] Val: [0.27185, 0.13082, 0.36169] Te: [0.27487, 0.12850, 0.35846]
19 iteration	(patience: 2)
Loss: -13.14652 Elpased: 0.0681s Converge: 0.007117 Tr: [0.03166, 0.00150, 0.03873] Val: [0.25828, 0.12050, 0.34713] Te: [0.26294, 0.12068, 0.34739]
20 iteration	(patience: 2)
Loss: -13.06371 Elpased: 0.0650s Converge: 0.006299 Tr: [0.03116, 0.00147, 0.03835] Val: [0.24587, 0.11114, 0.33337] Te: [0.25174, 0.11363, 0.33709]
21 iteration	(patience: 2)
Loss: -12.99064 Elpased: 0.0644s Converge: 0.005593 Tr: [0.03070, 0.00145, 0.03803] Val: [0.23415, 0.10267, 0.32042] Te: [0.24128, 0.10726, 0.32751]
22 iteration	(patience: 2)
Loss: -12.92592 Elpased: 0.0696s Converge: 0.004982 Tr: [0.03029, 0.00142, 0.03774] Val: [0.22309, 0.09501, 0.30824] Te: [0.23162, 0.10151, 0.31860]
23 iteration	(patience: 2)
Loss: -12.86839 Elpased: 0.1011s Converge: 0.004451 Tr: [0.02992, 0.00141, 0.03749] Val: [0.21268, 0.08810, 0.29682] Te: [0.22275, 0.09630, 0.31032]
24 iteration	(patience: 2)
Loss: -12.81704 Elpased: 0.0940s Converge: 0.003990 Tr: [0.02959, 0.00139, 0.03727] Val: [0.20289, 0.08187, 0.28613] Te: [0.21450, 0.09157, 0.30260]
25 iteration	(patience: 2)
Loss: -12.77105 Elpased: 0.0858s Converge: 0.003588 Tr: [0.02929, 0.00137, 0.03707] Val: [0.19369, 0.07626, 0.27616] Te: [0.20683, 0.08726, 0.29540]
26 iteration	(patience: 2)
Loss: -12.72971 Elpased: 0.0706s Converge: 0.003237 Tr: [0.02902, 0.00136, 0.03690] Val: [0.18505, 0.07123, 0.26688] Te: [0.19969, 0.08332, 0.28866]
27 iteration	(patience: 2)
Loss: -12.69241 Elpased: 0.0722s Converge: 0.002930 Tr: [0.02878, 0.00135, 0.03675] Val: [0.17694, 0.06671, 0.25828] Te: [0.19301, 0.07972, 0.28235]
28 iteration	(patience: 2)
Loss: -12.65866 Elpased: 0.0715s Converge: 0.002659 Tr: [0.02856, 0.00134, 0.03661] Val: [0.16934, 0.06267, 0.25034] Te: [0.18685, 0.07641, 0.27643]
29 iteration	(patience: 2)
Loss: -12.62802 Elpased: 0.0700s Converge: 0.002420 Tr: [0.02835, 0.00133, 0.03650] Val: [0.16227, 0.05907, 0.24304] Te: [0.18118, 0.07337, 0.27088]
30 iteration	(patience: 2)
Loss: -12.60015 Elpased: 0.0609s Converge: 0.002207 Tr: [0.02816, 0.00132, 0.03639] Val: [0.15568, 0.05587, 0.23637] Te: [0.17588, 0.07058, 0.26568]
31 iteration	(patience: 2)
Loss: -12.57475 Elpased: 0.0539s Converge: 0.002016 Tr: [0.02799, 0.00132, 0.03630] Val: [0.14951, 0.05304, 0.23030] Te: [0.17093, 0.06802, 0.26081]
32 iteration	(patience: 2)
Loss: -12.55156 Elpased: 0.0559s Converge: 0.001844 Tr: [0.02783, 0.00131, 0.03621] Val: [0.14377, 0.05055, 0.22482] Te: [0.16632, 0.06567, 0.25627]
33 iteration	(patience: 2)
Loss: -12.53037 Elpased: 0.0561s Converge: 0.001688 Tr: [0.02768, 0.00131, 0.03614] Val: [0.13842, 0.04836, 0.21990] Te: [0.16203, 0.06352, 0.25203]
34 iteration	(patience: 2)
Loss: -12.51099 Elpased: 0.0551s Converge: 0.001546 Tr: [0.02754, 0.00130, 0.03607] Val: [0.13347, 0.04644, 0.21550] Te: [0.15809, 0.06155, 0.24809]
35 iteration	(patience: 2)
Loss: -12.49326 Elpased: 0.0579s Converge: 0.001417 Tr: [0.02741, 0.00130, 0.03601] Val: [0.12896, 0.04477, 0.21158] Te: [0.15451, 0.05975, 0.24444]
36 iteration	(patience: 2)
Loss: -12.47702 Elpased: 0.0593s Converge: 0.001300 Tr: [0.02729, 0.00129, 0.03595] Val: [0.12489, 0.04331, 0.20811] Te: [0.15123, 0.05810, 0.24104]
37 iteration	(patience: 2)
Loss: -12.46214 Elpased: 0.0593s Converge: 0.001193 Tr: [0.02717, 0.00129, 0.03590] Val: [0.12116, 0.04204, 0.20504] Te: [0.14821, 0.05659, 0.23789]
38 iteration	(patience: 2)
Loss: -12.44848 Elpased: 0.0559s Converge: 0.001096 Tr: [0.02706, 0.00129, 0.03586] Val: [0.11770, 0.04093, 0.20232] Te: [0.14544, 0.05520, 0.23496]
39 iteration	(patience: 2)
Loss: -12.43594 Elpased: 0.0569s Converge: 0.001008 Tr: [0.02696, 0.00128, 0.03582] Val: [0.11448, 0.03997, 0.19992] Te: [0.14290, 0.05393, 0.23223]
40 iteration	(patience: 2)
Loss: -12.42441 Elpased: 0.0580s Converge: 0.000928 Tr: [0.02687, 0.00128, 0.03578] Val: [0.11152, 0.03913, 0.19780] Te: [0.14053, 0.05275, 0.22968]
41 iteration	(patience: 2)
Loss: -12.41379 Elpased: 0.0539s Converge: 0.000855 Tr: [0.02678, 0.00128, 0.03574] Val: [0.10879, 0.03839, 0.19593] Te: [0.13832, 0.05166, 0.22729]
42 iteration	(patience: 2)
Loss: -12.40399 Elpased: 0.0573s Converge: 0.000789 Tr: [0.02669, 0.00128, 0.03571] Val: [0.10625, 0.03774, 0.19427] Te: [0.13624, 0.05065, 0.22505]
43 iteration	(patience: 2)
Loss: -12.39496 Elpased: 0.0569s Converge: 0.000729 Tr: [0.02661, 0.00127, 0.03568] Val: [0.10390, 0.03717, 0.19281] Te: [0.13430, 0.04971, 0.22296]
44 iteration	(patience: 2)
Loss: -12.38660 Elpased: 0.0575s Converge: 0.000674 Tr: [0.02653, 0.00127, 0.03565] Val: [0.10186, 0.03668, 0.19151] Te: [0.13247, 0.04883, 0.22099]
45 iteration	(patience: 2)
Loss: -12.37888 Elpased: 0.0569s Converge: 0.000624 Tr: [0.02646, 0.00127, 0.03563] Val: [0.10003, 0.03624, 0.19036] Te: [0.13079, 0.04802, 0.21913]
46 iteration	(patience: 2)
Loss: -12.37172 Elpased: 0.0617s Converge: 0.000578 Tr: [0.02640, 0.00127, 0.03560] Val: [0.09834, 0.03585, 0.18935] Te: [0.12921, 0.04726, 0.21738]
47 iteration	(patience: 2)
Loss: -12.36510 Elpased: 0.0549s Converge: 0.000536 Tr: [0.02634, 0.00127, 0.03558] Val: [0.09679, 0.03551, 0.18845] Te: [0.12772, 0.04654, 0.21574]
48 iteration	(patience: 2)
Loss: -12.35895 Elpased: 0.0543s Converge: 0.000497 Tr: [0.02628, 0.00126, 0.03556] Val: [0.09540, 0.03521, 0.18765] Te: [0.12630, 0.04587, 0.21418]
49 iteration	(patience: 2)
Loss: -12.35325 Elpased: 0.0569s Converge: 0.000462 Tr: [0.02622, 0.00126, 0.03555] Val: [0.09409, 0.03495, 0.18695] Te: [0.12496, 0.04525, 0.21271]
### DRMF-Item-CNN ###

===Configuration===
lambda_u=10.000000, lambda_v=1.000000
maxlen_doc=[1,0], maxlen_sent=[1,0]
emb_dim=1, dimension=193, num_kernel_per_ws=100, dropout_rate=0.20, gru_outdim=50

Tr:Training, Val:Validation, Te:Test, []: [MAE, MSE, RMSE]
0 iteration	(patience: 0)
Loss: -65.28810 Elpased: 0.4467s Converge: -1.000000 Tr: [0.27223, 0.15165, 0.38942] Val: [0.28082, 0.16779, 0.40962] Te: [0.26009, 0.13993, 0.37408]
1 iteration	(patience: 0)
Loss: -53.81313 Elpased: 0.3739s Converge: 0.175759 Tr: [0.20949, 0.10159, 0.31873] Val: [0.20869, 0.11400, 0.33764] Te: [0.19931, 0.09514, 0.30844]
2 iteration	(patience: 0)
Loss: -47.40233 Elpased: 0.3896s Converge: 0.119131 Tr: [0.18430, 0.07843, 0.28005] Val: [0.18793, 0.09130, 0.30215] Te: [0.18459, 0.07480, 0.27350]
3 iteration	(patience: 0)
Loss: -43.14975 Elpased: 0.3829s Converge: 0.089712 Tr: [0.16857, 0.06453, 0.25403] Val: [0.17630, 0.07718, 0.27781] Te: [0.17613, 0.06182, 0.24864]
4 iteration	(patience: 0)
Loss: -40.05925 Elpased: 0.5065s Converge: 0.071623 Tr: [0.15749, 0.05530, 0.23517] Val: [0.16758, 0.06725, 0.25933] Te: [0.16908, 0.05300, 0.23022]
5 iteration	(patience: 0)
Loss: -37.66969 Elpased: 0.4100s Converge: 0.059651 Tr: [0.14916, 0.04874, 0.22078] Val: [0.16154, 0.05982, 0.24459] Te: [0.16292, 0.04679, 0.21631]
6 iteration	(patience: 0)
Loss: -35.73949 Elpased: 0.4253s Converge: 0.051240 Tr: [0.14253, 0.04383, 0.20937] Val: [0.15665, 0.05406, 0.23250] Te: [0.15752, 0.04227, 0.20559]
7 iteration	(patience: 0)
Loss: -34.12983 Elpased: 0.5195s Converge: 0.045039 Tr: [0.13707, 0.04002, 0.20004] Val: [0.15247, 0.04945, 0.22238] Te: [0.15365, 0.03888, 0.19717]
8 iteration	(patience: 0)
Loss: -32.75497 Elpased: 0.4000s Converge: 0.040283 Tr: [0.13242, 0.03695, 0.19223] Val: [0.14871, 0.04570, 0.21378] Te: [0.15060, 0.03626, 0.19042]
9 iteration	(patience: 0)
Loss: -31.55874 Elpased: 0.4353s Converge: 0.036520 Tr: [0.12836, 0.03444, 0.18557] Val: [0.14521, 0.04259, 0.20638] Te: [0.14776, 0.03418, 0.18489]
10 iteration	(patience: 0)
Loss: -30.50260 Elpased: 0.3666s Converge: 0.033466 Tr: [0.12475, 0.03233, 0.17981] Val: [0.14194, 0.03998, 0.19995] Te: [0.14512, 0.03250, 0.18028]
11 iteration	(patience: 0)
Loss: -29.55905 Elpased: 0.3684s Converge: 0.030933 Tr: [0.12152, 0.03054, 0.17475] Val: [0.13888, 0.03776, 0.19432] Te: [0.14277, 0.03110, 0.17636]
12 iteration	(patience: 0)
Loss: -28.70784 Elpased: 0.3619s Converge: 0.028797 Tr: [0.11859, 0.02899, 0.17026] Val: [0.13602, 0.03585, 0.18933] Te: [0.14063, 0.02992, 0.17298]
13 iteration	(patience: 0)
Loss: -27.93364 Elpased: 0.3732s Converge: 0.026968 Tr: [0.11592, 0.02764, 0.16625] Val: [0.13333, 0.03419, 0.18490] Te: [0.13857, 0.02891, 0.17003]
14 iteration	(patience: 0)
Loss: -27.22461 Elpased: 0.3644s Converge: 0.025382 Tr: [0.11343, 0.02645, 0.16263] Val: [0.13091, 0.03273, 0.18092] Te: [0.13661, 0.02803, 0.16742]
15 iteration	(patience: 0)
Loss: -26.57142 Elpased: 0.3672s Converge: 0.023993 Tr: [0.11114, 0.02539, 0.15935] Val: [0.12864, 0.03145, 0.17734] Te: [0.13473, 0.02725, 0.16508]
16 iteration	(patience: 0)
Loss: -25.96657 Elpased: 0.3698s Converge: 0.022763 Tr: [0.10899, 0.02444, 0.15635] Val: [0.12649, 0.03031, 0.17410] Te: [0.13294, 0.02656, 0.16297]
17 iteration	(patience: 0)
Loss: -25.40397 Elpased: 0.3656s Converge: 0.021666 Tr: [0.10697, 0.02359, 0.15359] Val: [0.12446, 0.02929, 0.17116] Te: [0.13123, 0.02594, 0.16105]
18 iteration	(patience: 0)
Loss: -24.87860 Elpased: 0.3644s Converge: 0.020680 Tr: [0.10506, 0.02282, 0.15105] Val: [0.12254, 0.02838, 0.16846] Te: [0.12960, 0.02537, 0.15929]
19 iteration	(patience: 0)
Loss: -24.38629 Elpased: 0.3752s Converge: 0.019789 Tr: [0.10326, 0.02211, 0.14870] Val: [0.12071, 0.02755, 0.16599] Te: [0.12804, 0.02486, 0.15766]
20 iteration	(patience: 0)
Loss: -23.92350 Elpased: 0.3896s Converge: 0.018977 Tr: [0.10155, 0.02147, 0.14651] Val: [0.11899, 0.02681, 0.16372] Te: [0.12654, 0.02439, 0.15616]
21 iteration	(patience: 0)
Loss: -23.48725 Elpased: 0.3698s Converge: 0.018235 Tr: [0.09992, 0.02087, 0.14447] Val: [0.11737, 0.02612, 0.16162] Te: [0.12512, 0.02395, 0.15476]
22 iteration	(patience: 0)
Loss: -23.07498 Elpased: 0.3652s Converge: 0.017553 Tr: [0.09836, 0.02032, 0.14256] Val: [0.11583, 0.02550, 0.15968] Te: [0.12389, 0.02355, 0.15345]
23 iteration	(patience: 0)
Loss: -22.68447 Elpased: 0.3657s Converge: 0.016923 Tr: [0.09688, 0.01982, 0.14077] Val: [0.11439, 0.02492, 0.15788] Te: [0.12275, 0.02317, 0.15222]
24 iteration	(patience: 0)
Loss: -22.31380 Elpased: 0.3733s Converge: 0.016340 Tr: [0.09546, 0.01934, 0.13908] Val: [0.11302, 0.02440, 0.15619] Te: [0.12165, 0.02282, 0.15107]
25 iteration	(patience: 0)
Loss: -21.96129 Elpased: 0.3635s Converge: 0.015798 Tr: [0.09411, 0.01890, 0.13749] Val: [0.11172, 0.02391, 0.15462] Te: [0.12066, 0.02249, 0.14998]
26 iteration	(patience: 0)
Loss: -21.62546 Elpased: 0.3814s Converge: 0.015292 Tr: [0.09281, 0.01849, 0.13598] Val: [0.11048, 0.02346, 0.15315] Te: [0.11980, 0.02219, 0.14895]
27 iteration	(patience: 0)
Loss: -21.30499 Elpased: 0.3717s Converge: 0.014819 Tr: [0.09156, 0.01810, 0.13455] Val: [0.10929, 0.02304, 0.15178] Te: [0.11895, 0.02190, 0.14797]
28 iteration	(patience: 0)
Loss: -20.99873 Elpased: 0.3651s Converge: 0.014375 Tr: [0.09037, 0.01774, 0.13320] Val: [0.10816, 0.02264, 0.15048] Te: [0.11813, 0.02162, 0.14704]
29 iteration	(patience: 0)
Loss: -20.70564 Elpased: 0.3765s Converge: 0.013958 Tr: [0.08922, 0.01740, 0.13191] Val: [0.10707, 0.02228, 0.14926] Te: [0.11733, 0.02136, 0.14616]
30 iteration	(patience: 0)
Loss: -20.42478 Elpased: 0.4854s Converge: 0.013564 Tr: [0.08811, 0.01708, 0.13069] Val: [0.10602, 0.02194, 0.14811] Te: [0.11656, 0.02112, 0.14532]
31 iteration	(patience: 0)
Loss: -20.15531 Elpased: 0.3664s Converge: 0.013193 Tr: [0.08705, 0.01678, 0.12952] Val: [0.10502, 0.02161, 0.14702] Te: [0.11580, 0.02088, 0.14452]
32 iteration	(patience: 0)
Loss: -19.89649 Elpased: 0.3737s Converge: 0.012842 Tr: [0.08602, 0.01649, 0.12841] Val: [0.10406, 0.02131, 0.14599] Te: [0.11507, 0.02066, 0.14375]
33 iteration	(patience: 0)
Loss: -19.64761 Elpased: 0.3674s Converge: 0.012509 Tr: [0.08504, 0.01622, 0.12734] Val: [0.10314, 0.02103, 0.14501] Te: [0.11436, 0.02045, 0.14301]
34 iteration	(patience: 0)
Loss: -19.40805 Elpased: 0.3686s Converge: 0.012192 Tr: [0.08409, 0.01596, 0.12632] Val: [0.10225, 0.02076, 0.14408] Te: [0.11367, 0.02025, 0.14230]
35 iteration	(patience: 0)
Loss: -19.17726 Elpased: 0.3701s Converge: 0.011892 Tr: [0.08317, 0.01571, 0.12534] Val: [0.10139, 0.02050, 0.14320] Te: [0.11299, 0.02006, 0.14163]
36 iteration	(patience: 0)
Loss: -18.95469 Elpased: 0.3673s Converge: 0.011606 Tr: [0.08228, 0.01548, 0.12441] Val: [0.10058, 0.02026, 0.14235] Te: [0.11234, 0.01987, 0.14098]
37 iteration	(patience: 0)
Loss: -18.73989 Elpased: 0.3705s Converge: 0.011333 Tr: [0.08142, 0.01525, 0.12351] Val: [0.09981, 0.02004, 0.14155] Te: [0.11170, 0.01970, 0.14035]
38 iteration	(patience: 0)
Loss: -18.53239 Elpased: 0.3631s Converge: 0.011072 Tr: [0.08058, 0.01504, 0.12264] Val: [0.09908, 0.01982, 0.14079] Te: [0.11107, 0.01953, 0.13975]
39 iteration	(patience: 0)
Loss: -18.33182 Elpased: 0.3681s Converge: 0.010823 Tr: [0.07977, 0.01484, 0.12181] Val: [0.09837, 0.01962, 0.14005] Te: [0.11047, 0.01937, 0.13916]
40 iteration	(patience: 0)
Loss: -18.13778 Elpased: 0.3702s Converge: 0.010585 Tr: [0.07899, 0.01464, 0.12101] Val: [0.09769, 0.01942, 0.13935] Te: [0.10988, 0.01921, 0.13860]
41 iteration	(patience: 0)
Loss: -17.94993 Elpased: 0.3667s Converge: 0.010357 Tr: [0.07822, 0.01446, 0.12024] Val: [0.09703, 0.01923, 0.13868] Te: [0.10930, 0.01906, 0.13806]
42 iteration	(patience: 0)
Loss: -17.76796 Elpased: 0.3715s Converge: 0.010138 Tr: [0.07748, 0.01428, 0.11949] Val: [0.09639, 0.01906, 0.13804] Te: [0.10874, 0.01892, 0.13754]
43 iteration	(patience: 0)
Loss: -17.59156 Elpased: 0.3729s Converge: 0.009928 Tr: [0.07677, 0.01411, 0.11877] Val: [0.09578, 0.01889, 0.13742] Te: [0.10819, 0.01878, 0.13703]
44 iteration	(patience: 0)
Loss: -17.42046 Elpased: 0.3701s Converge: 0.009726 Tr: [0.07607, 0.01394, 0.11808] Val: [0.09518, 0.01872, 0.13683] Te: [0.10766, 0.01864, 0.13654]
45 iteration	(patience: 0)
Loss: -17.25440 Elpased: 0.3726s Converge: 0.009532 Tr: [0.07539, 0.01378, 0.11741] Val: [0.09460, 0.01857, 0.13626] Te: [0.10713, 0.01851, 0.13607]
46 iteration	(patience: 0)
Loss: -17.09315 Elpased: 0.3706s Converge: 0.009346 Tr: [0.07473, 0.01363, 0.11676] Val: [0.09404, 0.01842, 0.13571] Te: [0.10662, 0.01839, 0.13561]
47 iteration	(patience: 0)
Loss: -16.93647 Elpased: 0.3830s Converge: 0.009166 Tr: [0.07408, 0.01349, 0.11613] Val: [0.09349, 0.01827, 0.13518] Te: [0.10612, 0.01827, 0.13516]
48 iteration	(patience: 0)
Loss: -16.78417 Elpased: 0.3725s Converge: 0.008993 Tr: [0.07346, 0.01335, 0.11553] Val: [0.09297, 0.01814, 0.13468] Te: [0.10564, 0.01815, 0.13473]
49 iteration	(patience: 0)
Loss: -16.63603 Elpased: 0.3942s Converge: 0.008826 Tr: [0.07285, 0.01321, 0.11494] Val: [0.09245, 0.01801, 0.13419] Te: [0.10516, 0.01804, 0.13431]
50 iteration	(patience: 0)
Loss: -16.49188 Elpased: 0.3708s Converge: 0.008665 Tr: [0.07225, 0.01308, 0.11437] Val: [0.09196, 0.01788, 0.13371] Te: [0.10470, 0.01793, 0.13390]
51 iteration	(patience: 0)
Loss: -16.35154 Elpased: 0.3704s Converge: 0.008509 Tr: [0.07167, 0.01295, 0.11381] Val: [0.09147, 0.01776, 0.13326] Te: [0.10424, 0.01782, 0.13351]
52 iteration	(patience: 0)
Loss: -16.21485 Elpased: 0.3688s Converge: 0.008359 Tr: [0.07111, 0.01283, 0.11328] Val: [0.09100, 0.01764, 0.13282] Te: [0.10379, 0.01772, 0.13312]
53 iteration	(patience: 0)
Loss: -16.08167 Elpased: 0.3715s Converge: 0.008214 Tr: [0.07056, 0.01271, 0.11276] Val: [0.09055, 0.01753, 0.13239] Te: [0.10336, 0.01762, 0.13275]
54 iteration	(patience: 0)
Loss: -15.95183 Elpased: 0.3673s Converge: 0.008074 Tr: [0.07002, 0.01260, 0.11225] Val: [0.09010, 0.01742, 0.13198] Te: [0.10293, 0.01753, 0.13239]
55 iteration	(patience: 0)
Loss: -15.82521 Elpased: 0.3756s Converge: 0.007938 Tr: [0.06949, 0.01249, 0.11176] Val: [0.08967, 0.01731, 0.13158] Te: [0.10251, 0.01743, 0.13203]
56 iteration	(patience: 0)
Loss: -15.70168 Elpased: 0.4382s Converge: 0.007806 Tr: [0.06898, 0.01238, 0.11128] Val: [0.08924, 0.01721, 0.13119] Te: [0.10211, 0.01734, 0.13169]
57 iteration	(patience: 0)
Loss: -15.58112 Elpased: 0.3696s Converge: 0.007678 Tr: [0.06848, 0.01228, 0.11082] Val: [0.08884, 0.01711, 0.13082] Te: [0.10170, 0.01725, 0.13135]
58 iteration	(patience: 0)
Loss: -15.46340 Elpased: 0.3731s Converge: 0.007555 Tr: [0.06799, 0.01218, 0.11036] Val: [0.08844, 0.01702, 0.13045] Te: [0.10131, 0.01717, 0.13102]
59 iteration	(patience: 0)
Loss: -15.34843 Elpased: 0.3702s Converge: 0.007435 Tr: [0.06751, 0.01208, 0.10992] Val: [0.08806, 0.01693, 0.13010] Te: [0.10093, 0.01708, 0.13071]
60 iteration	(patience: 0)
Loss: -15.23610 Elpased: 0.3694s Converge: 0.007319 Tr: [0.06705, 0.01199, 0.10950] Val: [0.08768, 0.01684, 0.12976] Te: [0.10055, 0.01700, 0.13040]
61 iteration	(patience: 0)
Loss: -15.12632 Elpased: 0.3713s Converge: 0.007206 Tr: [0.06659, 0.01190, 0.10908] Val: [0.08731, 0.01675, 0.12943] Te: [0.10018, 0.01692, 0.13009]
62 iteration	(patience: 0)
Loss: -15.01898 Elpased: 0.3702s Converge: 0.007096 Tr: [0.06614, 0.01181, 0.10867] Val: [0.08695, 0.01667, 0.12911] Te: [0.09984, 0.01685, 0.12980]
63 iteration	(patience: 0)
Loss: -14.91400 Elpased: 0.3739s Converge: 0.006990 Tr: [0.06570, 0.01172, 0.10828] Val: [0.08660, 0.01659, 0.12880] Te: [0.09952, 0.01677, 0.12951]
64 iteration	(patience: 0)
Loss: -14.81130 Elpased: 0.3740s Converge: 0.006886 Tr: [0.06528, 0.01164, 0.10789] Val: [0.08626, 0.01651, 0.12849] Te: [0.09921, 0.01670, 0.12923]
65 iteration	(patience: 0)
Loss: -14.71080 Elpased: 0.3685s Converge: 0.006786 Tr: [0.06486, 0.01156, 0.10751] Val: [0.08593, 0.01643, 0.12820] Te: [0.09890, 0.01663, 0.12895]
66 iteration	(patience: 0)
Loss: -14.61242 Elpased: 0.3698s Converge: 0.006688 Tr: [0.06445, 0.01148, 0.10715] Val: [0.08560, 0.01636, 0.12791] Te: [0.09860, 0.01656, 0.12868]
67 iteration	(patience: 0)
Loss: -14.51609 Elpased: 0.3676s Converge: 0.006592 Tr: [0.06405, 0.01140, 0.10679] Val: [0.08528, 0.01629, 0.12763] Te: [0.09831, 0.01649, 0.12842]
68 iteration	(patience: 0)
Loss: -14.42174 Elpased: 0.3708s Converge: 0.006500 Tr: [0.06366, 0.01133, 0.10644] Val: [0.08497, 0.01622, 0.12736] Te: [0.09802, 0.01643, 0.12816]
69 iteration	(patience: 0)
Loss: -14.32930 Elpased: 0.3720s Converge: 0.006410 Tr: [0.06327, 0.01126, 0.10609] Val: [0.08466, 0.01615, 0.12710] Te: [0.09773, 0.01636, 0.12791]
70 iteration	(patience: 0)
Loss: -14.23872 Elpased: 0.3687s Converge: 0.006322 Tr: [0.06289, 0.01119, 0.10576] Val: [0.08436, 0.01609, 0.12684] Te: [0.09745, 0.01630, 0.12767]
71 iteration	(patience: 0)
Loss: -14.14992 Elpased: 0.3688s Converge: 0.006236 Tr: [0.06252, 0.01112, 0.10543] Val: [0.08407, 0.01602, 0.12659] Te: [0.09718, 0.01624, 0.12743]
72 iteration	(patience: 0)
Loss: -14.06287 Elpased: 0.3714s Converge: 0.006153 Tr: [0.06216, 0.01105, 0.10512] Val: [0.08378, 0.01596, 0.12634] Te: [0.09691, 0.01618, 0.12719]
73 iteration	(patience: 0)
Loss: -13.97749 Elpased: 0.3687s Converge: 0.006071 Tr: [0.06180, 0.01098, 0.10480] Val: [0.08350, 0.01590, 0.12611] Te: [0.09664, 0.01612, 0.12697]
74 iteration	(patience: 0)
Loss: -13.89374 Elpased: 0.3673s Converge: 0.005992 Tr: [0.06146, 0.01092, 0.10450] Val: [0.08322, 0.01584, 0.12587] Te: [0.09638, 0.01606, 0.12674]
75 iteration	(patience: 0)
Loss: -13.81156 Elpased: 0.3707s Converge: 0.005914 Tr: [0.06111, 0.01086, 0.10420] Val: [0.08295, 0.01579, 0.12565] Te: [0.09613, 0.01601, 0.12652]
76 iteration	(patience: 0)
Loss: -13.73092 Elpased: 0.3690s Converge: 0.005839 Tr: [0.06077, 0.01080, 0.10391] Val: [0.08268, 0.01573, 0.12543] Te: [0.09587, 0.01595, 0.12631]
77 iteration	(patience: 0)
Loss: -13.65176 Elpased: 0.3721s Converge: 0.005765 Tr: [0.06044, 0.01074, 0.10362] Val: [0.08242, 0.01568, 0.12521] Te: [0.09563, 0.01590, 0.12610]
78 iteration	(patience: 0)
Loss: -13.57404 Elpased: 0.3699s Converge: 0.005693 Tr: [0.06012, 0.01068, 0.10334] Val: [0.08217, 0.01563, 0.12500] Te: [0.09538, 0.01585, 0.12589]
79 iteration	(patience: 0)
Loss: -13.49772 Elpased: 0.3663s Converge: 0.005623 Tr: [0.05980, 0.01062, 0.10307] Val: [0.08192, 0.01557, 0.12480] Te: [0.09514, 0.01580, 0.12569]
80 iteration	(patience: 0)
Loss: -13.42275 Elpased: 0.3724s Converge: 0.005554 Tr: [0.05948, 0.01057, 0.10280] Val: [0.08167, 0.01552, 0.12460] Te: [0.09491, 0.01575, 0.12549]
81 iteration	(patience: 0)
Loss: -13.34910 Elpased: 0.3682s Converge: 0.005487 Tr: [0.05917, 0.01051, 0.10254] Val: [0.08143, 0.01548, 0.12440] Te: [0.09467, 0.01570, 0.12530]
82 iteration	(patience: 0)
Loss: -13.27673 Elpased: 0.3705s Converge: 0.005421 Tr: [0.05887, 0.01046, 0.10228] Val: [0.08119, 0.01543, 0.12421] Te: [0.09444, 0.01565, 0.12511]
83 iteration	(patience: 0)
Loss: -13.20561 Elpased: 0.5007s Converge: 0.005357 Tr: [0.05857, 0.01041, 0.10203] Val: [0.08096, 0.01538, 0.12402] Te: [0.09422, 0.01560, 0.12492]
84 iteration	(patience: 0)
Loss: -13.13569 Elpased: 0.3696s Converge: 0.005294 Tr: [0.05827, 0.01036, 0.10178] Val: [0.08073, 0.01534, 0.12384] Te: [0.09400, 0.01556, 0.12474]
85 iteration	(patience: 0)
Loss: -13.06695 Elpased: 0.3695s Converge: 0.005233 Tr: [0.05798, 0.01031, 0.10154] Val: [0.08050, 0.01529, 0.12366] Te: [0.09378, 0.01551, 0.12456]
86 iteration	(patience: 0)
Loss: -12.99935 Elpased: 0.3683s Converge: 0.005173 Tr: [0.05770, 0.01026, 0.10130] Val: [0.08028, 0.01525, 0.12349] Te: [0.09356, 0.01547, 0.12438]
87 iteration	(patience: 0)
Loss: -12.93287 Elpased: 0.3703s Converge: 0.005114 Tr: [0.05741, 0.01021, 0.10107] Val: [0.08006, 0.01521, 0.12332] Te: [0.09335, 0.01543, 0.12421]
88 iteration	(patience: 0)
Loss: -12.86747 Elpased: 0.3713s Converge: 0.005057 Tr: [0.05714, 0.01017, 0.10084] Val: [0.07985, 0.01517, 0.12315] Te: [0.09314, 0.01539, 0.12404]
89 iteration	(patience: 0)
Loss: -12.80313 Elpased: 0.3721s Converge: 0.005001 Tr: [0.05687, 0.01012, 0.10061] Val: [0.07964, 0.01513, 0.12299] Te: [0.09294, 0.01534, 0.12387]
90 iteration	(patience: 0)
Loss: -12.73981 Elpased: 0.3670s Converge: 0.004945 Tr: [0.05660, 0.01008, 0.10039] Val: [0.07943, 0.01509, 0.12283] Te: [0.09273, 0.01530, 0.12371]
91 iteration	(patience: 0)
Loss: -12.67749 Elpased: 0.3678s Converge: 0.004891 Tr: [0.05634, 0.01004, 0.10018] Val: [0.07923, 0.01505, 0.12268] Te: [0.09253, 0.01527, 0.12355]
92 iteration	(patience: 0)
Loss: -12.61615 Elpased: 0.3692s Converge: 0.004839 Tr: [0.05608, 0.00999, 0.09996] Val: [0.07902, 0.01501, 0.12253] Te: [0.09234, 0.01523, 0.12340]
93 iteration	(patience: 0)
Loss: -12.55576 Elpased: 0.3728s Converge: 0.004787 Tr: [0.05582, 0.00995, 0.09976] Val: [0.07883, 0.01498, 0.12238] Te: [0.09215, 0.01519, 0.12324]
94 iteration	(patience: 0)
Loss: -12.49630 Elpased: 0.3673s Converge: 0.004736 Tr: [0.05557, 0.00991, 0.09955] Val: [0.07863, 0.01494, 0.12223] Te: [0.09197, 0.01515, 0.12309]
95 iteration	(patience: 0)
Loss: -12.43774 Elpased: 0.3723s Converge: 0.004686 Tr: [0.05532, 0.00987, 0.09935] Val: [0.07844, 0.01491, 0.12209] Te: [0.09179, 0.01511, 0.12294]
96 iteration	(patience: 0)
Loss: -12.38006 Elpased: 0.3709s Converge: 0.004637 Tr: [0.05508, 0.00983, 0.09915] Val: [0.07825, 0.01487, 0.12195] Te: [0.09162, 0.01508, 0.12280]
97 iteration	(patience: 0)
Loss: -12.32324 Elpased: 0.3691s Converge: 0.004590 Tr: [0.05484, 0.00979, 0.09896] Val: [0.07807, 0.01484, 0.12181] Te: [0.09144, 0.01504, 0.12265]
98 iteration	(patience: 0)
Loss: -12.26726 Elpased: 0.3680s Converge: 0.004543 Tr: [0.05460, 0.00976, 0.09877] Val: [0.07788, 0.01481, 0.12168] Te: [0.09127, 0.01501, 0.12251]
99 iteration	(patience: 0)
Loss: -12.21210 Elpased: 0.3764s Converge: 0.004497 Tr: [0.05437, 0.00972, 0.09858] Val: [0.07770, 0.01477, 0.12155] Te: [0.09111, 0.01498, 0.12237]
100 iteration	(patience: 0)
Loss: -12.15774 Elpased: 0.3697s Converge: 0.004451 Tr: [0.05414, 0.00968, 0.09840] Val: [0.07753, 0.01474, 0.12142] Te: [0.09094, 0.01494, 0.12224]
101 iteration	(patience: 0)
Loss: -12.10415 Elpased: 0.3675s Converge: 0.004407 Tr: [0.05391, 0.00965, 0.09822] Val: [0.07735, 0.01471, 0.12129] Te: [0.09079, 0.01491, 0.12210]
102 iteration	(patience: 0)
Loss: -12.05134 Elpased: 0.3714s Converge: 0.004364 Tr: [0.05368, 0.00961, 0.09804] Val: [0.07718, 0.01468, 0.12117] Te: [0.09064, 0.01488, 0.12197]
103 iteration	(patience: 0)
Loss: -11.99926 Elpased: 0.3666s Converge: 0.004321 Tr: [0.05346, 0.00958, 0.09786] Val: [0.07701, 0.01465, 0.12105] Te: [0.09049, 0.01485, 0.12184]
104 iteration	(patience: 0)
Loss: -11.94792 Elpased: 0.3775s Converge: 0.004279 Tr: [0.05325, 0.00954, 0.09769] Val: [0.07684, 0.01462, 0.12093] Te: [0.09035, 0.01481, 0.12172]
105 iteration	(patience: 0)
Loss: -11.89728 Elpased: 0.3754s Converge: 0.004238 Tr: [0.05303, 0.00951, 0.09752] Val: [0.07669, 0.01460, 0.12081] Te: [0.09020, 0.01478, 0.12159]
106 iteration	(patience: 0)
Loss: -11.84734 Elpased: 0.3677s Converge: 0.004198 Tr: [0.05282, 0.00948, 0.09736] Val: [0.07654, 0.01457, 0.12070] Te: [0.09006, 0.01475, 0.12147]
107 iteration	(patience: 0)
Loss: -11.79808 Elpased: 0.3896s Converge: 0.004158 Tr: [0.05261, 0.00945, 0.09719] Val: [0.07639, 0.01454, 0.12059] Te: [0.08992, 0.01473, 0.12135]
108 iteration	(patience: 0)
Loss: -11.74949 Elpased: 0.3681s Converge: 0.004119 Tr: [0.05241, 0.00941, 0.09703] Val: [0.07625, 0.01451, 0.12048] Te: [0.08979, 0.01470, 0.12123]
109 iteration	(patience: 0)
Loss: -11.70155 Elpased: 0.3689s Converge: 0.004081 Tr: [0.05220, 0.00938, 0.09687] Val: [0.07610, 0.01449, 0.12037] Te: [0.08965, 0.01467, 0.12111]
110 iteration	(patience: 0)
Loss: -11.65424 Elpased: 0.3681s Converge: 0.004043 Tr: [0.05200, 0.00935, 0.09671] Val: [0.07596, 0.01446, 0.12026] Te: [0.08952, 0.01464, 0.12100]
111 iteration	(patience: 0)
Loss: -11.60755 Elpased: 0.3652s Converge: 0.004006 Tr: [0.05180, 0.00932, 0.09656] Val: [0.07582, 0.01444, 0.12016] Te: [0.08938, 0.01461, 0.12088]
112 iteration	(patience: 0)
Loss: -11.56148 Elpased: 0.3739s Converge: 0.003970 Tr: [0.05161, 0.00929, 0.09641] Val: [0.07569, 0.01441, 0.12006] Te: [0.08925, 0.01459, 0.12077]
113 iteration	(patience: 0)
Loss: -11.51600 Elpased: 0.3658s Converge: 0.003934 Tr: [0.05141, 0.00927, 0.09626] Val: [0.07557, 0.01439, 0.11996] Te: [0.08912, 0.01456, 0.12066]
114 iteration	(patience: 0)
Loss: -11.47110 Elpased: 0.3655s Converge: 0.003899 Tr: [0.05122, 0.00924, 0.09611] Val: [0.07545, 0.01437, 0.11986] Te: [0.08899, 0.01453, 0.12056]
115 iteration	(patience: 0)
Loss: -11.42677 Elpased: 0.3811s Converge: 0.003864 Tr: [0.05103, 0.00921, 0.09597] Val: [0.07533, 0.01434, 0.11977] Te: [0.08887, 0.01451, 0.12045]
116 iteration	(patience: 0)
Loss: -11.38301 Elpased: 0.3744s Converge: 0.003830 Tr: [0.05085, 0.00918, 0.09583] Val: [0.07521, 0.01432, 0.11967] Te: [0.08874, 0.01448, 0.12035]
117 iteration	(patience: 0)
Loss: -11.33979 Elpased: 0.3707s Converge: 0.003797 Tr: [0.05066, 0.00916, 0.09569] Val: [0.07510, 0.01430, 0.11958] Te: [0.08862, 0.01446, 0.12024]
118 iteration	(patience: 0)
Loss: -11.29711 Elpased: 0.3709s Converge: 0.003764 Tr: [0.05048, 0.00913, 0.09555] Val: [0.07499, 0.01428, 0.11949] Te: [0.08850, 0.01443, 0.12014]
119 iteration	(patience: 0)
Loss: -11.25496 Elpased: 0.3690s Converge: 0.003731 Tr: [0.05030, 0.00910, 0.09541] Val: [0.07487, 0.01426, 0.11940] Te: [0.08837, 0.01441, 0.12004]
120 iteration	(patience: 0)
Loss: -11.21332 Elpased: 0.3919s Converge: 0.003700 Tr: [0.05012, 0.00908, 0.09528] Val: [0.07476, 0.01424, 0.11931] Te: [0.08825, 0.01439, 0.11994]
121 iteration	(patience: 0)
Loss: -11.17218 Elpased: 0.3664s Converge: 0.003668 Tr: [0.04995, 0.00905, 0.09514] Val: [0.07465, 0.01422, 0.11923] Te: [0.08814, 0.01436, 0.11985]
122 iteration	(patience: 0)
Loss: -11.13155 Elpased: 0.3690s Converge: 0.003637 Tr: [0.04978, 0.00903, 0.09501] Val: [0.07454, 0.01420, 0.11915] Te: [0.08802, 0.01434, 0.11975]
123 iteration	(patience: 0)
Loss: -11.09140 Elpased: 0.3778s Converge: 0.003607 Tr: [0.04960, 0.00900, 0.09489] Val: [0.07444, 0.01418, 0.11906] Te: [0.08790, 0.01432, 0.11966]
124 iteration	(patience: 0)
Loss: -11.05172 Elpased: 0.3687s Converge: 0.003577 Tr: [0.04943, 0.00898, 0.09476] Val: [0.07433, 0.01416, 0.11898] Te: [0.08779, 0.01430, 0.11957]
125 iteration	(patience: 0)
Loss: -11.01251 Elpased: 0.3708s Converge: 0.003548 Tr: [0.04927, 0.00896, 0.09463] Val: [0.07423, 0.01414, 0.11890] Te: [0.08768, 0.01427, 0.11948]
126 iteration	(patience: 0)
Loss: -10.97376 Elpased: 0.3708s Converge: 0.003519 Tr: [0.04910, 0.00893, 0.09451] Val: [0.07412, 0.01412, 0.11882] Te: [0.08756, 0.01425, 0.11939]
127 iteration	(patience: 0)
Loss: -10.93546 Elpased: 0.3710s Converge: 0.003490 Tr: [0.04894, 0.00891, 0.09439] Val: [0.07402, 0.01410, 0.11875] Te: [0.08745, 0.01423, 0.11930]
128 iteration	(patience: 0)
Loss: -10.89760 Elpased: 0.3984s Converge: 0.003462 Tr: [0.04878, 0.00889, 0.09427] Val: [0.07392, 0.01408, 0.11867] Te: [0.08734, 0.01421, 0.11921]
129 iteration	(patience: 0)
Loss: -10.86017 Elpased: 0.3725s Converge: 0.003434 Tr: [0.04862, 0.00886, 0.09415] Val: [0.07382, 0.01407, 0.11860] Te: [0.08724, 0.01419, 0.11913]
130 iteration	(patience: 0)
Loss: -10.82317 Elpased: 0.3854s Converge: 0.003407 Tr: [0.04846, 0.00884, 0.09403] Val: [0.07372, 0.01405, 0.11852] Te: [0.08713, 0.01417, 0.11904]
131 iteration	(patience: 0)
Loss: -10.78658 Elpased: 0.3743s Converge: 0.003380 Tr: [0.04830, 0.00882, 0.09392] Val: [0.07362, 0.01403, 0.11845] Te: [0.08702, 0.01415, 0.11896]
132 iteration	(patience: 0)
Loss: -10.75040 Elpased: 0.3687s Converge: 0.003354 Tr: [0.04815, 0.00880, 0.09380] Val: [0.07352, 0.01401, 0.11838] Te: [0.08692, 0.01413, 0.11888]
133 iteration	(patience: 0)
Loss: -10.71463 Elpased: 0.3709s Converge: 0.003328 Tr: [0.04799, 0.00878, 0.09369] Val: [0.07343, 0.01400, 0.11831] Te: [0.08681, 0.01411, 0.11879]
134 iteration	(patience: 0)
Loss: -10.67925 Elpased: 0.3615s Converge: 0.003302 Tr: [0.04784, 0.00876, 0.09358] Val: [0.07333, 0.01398, 0.11825] Te: [0.08671, 0.01409, 0.11871]
135 iteration	(patience: 0)
Loss: -10.64425 Elpased: 0.3725s Converge: 0.003277 Tr: [0.04769, 0.00874, 0.09347] Val: [0.07324, 0.01397, 0.11818] Te: [0.08661, 0.01407, 0.11864]
136 iteration	(patience: 0)
Loss: -10.60964 Elpased: 0.3896s Converge: 0.003252 Tr: [0.04754, 0.00872, 0.09337] Val: [0.07314, 0.01395, 0.11811] Te: [0.08651, 0.01406, 0.11856]
137 iteration	(patience: 0)
Loss: -10.57540 Elpased: 0.5251s Converge: 0.003227 Tr: [0.04739, 0.00870, 0.09326] Val: [0.07305, 0.01394, 0.11805] Te: [0.08641, 0.01404, 0.11848]
138 iteration	(patience: 0)
Loss: -10.54153 Elpased: 0.3731s Converge: 0.003203 Tr: [0.04725, 0.00868, 0.09315] Val: [0.07296, 0.01392, 0.11799] Te: [0.08631, 0.01402, 0.11841]
139 iteration	(patience: 0)
Loss: -10.50802 Elpased: 0.3697s Converge: 0.003179 Tr: [0.04711, 0.00866, 0.09305] Val: [0.07287, 0.01391, 0.11792] Te: [0.08621, 0.01400, 0.11833]
140 iteration	(patience: 0)
Loss: -10.47486 Elpased: 0.3678s Converge: 0.003155 Tr: [0.04696, 0.00864, 0.09295] Val: [0.07278, 0.01389, 0.11786] Te: [0.08612, 0.01399, 0.11826]
141 iteration	(patience: 0)
Loss: -10.44205 Elpased: 0.3723s Converge: 0.003132 Tr: [0.04682, 0.00862, 0.09285] Val: [0.07269, 0.01388, 0.11780] Te: [0.08602, 0.01397, 0.11819]
142 iteration	(patience: 0)
Loss: -10.40958 Elpased: 0.3652s Converge: 0.003109 Tr: [0.04668, 0.00860, 0.09275] Val: [0.07260, 0.01386, 0.11774] Te: [0.08593, 0.01395, 0.11812]
143 iteration	(patience: 0)
Loss: -10.37745 Elpased: 0.3706s Converge: 0.003087 Tr: [0.04654, 0.00858, 0.09265] Val: [0.07252, 0.01385, 0.11768] Te: [0.08583, 0.01393, 0.11805]
144 iteration	(patience: 0)
Loss: -10.34565 Elpased: 0.3763s Converge: 0.003064 Tr: [0.04640, 0.00857, 0.09255] Val: [0.07243, 0.01384, 0.11763] Te: [0.08574, 0.01392, 0.11798]
145 iteration	(patience: 0)
Loss: -10.31418 Elpased: 0.3640s Converge: 0.003042 Tr: [0.04627, 0.00855, 0.09245] Val: [0.07235, 0.01382, 0.11757] Te: [0.08565, 0.01390, 0.11791]
146 iteration	(patience: 0)
Loss: -10.28302 Elpased: 0.3681s Converge: 0.003021 Tr: [0.04613, 0.00853, 0.09236] Val: [0.07226, 0.01381, 0.11752] Te: [0.08556, 0.01389, 0.11784]
147 iteration	(patience: 0)
Loss: -10.25218 Elpased: 0.3689s Converge: 0.002999 Tr: [0.04600, 0.00851, 0.09227] Val: [0.07218, 0.01380, 0.11746] Te: [0.08546, 0.01387, 0.11777]
148 iteration	(patience: 0)
Loss: -10.22165 Elpased: 0.3678s Converge: 0.002978 Tr: [0.04587, 0.00850, 0.09217] Val: [0.07210, 0.01378, 0.11741] Te: [0.08538, 0.01386, 0.11771]
149 iteration	(patience: 0)
Loss: -10.19143 Elpased: 0.3771s Converge: 0.002957 Tr: [0.04574, 0.00848, 0.09208] Val: [0.07201, 0.01377, 0.11735] Te: [0.08529, 0.01384, 0.11764]
150 iteration	(patience: 0)
Loss: -10.16150 Elpased: 0.3654s Converge: 0.002936 Tr: [0.04561, 0.00846, 0.09199] Val: [0.07193, 0.01376, 0.11730] Te: [0.08520, 0.01382, 0.11758]
151 iteration	(patience: 0)
Loss: -10.13187 Elpased: 0.3674s Converge: 0.002916 Tr: [0.04548, 0.00845, 0.09190] Val: [0.07185, 0.01375, 0.11725] Te: [0.08511, 0.01381, 0.11752]
152 iteration	(patience: 0)
Loss: -10.10253 Elpased: 0.3729s Converge: 0.002896 Tr: [0.04535, 0.00843, 0.09181] Val: [0.07178, 0.01374, 0.11720] Te: [0.08503, 0.01380, 0.11745]
153 iteration	(patience: 0)
Loss: -10.07347 Elpased: 0.3657s Converge: 0.002876 Tr: [0.04523, 0.00841, 0.09173] Val: [0.07171, 0.01372, 0.11715] Te: [0.08494, 0.01378, 0.11739]
154 iteration	(patience: 0)
Loss: -10.04469 Elpased: 0.3680s Converge: 0.002857 Tr: [0.04510, 0.00840, 0.09164] Val: [0.07164, 0.01371, 0.11710] Te: [0.08486, 0.01377, 0.11733]
155 iteration	(patience: 0)
Loss: -10.01619 Elpased: 0.3681s Converge: 0.002837 Tr: [0.04498, 0.00838, 0.09155] Val: [0.07157, 0.01370, 0.11706] Te: [0.08477, 0.01375, 0.11727]
156 iteration	(patience: 0)
Loss: -9.98796 Elpased: 0.3655s Converge: 0.002818 Tr: [0.04486, 0.00837, 0.09147] Val: [0.07150, 0.01369, 0.11701] Te: [0.08469, 0.01374, 0.11721]
157 iteration	(patience: 0)
Loss: -9.96000 Elpased: 0.3675s Converge: 0.002799 Tr: [0.04474, 0.00835, 0.09139] Val: [0.07143, 0.01368, 0.11696] Te: [0.08461, 0.01373, 0.11715]
158 iteration	(patience: 0)
Loss: -9.93231 Elpased: 0.3692s Converge: 0.002781 Tr: [0.04462, 0.00834, 0.09130] Val: [0.07136, 0.01367, 0.11692] Te: [0.08452, 0.01371, 0.11710]
159 iteration	(patience: 0)
Loss: -9.90487 Elpased: 0.3717s Converge: 0.002762 Tr: [0.04450, 0.00832, 0.09122] Val: [0.07130, 0.01366, 0.11687] Te: [0.08444, 0.01370, 0.11704]
160 iteration	(patience: 0)
Loss: -9.87769 Elpased: 0.3731s Converge: 0.002744 Tr: [0.04438, 0.00831, 0.09114] Val: [0.07123, 0.01365, 0.11683] Te: [0.08436, 0.01369, 0.11698]
161 iteration	(patience: 0)
Loss: -9.85076 Elpased: 0.3689s Converge: 0.002726 Tr: [0.04426, 0.00829, 0.09106] Val: [0.07116, 0.01364, 0.11679] Te: [0.08428, 0.01367, 0.11693]
162 iteration	(patience: 0)
Loss: -9.82407 Elpased: 0.3637s Converge: 0.002709 Tr: [0.04415, 0.00828, 0.09098] Val: [0.07110, 0.01363, 0.11674] Te: [0.08420, 0.01366, 0.11687]
163 iteration	(patience: 0)
Loss: -9.79764 Elpased: 0.3814s Converge: 0.002691 Tr: [0.04403, 0.00826, 0.09090] Val: [0.07103, 0.01362, 0.11670] Te: [0.08413, 0.01365, 0.11682]
164 iteration	(patience: 0)
Loss: -9.77144 Elpased: 0.3691s Converge: 0.002674 Tr: [0.04392, 0.00825, 0.09083] Val: [0.07097, 0.01361, 0.11666] Te: [0.08405, 0.01363, 0.11677]
165 iteration	(patience: 0)
Loss: -9.74548 Elpased: 0.3715s Converge: 0.002657 Tr: [0.04381, 0.00824, 0.09075] Val: [0.07090, 0.01360, 0.11662] Te: [0.08397, 0.01362, 0.11671]
166 iteration	(patience: 0)
Loss: -9.71975 Elpased: 0.3698s Converge: 0.002640 Tr: [0.04370, 0.00822, 0.09068] Val: [0.07084, 0.01359, 0.11658] Te: [0.08389, 0.01361, 0.11666]
167 iteration	(patience: 0)
Loss: -9.69425 Elpased: 0.3669s Converge: 0.002623 Tr: [0.04359, 0.00821, 0.09060] Val: [0.07078, 0.01358, 0.11654] Te: [0.08382, 0.01360, 0.11661]
168 iteration	(patience: 0)
Loss: -9.66898 Elpased: 0.3686s Converge: 0.002607 Tr: [0.04348, 0.00820, 0.09053] Val: [0.07071, 0.01357, 0.11650] Te: [0.08374, 0.01359, 0.11656]
169 iteration	(patience: 0)
Loss: -9.64393 Elpased: 0.3697s Converge: 0.002591 Tr: [0.04337, 0.00818, 0.09045] Val: [0.07065, 0.01356, 0.11646] Te: [0.08367, 0.01357, 0.11651]
170 iteration	(patience: 0)
Loss: -9.61911 Elpased: 0.3720s Converge: 0.002574 Tr: [0.04326, 0.00817, 0.09038] Val: [0.07059, 0.01356, 0.11643] Te: [0.08360, 0.01356, 0.11646]
171 iteration	(patience: 0)
Loss: -9.59449 Elpased: 0.3740s Converge: 0.002559 Tr: [0.04315, 0.00816, 0.09031] Val: [0.07053, 0.01355, 0.11639] Te: [0.08352, 0.01355, 0.11641]
172 iteration	(patience: 0)
Loss: -9.57010 Elpased: 0.3707s Converge: 0.002543 Tr: [0.04305, 0.00814, 0.09024] Val: [0.07047, 0.01354, 0.11635] Te: [0.08345, 0.01354, 0.11636]
173 iteration	(patience: 0)
Loss: -9.54591 Elpased: 0.3671s Converge: 0.002527 Tr: [0.04294, 0.00813, 0.09017] Val: [0.07041, 0.01353, 0.11632] Te: [0.08338, 0.01353, 0.11631]
174 iteration	(patience: 0)
Loss: -9.52193 Elpased: 0.3813s Converge: 0.002512 Tr: [0.04284, 0.00812, 0.09010] Val: [0.07035, 0.01352, 0.11628] Te: [0.08331, 0.01352, 0.11627]
175 iteration	(patience: 0)
Loss: -9.49816 Elpased: 0.3659s Converge: 0.002497 Tr: [0.04274, 0.00811, 0.09003] Val: [0.07029, 0.01351, 0.11625] Te: [0.08324, 0.01351, 0.11622]
176 iteration	(patience: 0)
Loss: -9.47459 Elpased: 0.3789s Converge: 0.002482 Tr: [0.04263, 0.00809, 0.08996] Val: [0.07024, 0.01351, 0.11621] Te: [0.08317, 0.01350, 0.11618]
177 iteration	(patience: 0)
Loss: -9.45122 Elpased: 0.3669s Converge: 0.002467 Tr: [0.04253, 0.00808, 0.08990] Val: [0.07019, 0.01350, 0.11618] Te: [0.08310, 0.01349, 0.11613]
178 iteration	(patience: 0)
Loss: -9.42804 Elpased: 0.3668s Converge: 0.002452 Tr: [0.04243, 0.00807, 0.08983] Val: [0.07015, 0.01349, 0.11615] Te: [0.08303, 0.01348, 0.11608]
179 iteration	(patience: 0)
Loss: -9.40506 Elpased: 0.3773s Converge: 0.002438 Tr: [0.04233, 0.00806, 0.08976] Val: [0.07010, 0.01348, 0.11612] Te: [0.08296, 0.01347, 0.11604]
180 iteration	(patience: 0)
Loss: -9.38227 Elpased: 0.3660s Converge: 0.002423 Tr: [0.04223, 0.00805, 0.08970] Val: [0.07005, 0.01348, 0.11608] Te: [0.08289, 0.01346, 0.11600]
181 iteration	(patience: 0)
Loss: -9.35967 Elpased: 0.3909s Converge: 0.002409 Tr: [0.04213, 0.00803, 0.08963] Val: [0.07000, 0.01347, 0.11605] Te: [0.08282, 0.01345, 0.11595]
182 iteration	(patience: 0)
Loss: -9.33725 Elpased: 0.3704s Converge: 0.002395 Tr: [0.04204, 0.00802, 0.08957] Val: [0.06995, 0.01346, 0.11602] Te: [0.08276, 0.01344, 0.11591]
183 iteration	(patience: 0)
Loss: -9.31502 Elpased: 0.3642s Converge: 0.002381 Tr: [0.04194, 0.00801, 0.08951] Val: [0.06991, 0.01345, 0.11599] Te: [0.08269, 0.01343, 0.11587]
184 iteration	(patience: 0)
Loss: -9.29297 Elpased: 0.3803s Converge: 0.002367 Tr: [0.04184, 0.00800, 0.08944] Val: [0.06986, 0.01345, 0.11596] Te: [0.08262, 0.01342, 0.11583]
185 iteration	(patience: 0)
Loss: -9.27110 Elpased: 0.3612s Converge: 0.002354 Tr: [0.04175, 0.00799, 0.08938] Val: [0.06981, 0.01344, 0.11593] Te: [0.08256, 0.01341, 0.11579]
186 iteration	(patience: 0)
Loss: -9.24940 Elpased: 0.3672s Converge: 0.002340 Tr: [0.04165, 0.00798, 0.08932] Val: [0.06977, 0.01343, 0.11590] Te: [0.08249, 0.01340, 0.11574]
187 iteration	(patience: 0)
Loss: -9.22788 Elpased: 0.3984s Converge: 0.002327 Tr: [0.04156, 0.00797, 0.08926] Val: [0.06972, 0.01343, 0.11587] Te: [0.08243, 0.01339, 0.11570]
188 iteration	(patience: 0)
Loss: -9.20653 Elpased: 0.3684s Converge: 0.002314 Tr: [0.04147, 0.00796, 0.08920] Val: [0.06968, 0.01342, 0.11585] Te: [0.08237, 0.01338, 0.11566]
189 iteration	(patience: 0)
Loss: -9.18534 Elpased: 0.3691s Converge: 0.002301 Tr: [0.04137, 0.00795, 0.08914] Val: [0.06963, 0.01341, 0.11582] Te: [0.08230, 0.01337, 0.11562]
190 iteration	(patience: 0)
Loss: -9.16433 Elpased: 0.3706s Converge: 0.002288 Tr: [0.04128, 0.00794, 0.08908] Val: [0.06959, 0.01341, 0.11579] Te: [0.08224, 0.01336, 0.11559]
191 iteration	(patience: 0)
Loss: -9.14348 Elpased: 0.4913s Converge: 0.002275 Tr: [0.04119, 0.00793, 0.08902] Val: [0.06954, 0.01340, 0.11576] Te: [0.08218, 0.01335, 0.11555]
192 iteration	(patience: 0)
Loss: -9.12279 Elpased: 0.3716s Converge: 0.002262 Tr: [0.04110, 0.00791, 0.08897] Val: [0.06950, 0.01340, 0.11574] Te: [0.08211, 0.01334, 0.11551]
193 iteration	(patience: 0)
Loss: -9.10227 Elpased: 0.3640s Converge: 0.002250 Tr: [0.04101, 0.00790, 0.08891] Val: [0.06946, 0.01339, 0.11571] Te: [0.08205, 0.01333, 0.11547]
194 iteration	(patience: 0)
Loss: -9.08190 Elpased: 0.3656s Converge: 0.002238 Tr: [0.04092, 0.00789, 0.08885] Val: [0.06941, 0.01338, 0.11569] Te: [0.08199, 0.01333, 0.11543]
195 iteration	(patience: 0)
Loss: -9.06169 Elpased: 0.4084s Converge: 0.002225 Tr: [0.04083, 0.00788, 0.08879] Val: [0.06937, 0.01338, 0.11566] Te: [0.08193, 0.01332, 0.11540]
196 iteration	(patience: 0)
Loss: -9.04164 Elpased: 0.3716s Converge: 0.002213 Tr: [0.04075, 0.00787, 0.08874] Val: [0.06933, 0.01337, 0.11564] Te: [0.08187, 0.01331, 0.11536]
197 iteration	(patience: 0)
Loss: -9.02174 Elpased: 0.3988s Converge: 0.002201 Tr: [0.04066, 0.00786, 0.08868] Val: [0.06928, 0.01337, 0.11561] Te: [0.08181, 0.01330, 0.11533]
198 iteration	(patience: 0)
Loss: -9.00199 Elpased: 0.3655s Converge: 0.002189 Tr: [0.04057, 0.00786, 0.08863] Val: [0.06924, 0.01336, 0.11559] Te: [0.08175, 0.01329, 0.11529]
199 iteration	(patience: 0)
Loss: -8.98238 Elpased: 0.3691s Converge: 0.002178 Tr: [0.04049, 0.00785, 0.08857] Val: [0.06920, 0.01335, 0.11556] Te: [0.08169, 0.01328, 0.11525]
